{"/Users/jurriaanhartog/Development/juicetokens/src/protocol/lifecycle/TokenCreationAdapter.ts": {"path":"/Users/jurriaanhartog/Development/juicetokens/src/protocol/lifecycle/TokenCreationAdapter.ts","statementMap":{"0":{"start":{"line":2,"column":0},"end":{"line":2,"column":36}},"1":{"start":{"line":3,"column":0},"end":{"line":3,"column":42}},"2":{"start":{"line":4,"column":0},"end":{"line":4,"column":null}},"3":{"start":{"line":28,"column":19},"end":{"line":28,"column":38}},"4":{"start":{"line":29,"column":19},"end":{"line":29,"column":39}},"5":{"start":{"line":30,"column":19},"end":{"line":30,"column":41}},"6":{"start":{"line":31,"column":19},"end":{"line":31,"column":43}},"7":{"start":{"line":32,"column":19},"end":{"line":32,"column":78}},"8":{"start":{"line":41,"column":29},"end":{"line":41,"column":63}},"9":{"start":{"line":42,"column":4},"end":{"line":47,"column":5}},"10":{"start":{"line":43,"column":6},"end":{"line":46,"column":8}},"11":{"start":{"line":49,"column":32},"end":{"line":49,"column":34}},"12":{"start":{"line":50,"column":16},"end":{"line":50,"column":26}},"13":{"start":{"line":53,"column":28},"end":{"line":53,"column":60}},"14":{"start":{"line":56,"column":4},"end":{"line":81,"column":5}},"15":{"start":{"line":56,"column":17},"end":{"line":56,"column":18}},"16":{"start":{"line":57,"column":20},"end":{"line":57,"column":58}},"17":{"start":{"line":60,"column":52},"end":{"line":67,"column":8}},"18":{"start":{"line":70,"column":31},"end":{"line":78,"column":8}},"19":{"start":{"line":80,"column":6},"end":{"line":80,"column":21}},"20":{"start":{"line":83,"column":4},"end":{"line":86,"column":6}},"21":{"start":{"line":95,"column":49},"end":{"line":95,"column":51}},"22":{"start":{"line":98,"column":4},"end":{"line":104,"column":5}},"23":{"start":{"line":99,"column":6},"end":{"line":103,"column":9}},"24":{"start":{"line":106,"column":4},"end":{"line":112,"column":5}},"25":{"start":{"line":107,"column":6},"end":{"line":111,"column":9}},"26":{"start":{"line":115,"column":4},"end":{"line":121,"column":5}},"27":{"start":{"line":116,"column":6},"end":{"line":120,"column":9}},"28":{"start":{"line":123,"column":4},"end":{"line":128,"column":5}},"29":{"start":{"line":124,"column":6},"end":{"line":127,"column":8}},"30":{"start":{"line":131,"column":38},"end":{"line":134,"column":6}},"31":{"start":{"line":136,"column":4},"end":{"line":139,"column":6}},"32":{"start":{"line":151,"column":49},"end":{"line":151,"column":51}},"33":{"start":{"line":154,"column":4},"end":{"line":165,"column":5}},"34":{"start":{"line":155,"column":6},"end":{"line":159,"column":9}},"35":{"start":{"line":161,"column":6},"end":{"line":164,"column":8}},"36":{"start":{"line":168,"column":4},"end":{"line":179,"column":5}},"37":{"start":{"line":169,"column":6},"end":{"line":173,"column":9}},"38":{"start":{"line":175,"column":6},"end":{"line":178,"column":8}},"39":{"start":{"line":182,"column":40},"end":{"line":189,"column":6}},"40":{"start":{"line":192,"column":44},"end":{"line":200,"column":6}},"41":{"start":{"line":203,"column":52},"end":{"line":211,"column":6}},"42":{"start":{"line":213,"column":4},"end":{"line":216,"column":6}},"43":{"start":{"line":230,"column":4},"end":{"line":239,"column":5}},"44":{"start":{"line":231,"column":6},"end":{"line":238,"column":8}},"45":{"start":{"line":241,"column":16},"end":{"line":241,"column":26}},"46":{"start":{"line":246,"column":4},"end":{"line":276,"column":5}},"47":{"start":{"line":248,"column":8},"end":{"line":248,"column":60}},"48":{"start":{"line":249,"column":8},"end":{"line":249,"column":34}},"49":{"start":{"line":250,"column":8},"end":{"line":250,"column":14}},"50":{"start":{"line":253,"column":8},"end":{"line":253,"column":60}},"51":{"start":{"line":254,"column":8},"end":{"line":254,"column":34}},"52":{"start":{"line":255,"column":8},"end":{"line":255,"column":14}},"53":{"start":{"line":258,"column":8},"end":{"line":258,"column":60}},"54":{"start":{"line":259,"column":8},"end":{"line":259,"column":34}},"55":{"start":{"line":260,"column":8},"end":{"line":260,"column":14}},"56":{"start":{"line":263,"column":8},"end":{"line":263,"column":36}},"57":{"start":{"line":264,"column":8},"end":{"line":264,"column":35}},"58":{"start":{"line":265,"column":8},"end":{"line":265,"column":14}},"59":{"start":{"line":268,"column":8},"end":{"line":275,"column":10}},"60":{"start":{"line":279,"column":41},"end":{"line":285,"column":6}},"61":{"start":{"line":287,"column":4},"end":{"line":290,"column":6}},"62":{"start":{"line":299,"column":49},"end":{"line":299,"column":51}},"63":{"start":{"line":302,"column":4},"end":{"line":308,"column":5}},"64":{"start":{"line":303,"column":6},"end":{"line":307,"column":9}},"65":{"start":{"line":311,"column":4},"end":{"line":317,"column":5}},"66":{"start":{"line":312,"column":6},"end":{"line":316,"column":9}},"67":{"start":{"line":320,"column":4},"end":{"line":327,"column":5}},"68":{"start":{"line":322,"column":6},"end":{"line":326,"column":9}},"69":{"start":{"line":329,"column":4},"end":{"line":334,"column":5}},"70":{"start":{"line":330,"column":6},"end":{"line":333,"column":8}},"71":{"start":{"line":337,"column":45},"end":{"line":340,"column":6}},"72":{"start":{"line":342,"column":4},"end":{"line":345,"column":6}},"73":{"start":{"line":356,"column":39},"end":{"line":356,"column":41}},"74":{"start":{"line":359,"column":4},"end":{"line":365,"column":5}},"75":{"start":{"line":360,"column":6},"end":{"line":364,"column":9}},"76":{"start":{"line":368,"column":4},"end":{"line":374,"column":5}},"77":{"start":{"line":369,"column":6},"end":{"line":373,"column":9}},"78":{"start":{"line":377,"column":4},"end":{"line":383,"column":5}},"79":{"start":{"line":378,"column":6},"end":{"line":382,"column":9}},"80":{"start":{"line":386,"column":4},"end":{"line":392,"column":5}},"81":{"start":{"line":387,"column":6},"end":{"line":391,"column":9}},"82":{"start":{"line":394,"column":4},"end":{"line":400,"column":5}},"83":{"start":{"line":395,"column":6},"end":{"line":399,"column":9}},"84":{"start":{"line":403,"column":4},"end":{"line":409,"column":5}},"85":{"start":{"line":404,"column":6},"end":{"line":408,"column":9}},"86":{"start":{"line":411,"column":4},"end":{"line":411,"column":18}},"87":{"start":{"line":422,"column":4},"end":{"line":422,"column":63}},"88":{"start":{"line":432,"column":17},"end":{"line":432,"column":47}},"89":{"start":{"line":433,"column":22},"end":{"line":433,"column":29}},"90":{"start":{"line":436,"column":4},"end":{"line":438,"column":67}},"91":{"start":{"line":452,"column":4},"end":{"line":457,"column":6}},"92":{"start":{"line":27,"column":0},"end":{"line":27,"column":13}}},"fnMap":{"0":{"name":"(anonymous_0)","decl":{"start":{"line":27,"column":0},"end":{"line":27,"column":13}},"loc":{"start":{"line":27,"column":0},"end":{"line":459,"column":1}}},"1":{"name":"(anonymous_1)","decl":{"start":{"line":39,"column":9},"end":{"line":39,"column":14}},"loc":{"start":{"line":39,"column":50},"end":{"line":87,"column":3}}},"2":{"name":"(anonymous_2)","decl":{"start":{"line":94,"column":9},"end":{"line":94,"column":14}},"loc":{"start":{"line":94,"column":83},"end":{"line":140,"column":3}}},"3":{"name":"(anonymous_3)","decl":{"start":{"line":147,"column":9},"end":{"line":147,"column":14}},"loc":{"start":{"line":149,"column":34},"end":{"line":217,"column":3}}},"4":{"name":"(anonymous_4)","decl":{"start":{"line":225,"column":9},"end":{"line":225,"column":29}},"loc":{"start":{"line":227,"column":29},"end":{"line":291,"column":3}}},"5":{"name":"(anonymous_5)","decl":{"start":{"line":298,"column":9},"end":{"line":298,"column":32}},"loc":{"start":{"line":298,"column":75},"end":{"line":346,"column":3}}},"6":{"name":"(anonymous_6)","decl":{"start":{"line":355,"column":10},"end":{"line":355,"column":31}},"loc":{"start":{"line":355,"column":54},"end":{"line":412,"column":3}}},"7":{"name":"(anonymous_7)","decl":{"start":{"line":420,"column":10},"end":{"line":420,"column":30}},"loc":{"start":{"line":420,"column":75},"end":{"line":423,"column":3}}},"8":{"name":"(anonymous_8)","decl":{"start":{"line":430,"column":10},"end":{"line":430,"column":31}},"loc":{"start":{"line":430,"column":57},"end":{"line":439,"column":3}}},"9":{"name":"(anonymous_9)","decl":{"start":{"line":447,"column":10},"end":{"line":447,"column":36}},"loc":{"start":{"line":449,"column":35},"end":{"line":458,"column":3}}}},"branchMap":{"0":{"loc":{"start":{"line":42,"column":4},"end":{"line":47,"column":5}},"type":"if","locations":[{"start":{"line":42,"column":4},"end":{"line":47,"column":5}}]},"1":{"loc":{"start":{"line":98,"column":4},"end":{"line":104,"column":5}},"type":"if","locations":[{"start":{"line":98,"column":4},"end":{"line":104,"column":5}}]},"2":{"loc":{"start":{"line":98,"column":8},"end":{"line":98,"column":74}},"type":"binary-expr","locations":[{"start":{"line":98,"column":8},"end":{"line":98,"column":25}},{"start":{"line":98,"column":29},"end":{"line":98,"column":74}}]},"3":{"loc":{"start":{"line":106,"column":4},"end":{"line":112,"column":5}},"type":"if","locations":[{"start":{"line":106,"column":4},"end":{"line":112,"column":5}}]},"4":{"loc":{"start":{"line":115,"column":4},"end":{"line":121,"column":5}},"type":"if","locations":[{"start":{"line":115,"column":4},"end":{"line":121,"column":5}}]},"5":{"loc":{"start":{"line":115,"column":8},"end":{"line":115,"column":78}},"type":"binary-expr","locations":[{"start":{"line":115,"column":8},"end":{"line":115,"column":36}},{"start":{"line":115,"column":40},"end":{"line":115,"column":78}}]},"6":{"loc":{"start":{"line":123,"column":4},"end":{"line":128,"column":5}},"type":"if","locations":[{"start":{"line":123,"column":4},"end":{"line":128,"column":5}}]},"7":{"loc":{"start":{"line":154,"column":4},"end":{"line":165,"column":5}},"type":"if","locations":[{"start":{"line":154,"column":4},"end":{"line":165,"column":5}}]},"8":{"loc":{"start":{"line":168,"column":4},"end":{"line":179,"column":5}},"type":"if","locations":[{"start":{"line":168,"column":4},"end":{"line":179,"column":5}}]},"9":{"loc":{"start":{"line":230,"column":4},"end":{"line":239,"column":5}},"type":"if","locations":[{"start":{"line":230,"column":4},"end":{"line":239,"column":5}}]},"10":{"loc":{"start":{"line":246,"column":4},"end":{"line":276,"column":5}},"type":"switch","locations":[{"start":{"line":247,"column":6},"end":{"line":250,"column":14}},{"start":{"line":252,"column":6},"end":{"line":255,"column":14}},{"start":{"line":257,"column":6},"end":{"line":260,"column":14}},{"start":{"line":262,"column":6},"end":{"line":265,"column":14}},{"start":{"line":267,"column":6},"end":{"line":275,"column":10}}]},"11":{"loc":{"start":{"line":302,"column":4},"end":{"line":308,"column":5}},"type":"if","locations":[{"start":{"line":302,"column":4},"end":{"line":308,"column":5}}]},"12":{"loc":{"start":{"line":311,"column":4},"end":{"line":317,"column":5}},"type":"if","locations":[{"start":{"line":311,"column":4},"end":{"line":317,"column":5}}]},"13":{"loc":{"start":{"line":320,"column":4},"end":{"line":327,"column":5}},"type":"if","locations":[{"start":{"line":320,"column":4},"end":{"line":327,"column":5}}]},"14":{"loc":{"start":{"line":320,"column":8},"end":{"line":321,"column":72}},"type":"binary-expr","locations":[{"start":{"line":320,"column":8},"end":{"line":320,"column":57}},{"start":{"line":321,"column":9},"end":{"line":321,"column":33}},{"start":{"line":321,"column":37},"end":{"line":321,"column":71}}]},"15":{"loc":{"start":{"line":329,"column":4},"end":{"line":334,"column":5}},"type":"if","locations":[{"start":{"line":329,"column":4},"end":{"line":334,"column":5}}]},"16":{"loc":{"start":{"line":359,"column":4},"end":{"line":365,"column":5}},"type":"if","locations":[{"start":{"line":359,"column":4},"end":{"line":365,"column":5}}]},"17":{"loc":{"start":{"line":368,"column":4},"end":{"line":374,"column":5}},"type":"if","locations":[{"start":{"line":368,"column":4},"end":{"line":374,"column":5}}]},"18":{"loc":{"start":{"line":377,"column":4},"end":{"line":383,"column":5}},"type":"if","locations":[{"start":{"line":377,"column":4},"end":{"line":383,"column":5}}]},"19":{"loc":{"start":{"line":386,"column":4},"end":{"line":392,"column":5}},"type":"if","locations":[{"start":{"line":386,"column":4},"end":{"line":392,"column":5}}]},"20":{"loc":{"start":{"line":386,"column":8},"end":{"line":386,"column":80}},"type":"binary-expr","locations":[{"start":{"line":386,"column":8},"end":{"line":386,"column":28}},{"start":{"line":386,"column":32},"end":{"line":386,"column":80}}]},"21":{"loc":{"start":{"line":394,"column":4},"end":{"line":400,"column":5}},"type":"if","locations":[{"start":{"line":394,"column":4},"end":{"line":400,"column":5}}]},"22":{"loc":{"start":{"line":394,"column":8},"end":{"line":394,"column":79}},"type":"binary-expr","locations":[{"start":{"line":394,"column":8},"end":{"line":394,"column":27}},{"start":{"line":394,"column":31},"end":{"line":394,"column":79}}]},"23":{"loc":{"start":{"line":403,"column":4},"end":{"line":409,"column":5}},"type":"if","locations":[{"start":{"line":403,"column":4},"end":{"line":409,"column":5}}]},"24":{"loc":{"start":{"line":403,"column":8},"end":{"line":403,"column":74}},"type":"binary-expr","locations":[{"start":{"line":403,"column":8},"end":{"line":403,"column":33}},{"start":{"line":403,"column":37},"end":{"line":403,"column":74}}]}},"s":{"0":1,"1":1,"2":1,"3":1,"4":1,"5":1,"6":1,"7":1,"8":1,"9":1,"10":0,"11":1,"12":1,"13":1,"14":1,"15":1,"16":3,"17":3,"18":3,"19":3,"20":1,"21":0,"22":0,"23":0,"24":0,"25":0,"26":0,"27":0,"28":0,"29":0,"30":0,"31":0,"32":1,"33":1,"34":0,"35":0,"36":1,"37":0,"38":0,"39":1,"40":1,"41":1,"42":1,"43":4,"44":0,"45":4,"46":4,"47":1,"48":1,"49":1,"50":1,"51":1,"52":1,"53":1,"54":1,"55":1,"56":1,"57":1,"58":1,"59":0,"60":4,"61":4,"62":0,"63":0,"64":0,"65":0,"66":0,"67":0,"68":0,"69":0,"70":0,"71":0,"72":0,"73":1,"74":1,"75":0,"76":1,"77":0,"78":1,"79":0,"80":1,"81":0,"82":1,"83":0,"84":1,"85":0,"86":1,"87":3,"88":1,"89":1,"90":1,"91":1,"92":1},"f":{"0":1,"1":1,"2":0,"3":1,"4":4,"5":0,"6":1,"7":3,"8":1,"9":1},"b":{"0":[0],"1":[0],"2":[0,0],"3":[0],"4":[0],"5":[0,0],"6":[0],"7":[0],"8":[0],"9":[0],"10":[1,1,1,1,0],"11":[0],"12":[0],"13":[0],"14":[0,0,0],"15":[0],"16":[0],"17":[0],"18":[0],"19":[0],"20":[1,1],"21":[0],"22":[1,1],"23":[0],"24":[1,1]}}
,"/Users/jurriaanhartog/Development/juicetokens/src/protocol/lifecycle/TokenRenewalAdapter.ts": {"path":"/Users/jurriaanhartog/Development/juicetokens/src/protocol/lifecycle/TokenRenewalAdapter.ts","statementMap":{"0":{"start":{"line":2,"column":0},"end":{"line":2,"column":36}},"1":{"start":{"line":3,"column":0},"end":{"line":3,"column":47}},"2":{"start":{"line":4,"column":0},"end":{"line":4,"column":null}},"3":{"start":{"line":20,"column":19},"end":{"line":20,"column":45}},"4":{"start":{"line":21,"column":19},"end":{"line":21,"column":61}},"5":{"start":{"line":22,"column":19},"end":{"line":30,"column":4}},"6":{"start":{"line":42,"column":49},"end":{"line":42,"column":51}},"7":{"start":{"line":43,"column":39},"end":{"line":43,"column":41}},"8":{"start":{"line":45,"column":4},"end":{"line":56,"column":5}},"9":{"start":{"line":46,"column":6},"end":{"line":50,"column":9}},"10":{"start":{"line":52,"column":6},"end":{"line":55,"column":8}},"11":{"start":{"line":58,"column":21},"end":{"line":58,"column":40}},"12":{"start":{"line":59,"column":35},"end":{"line":63,"column":6}},"13":{"start":{"line":66,"column":31},"end":{"line":66,"column":58}},"14":{"start":{"line":68,"column":4},"end":{"line":87,"column":5}},"15":{"start":{"line":69,"column":27},"end":{"line":69,"column":56}},"16":{"start":{"line":72,"column":6},"end":{"line":72,"column":38}},"17":{"start":{"line":72,"column":29},"end":{"line":72,"column":38}},"18":{"start":{"line":75,"column":6},"end":{"line":86,"column":7}},"19":{"start":{"line":76,"column":8},"end":{"line":85,"column":9}},"20":{"start":{"line":77,"column":32},"end":{"line":77,"column":66}},"21":{"start":{"line":79,"column":10},"end":{"line":81,"column":11}},"22":{"start":{"line":80,"column":12},"end":{"line":80,"column":54}},"23":{"start":{"line":83,"column":10},"end":{"line":83,"column":63}},"24":{"start":{"line":84,"column":10},"end":{"line":84,"column":16}},"25":{"start":{"line":90,"column":4},"end":{"line":103,"column":5}},"26":{"start":{"line":91,"column":29},"end":{"line":94,"column":9}},"27":{"start":{"line":91,"column":49},"end":{"line":94,"column":8}},"28":{"start":{"line":96,"column":6},"end":{"line":102,"column":9}},"29":{"start":{"line":105,"column":4},"end":{"line":108,"column":6}},"30":{"start":{"line":117,"column":39},"end":{"line":117,"column":41}},"31":{"start":{"line":120,"column":4},"end":{"line":126,"column":5}},"32":{"start":{"line":121,"column":6},"end":{"line":125,"column":9}},"33":{"start":{"line":129,"column":4},"end":{"line":135,"column":5}},"34":{"start":{"line":130,"column":6},"end":{"line":134,"column":9}},"35":{"start":{"line":138,"column":4},"end":{"line":144,"column":5}},"36":{"start":{"line":139,"column":6},"end":{"line":143,"column":9}},"37":{"start":{"line":146,"column":4},"end":{"line":151,"column":5}},"38":{"start":{"line":147,"column":6},"end":{"line":150,"column":8}},"39":{"start":{"line":153,"column":4},"end":{"line":156,"column":6}},"40":{"start":{"line":171,"column":39},"end":{"line":171,"column":41}},"41":{"start":{"line":174,"column":4},"end":{"line":185,"column":5}},"42":{"start":{"line":175,"column":6},"end":{"line":179,"column":9}},"43":{"start":{"line":181,"column":6},"end":{"line":184,"column":8}},"44":{"start":{"line":188,"column":21},"end":{"line":188,"column":22}},"45":{"start":{"line":189,"column":36},"end":{"line":189,"column":38}},"46":{"start":{"line":191,"column":4},"end":{"line":197,"column":5}},"47":{"start":{"line":192,"column":6},"end":{"line":196,"column":7}},"48":{"start":{"line":193,"column":8},"end":{"line":193,"column":37}},"49":{"start":{"line":195,"column":8},"end":{"line":195,"column":49}},"50":{"start":{"line":199,"column":4},"end":{"line":210,"column":5}},"51":{"start":{"line":200,"column":6},"end":{"line":204,"column":9}},"52":{"start":{"line":206,"column":6},"end":{"line":209,"column":8}},"53":{"start":{"line":213,"column":19},"end":{"line":213,"column":63}},"54":{"start":{"line":216,"column":47},"end":{"line":223,"column":6}},"55":{"start":{"line":225,"column":4},"end":{"line":228,"column":6}},"56":{"start":{"line":243,"column":39},"end":{"line":243,"column":41}},"57":{"start":{"line":246,"column":4},"end":{"line":252,"column":5}},"58":{"start":{"line":247,"column":6},"end":{"line":251,"column":9}},"59":{"start":{"line":254,"column":4},"end":{"line":260,"column":5}},"60":{"start":{"line":255,"column":6},"end":{"line":259,"column":9}},"61":{"start":{"line":262,"column":4},"end":{"line":268,"column":5}},"62":{"start":{"line":263,"column":6},"end":{"line":267,"column":9}},"63":{"start":{"line":270,"column":4},"end":{"line":275,"column":5}},"64":{"start":{"line":271,"column":6},"end":{"line":274,"column":8}},"65":{"start":{"line":277,"column":16},"end":{"line":277,"column":26}},"66":{"start":{"line":280,"column":23},"end":{"line":280,"column":64}},"67":{"start":{"line":283,"column":59},"end":{"line":296,"column":6}},"68":{"start":{"line":298,"column":4},"end":{"line":301,"column":6}},"69":{"start":{"line":312,"column":39},"end":{"line":312,"column":41}},"70":{"start":{"line":315,"column":4},"end":{"line":321,"column":5}},"71":{"start":{"line":316,"column":6},"end":{"line":320,"column":9}},"72":{"start":{"line":324,"column":16},"end":{"line":324,"column":26}},"73":{"start":{"line":325,"column":4},"end":{"line":331,"column":5}},"74":{"start":{"line":326,"column":6},"end":{"line":330,"column":9}},"75":{"start":{"line":333,"column":4},"end":{"line":338,"column":5}},"76":{"start":{"line":334,"column":6},"end":{"line":337,"column":8}},"77":{"start":{"line":341,"column":20},"end":{"line":341,"column":111}},"78":{"start":{"line":342,"column":30},"end":{"line":342,"column":70}},"79":{"start":{"line":345,"column":28},"end":{"line":348,"column":11}},"80":{"start":{"line":350,"column":4},"end":{"line":361,"column":5}},"81":{"start":{"line":351,"column":6},"end":{"line":355,"column":9}},"82":{"start":{"line":357,"column":6},"end":{"line":360,"column":8}},"83":{"start":{"line":363,"column":4},"end":{"line":366,"column":6}},"84":{"start":{"line":380,"column":29},"end":{"line":380,"column":84}},"85":{"start":{"line":381,"column":23},"end":{"line":381,"column":66}},"86":{"start":{"line":384,"column":27},"end":{"line":384,"column":78}},"87":{"start":{"line":387,"column":25},"end":{"line":387,"column":80}},"88":{"start":{"line":390,"column":24},"end":{"line":393,"column":7}},"89":{"start":{"line":390,"column":57},"end":{"line":393,"column":6}},"90":{"start":{"line":395,"column":4},"end":{"line":401,"column":6}},"91":{"start":{"line":419,"column":28},"end":{"line":423,"column":38}},"92":{"start":{"line":421,"column":8},"end":{"line":421,"column":58}},"93":{"start":{"line":422,"column":8},"end":{"line":422,"column":19}},"94":{"start":{"line":426,"column":27},"end":{"line":426,"column":92}},"95":{"start":{"line":426,"column":79},"end":{"line":426,"column":88}},"96":{"start":{"line":427,"column":23},"end":{"line":427,"column":51}},"97":{"start":{"line":430,"column":4},"end":{"line":430,"column":48}},"98":{"start":{"line":432,"column":4},"end":{"line":440,"column":6}},"99":{"start":{"line":457,"column":20},"end":{"line":457,"column":60}},"100":{"start":{"line":458,"column":4},"end":{"line":458,"column":52}},"101":{"start":{"line":19,"column":0},"end":{"line":19,"column":13}}},"fnMap":{"0":{"name":"(anonymous_0)","decl":{"start":{"line":19,"column":0},"end":{"line":19,"column":13}},"loc":{"start":{"line":19,"column":0},"end":{"line":460,"column":1}}},"1":{"name":"(anonymous_1)","decl":{"start":{"line":38,"column":9},"end":{"line":38,"column":36}},"loc":{"start":{"line":40,"column":30},"end":{"line":109,"column":3}}},"2":{"name":"(anonymous_2)","decl":{"start":{"line":91,"column":42},"end":{"line":91,"column":44}},"loc":{"start":{"line":91,"column":49},"end":{"line":94,"column":8}}},"3":{"name":"(anonymous_3)","decl":{"start":{"line":116,"column":9},"end":{"line":116,"column":31}},"loc":{"start":{"line":116,"column":56},"end":{"line":157,"column":3}}},"4":{"name":"(anonymous_4)","decl":{"start":{"line":166,"column":9},"end":{"line":166,"column":26}},"loc":{"start":{"line":169,"column":36},"end":{"line":229,"column":3}}},"5":{"name":"(anonymous_6)","decl":{"start":{"line":309,"column":9},"end":{"line":309,"column":36}},"loc":{"start":{"line":310,"column":50},"end":{"line":367,"column":3}}},"6":{"name":"(anonymous_7)","decl":{"start":{"line":375,"column":10},"end":{"line":375,"column":37}},"loc":{"start":{"line":377,"column":44},"end":{"line":402,"column":3}}},"7":{"name":"(anonymous_8)","decl":{"start":{"line":390,"column":50},"end":{"line":390,"column":53}},"loc":{"start":{"line":390,"column":57},"end":{"line":393,"column":6}}},"8":{"name":"(anonymous_9)","decl":{"start":{"line":409,"column":10},"end":{"line":409,"column":44}},"loc":{"start":{"line":409,"column":64},"end":{"line":441,"column":3}}},"9":{"name":"(anonymous_10)","decl":{"start":{"line":420,"column":14},"end":{"line":420,"column":15}},"loc":{"start":{"line":420,"column":43},"end":{"line":423,"column":7}}},"10":{"name":"(anonymous_11)","decl":{"start":{"line":426,"column":65},"end":{"line":426,"column":66}},"loc":{"start":{"line":426,"column":79},"end":{"line":426,"column":88}}},"11":{"name":"(anonymous_12)","decl":{"start":{"line":450,"column":10},"end":{"line":450,"column":34}},"loc":{"start":{"line":453,"column":19},"end":{"line":459,"column":3}}}},"branchMap":{"0":{"loc":{"start":{"line":45,"column":4},"end":{"line":56,"column":5}},"type":"if","locations":[{"start":{"line":45,"column":4},"end":{"line":56,"column":5}}]},"1":{"loc":{"start":{"line":45,"column":8},"end":{"line":45,"column":52}},"type":"binary-expr","locations":[{"start":{"line":45,"column":8},"end":{"line":45,"column":23}},{"start":{"line":45,"column":27},"end":{"line":45,"column":52}}]},"2":{"loc":{"start":{"line":72,"column":6},"end":{"line":72,"column":38}},"type":"if","locations":[{"start":{"line":72,"column":6},"end":{"line":72,"column":38}}]},"3":{"loc":{"start":{"line":76,"column":8},"end":{"line":85,"column":9}},"type":"if","locations":[{"start":{"line":76,"column":8},"end":{"line":85,"column":9}}]},"4":{"loc":{"start":{"line":79,"column":10},"end":{"line":81,"column":11}},"type":"if","locations":[{"start":{"line":79,"column":10},"end":{"line":81,"column":11}}]},"5":{"loc":{"start":{"line":120,"column":4},"end":{"line":126,"column":5}},"type":"if","locations":[{"start":{"line":120,"column":4},"end":{"line":126,"column":5}}]},"6":{"loc":{"start":{"line":120,"column":8},"end":{"line":120,"column":68}},"type":"binary-expr","locations":[{"start":{"line":120,"column":8},"end":{"line":120,"column":30}},{"start":{"line":120,"column":34},"end":{"line":120,"column":68}}]},"7":{"loc":{"start":{"line":129,"column":4},"end":{"line":135,"column":5}},"type":"if","locations":[{"start":{"line":129,"column":4},"end":{"line":135,"column":5}}]},"8":{"loc":{"start":{"line":138,"column":4},"end":{"line":144,"column":5}},"type":"if","locations":[{"start":{"line":138,"column":4},"end":{"line":144,"column":5}}]},"9":{"loc":{"start":{"line":146,"column":4},"end":{"line":151,"column":5}},"type":"if","locations":[{"start":{"line":146,"column":4},"end":{"line":151,"column":5}}]},"10":{"loc":{"start":{"line":174,"column":4},"end":{"line":185,"column":5}},"type":"if","locations":[{"start":{"line":174,"column":4},"end":{"line":185,"column":5}}]},"11":{"loc":{"start":{"line":192,"column":6},"end":{"line":196,"column":7}},"type":"if","locations":[{"start":{"line":192,"column":6},"end":{"line":196,"column":7}},{"start":{"line":194,"column":13},"end":{"line":196,"column":7}}]},"12":{"loc":{"start":{"line":199,"column":4},"end":{"line":210,"column":5}},"type":"if","locations":[{"start":{"line":199,"column":4},"end":{"line":210,"column":5}}]},"13":{"loc":{"start":{"line":241,"column":4},"end":{"line":241,"column":56}},"type":"default-arg","locations":[{"start":{"line":241,"column":31},"end":{"line":241,"column":56}}]},"14":{"loc":{"start":{"line":246,"column":4},"end":{"line":252,"column":5}},"type":"if","locations":[{"start":{"line":246,"column":4},"end":{"line":252,"column":5}}]},"15":{"loc":{"start":{"line":254,"column":4},"end":{"line":260,"column":5}},"type":"if","locations":[{"start":{"line":254,"column":4},"end":{"line":260,"column":5}}]},"16":{"loc":{"start":{"line":262,"column":4},"end":{"line":268,"column":5}},"type":"if","locations":[{"start":{"line":262,"column":4},"end":{"line":268,"column":5}}]},"17":{"loc":{"start":{"line":270,"column":4},"end":{"line":275,"column":5}},"type":"if","locations":[{"start":{"line":270,"column":4},"end":{"line":275,"column":5}}]},"18":{"loc":{"start":{"line":315,"column":4},"end":{"line":321,"column":5}},"type":"if","locations":[{"start":{"line":315,"column":4},"end":{"line":321,"column":5}}]},"19":{"loc":{"start":{"line":315,"column":8},"end":{"line":315,"column":88}},"type":"binary-expr","locations":[{"start":{"line":315,"column":8},"end":{"line":315,"column":40}},{"start":{"line":315,"column":44},"end":{"line":315,"column":88}}]},"20":{"loc":{"start":{"line":325,"column":4},"end":{"line":331,"column":5}},"type":"if","locations":[{"start":{"line":325,"column":4},"end":{"line":331,"column":5}}]},"21":{"loc":{"start":{"line":333,"column":4},"end":{"line":338,"column":5}},"type":"if","locations":[{"start":{"line":333,"column":4},"end":{"line":338,"column":5}}]},"22":{"loc":{"start":{"line":350,"column":4},"end":{"line":361,"column":5}},"type":"if","locations":[{"start":{"line":350,"column":4},"end":{"line":361,"column":5}}]},"23":{"loc":{"start":{"line":377,"column":4},"end":{"line":377,"column":44}},"type":"default-arg","locations":[{"start":{"line":377,"column":41},"end":{"line":377,"column":44}}]}},"s":{"0":1,"1":1,"2":1,"3":1,"4":1,"5":1,"6":1,"7":1,"8":1,"9":0,"10":0,"11":1,"12":1,"13":1,"14":1,"15":1,"16":1,"17":0,"18":1,"19":1,"20":1,"21":1,"22":1,"23":1,"24":1,"25":1,"26":1,"27":1,"28":1,"29":1,"30":1,"31":1,"32":0,"33":1,"34":0,"35":1,"36":0,"37":1,"38":0,"39":1,"40":1,"41":1,"42":0,"43":0,"44":1,"45":1,"46":1,"47":1,"48":0,"49":1,"50":1,"51":0,"52":0,"53":1,"54":1,"55":1,"56":1,"57":1,"58":0,"59":1,"60":0,"61":1,"62":0,"63":1,"64":0,"65":1,"66":1,"67":1,"68":1,"69":1,"70":1,"71":0,"72":1,"73":1,"74":0,"75":1,"76":0,"77":1,"78":1,"79":1,"80":1,"81":0,"82":0,"83":1,"84":1,"85":1,"86":1,"87":1,"88":1,"89":2,"90":1,"91":1,"92":7,"93":7,"94":1,"95":7,"96":1,"97":1,"98":1,"99":1,"100":1,"101":1},"f":{"0":1,"1":1,"2":1,"3":1,"4":1,"5":1,"6":1,"7":2,"8":1,"9":7,"10":7,"11":1},"b":{"0":[0],"1":[1,1],"2":[0],"3":[1],"4":[1],"5":[0],"6":[1,1],"7":[0],"8":[0],"9":[0],"10":[0],"11":[0,1],"12":[0],"13":[1],"14":[0],"15":[0],"16":[0],"17":[0],"18":[0],"19":[1,1],"20":[0],"21":[0],"22":[0],"23":[1]}}
,"/Users/jurriaanhartog/Development/juicetokens/src/protocol/lifecycle/index.ts": {"path":"/Users/jurriaanhartog/Development/juicetokens/src/protocol/lifecycle/index.ts","statementMap":{"0":{"start":{"line":4,"column":0},"end":{"line":4,"column":9}},"1":{"start":{"line":9,"column":2},"end":{"line":4,"column":62}},"2":{"start":{"line":5,"column":0},"end":{"line":5,"column":9}},"3":{"start":{"line":10,"column":2},"end":{"line":5,"column":60}},"4":{"start":{"line":6,"column":0},"end":{"line":6,"column":33}},"5":{"start":{"line":11,"column":2},"end":{"line":11,"column":7}}},"fnMap":{"0":{"name":"(anonymous_9)","decl":{"start":{"line":9,"column":2},"end":{"line":9,"column":22}},"loc":{"start":{"line":9,"column":2},"end":{"line":4,"column":62}}},"1":{"name":"(anonymous_10)","decl":{"start":{"line":10,"column":2},"end":{"line":10,"column":21}},"loc":{"start":{"line":10,"column":2},"end":{"line":5,"column":60}}}},"branchMap":{},"s":{"0":1,"1":2,"2":1,"3":2,"4":1,"5":1},"f":{"0":1,"1":1},"b":{}}
,"/Users/jurriaanhartog/Development/juicetokens/src/protocol/lifecycle/types.ts": {"path":"/Users/jurriaanhartog/Development/juicetokens/src/protocol/lifecycle/types.ts","statementMap":{"0":{"start":{"line":11,"column":0},"end":{"line":11,"column":null}},"1":{"start":{"line":12,"column":2},"end":{"line":12,"column":null}},"2":{"start":{"line":13,"column":2},"end":{"line":13,"column":null}},"3":{"start":{"line":14,"column":2},"end":{"line":14,"column":null}},"4":{"start":{"line":15,"column":2},"end":{"line":15,"column":null}},"5":{"start":{"line":16,"column":2},"end":{"line":16,"column":null}},"6":{"start":{"line":17,"column":2},"end":{"line":17,"column":null}},"7":{"start":{"line":18,"column":2},"end":{"line":18,"column":null}},"8":{"start":{"line":19,"column":2},"end":{"line":19,"column":null}},"9":{"start":{"line":20,"column":2},"end":{"line":20,"column":null}},"10":{"start":{"line":21,"column":2},"end":{"line":21,"column":null}},"11":{"start":{"line":25,"column":0},"end":{"line":25,"column":null}},"12":{"start":{"line":26,"column":2},"end":{"line":26,"column":null}},"13":{"start":{"line":27,"column":2},"end":{"line":27,"column":null}},"14":{"start":{"line":28,"column":2},"end":{"line":28,"column":null}},"15":{"start":{"line":29,"column":2},"end":{"line":29,"column":null}},"16":{"start":{"line":30,"column":2},"end":{"line":30,"column":null}},"17":{"start":{"line":31,"column":2},"end":{"line":31,"column":null}},"18":{"start":{"line":32,"column":2},"end":{"line":32,"column":null}},"19":{"start":{"line":46,"column":0},"end":{"line":46,"column":null}},"20":{"start":{"line":47,"column":2},"end":{"line":47,"column":null}},"21":{"start":{"line":48,"column":2},"end":{"line":48,"column":null}},"22":{"start":{"line":49,"column":2},"end":{"line":49,"column":null}},"23":{"start":{"line":50,"column":2},"end":{"line":50,"column":null}},"24":{"start":{"line":60,"column":0},"end":{"line":60,"column":null}},"25":{"start":{"line":61,"column":2},"end":{"line":61,"column":null}},"26":{"start":{"line":62,"column":2},"end":{"line":62,"column":null}},"27":{"start":{"line":63,"column":2},"end":{"line":63,"column":null}},"28":{"start":{"line":64,"column":2},"end":{"line":64,"column":null}},"29":{"start":{"line":82,"column":0},"end":{"line":82,"column":null}},"30":{"start":{"line":83,"column":2},"end":{"line":83,"column":null}},"31":{"start":{"line":84,"column":2},"end":{"line":84,"column":null}},"32":{"start":{"line":85,"column":2},"end":{"line":85,"column":null}},"33":{"start":{"line":86,"column":2},"end":{"line":86,"column":null}},"34":{"start":{"line":87,"column":2},"end":{"line":87,"column":null}},"35":{"start":{"line":203,"column":0},"end":{"line":203,"column":null}},"36":{"start":{"line":204,"column":2},"end":{"line":204,"column":null}},"37":{"start":{"line":205,"column":2},"end":{"line":205,"column":null}},"38":{"start":{"line":206,"column":2},"end":{"line":206,"column":null}},"39":{"start":{"line":207,"column":2},"end":{"line":207,"column":null}},"40":{"start":{"line":208,"column":2},"end":{"line":208,"column":null}},"41":{"start":{"line":209,"column":2},"end":{"line":209,"column":null}},"42":{"start":{"line":210,"column":2},"end":{"line":210,"column":null}}},"fnMap":{"0":{"name":"(anonymous_0)","decl":{"start":{"line":11,"column":0},"end":{"line":11,"column":12}},"loc":{"start":{"line":11,"column":29},"end":{"line":22,"column":1}}},"1":{"name":"(anonymous_1)","decl":{"start":{"line":25,"column":0},"end":{"line":25,"column":12}},"loc":{"start":{"line":25,"column":22},"end":{"line":33,"column":1}}},"2":{"name":"(anonymous_2)","decl":{"start":{"line":46,"column":0},"end":{"line":46,"column":12}},"loc":{"start":{"line":46,"column":33},"end":{"line":51,"column":1}}},"3":{"name":"(anonymous_3)","decl":{"start":{"line":60,"column":0},"end":{"line":60,"column":12}},"loc":{"start":{"line":60,"column":32},"end":{"line":65,"column":1}}},"4":{"name":"(anonymous_4)","decl":{"start":{"line":82,"column":0},"end":{"line":82,"column":12}},"loc":{"start":{"line":82,"column":27},"end":{"line":88,"column":1}}},"5":{"name":"(anonymous_5)","decl":{"start":{"line":203,"column":0},"end":{"line":203,"column":12}},"loc":{"start":{"line":203,"column":31},"end":{"line":211,"column":1}}}},"branchMap":{"0":{"loc":{"start":{"line":11,"column":12},"end":{"line":11,"column":null}},"type":"binary-expr","locations":[{"start":{"line":11,"column":12},"end":{"line":11,"column":29}},{"start":{"line":11,"column":29},"end":{"line":11,"column":null}}]},"1":{"loc":{"start":{"line":25,"column":12},"end":{"line":25,"column":null}},"type":"binary-expr","locations":[{"start":{"line":25,"column":12},"end":{"line":25,"column":22}},{"start":{"line":25,"column":22},"end":{"line":25,"column":null}}]},"2":{"loc":{"start":{"line":46,"column":12},"end":{"line":46,"column":null}},"type":"binary-expr","locations":[{"start":{"line":46,"column":12},"end":{"line":46,"column":33}},{"start":{"line":46,"column":33},"end":{"line":46,"column":null}}]},"3":{"loc":{"start":{"line":60,"column":12},"end":{"line":60,"column":null}},"type":"binary-expr","locations":[{"start":{"line":60,"column":12},"end":{"line":60,"column":32}},{"start":{"line":60,"column":32},"end":{"line":60,"column":null}}]},"4":{"loc":{"start":{"line":82,"column":12},"end":{"line":82,"column":null}},"type":"binary-expr","locations":[{"start":{"line":82,"column":12},"end":{"line":82,"column":27}},{"start":{"line":82,"column":27},"end":{"line":82,"column":null}}]},"5":{"loc":{"start":{"line":203,"column":12},"end":{"line":203,"column":null}},"type":"binary-expr","locations":[{"start":{"line":203,"column":12},"end":{"line":203,"column":31}},{"start":{"line":203,"column":31},"end":{"line":203,"column":null}}]}},"s":{"0":1,"1":1,"2":1,"3":1,"4":1,"5":1,"6":1,"7":1,"8":1,"9":1,"10":1,"11":1,"12":1,"13":1,"14":1,"15":1,"16":1,"17":1,"18":1,"19":1,"20":1,"21":1,"22":1,"23":1,"24":1,"25":1,"26":1,"27":1,"28":1,"29":1,"30":1,"31":1,"32":1,"33":1,"34":1,"35":1,"36":1,"37":1,"38":1,"39":1,"40":1,"41":1,"42":1},"f":{"0":1,"1":1,"2":1,"3":1,"4":1,"5":1},"b":{"0":[1,1],"1":[1,1],"2":[1,1],"3":[1,1],"4":[1,1],"5":[1,1]}}
,"/Users/jurriaanhartog/Development/juicetokens/src/protocol/lifecycle/utils/crypto.ts": {"path":"/Users/jurriaanhartog/Development/juicetokens/src/protocol/lifecycle/utils/crypto.ts","statementMap":{"0":{"start":{"line":1,"column":0},"end":{"line":1,"column":33}},"1":{"start":{"line":2,"column":0},"end":{"line":2,"column":34}},"2":{"start":{"line":3,"column":0},"end":{"line":3,"column":43}},"3":{"start":{"line":15,"column":17},"end":{"line":15,"column":44}},"4":{"start":{"line":17,"column":4},"end":{"line":21,"column":5}},"5":{"start":{"line":18,"column":6},"end":{"line":18,"column":24}},"6":{"start":{"line":20,"column":6},"end":{"line":20,"column":37}},"7":{"start":{"line":23,"column":4},"end":{"line":23,"column":41}},"8":{"start":{"line":33,"column":25},"end":{"line":38,"column":71}},"9":{"start":{"line":34,"column":6},"end":{"line":36,"column":7}},"10":{"start":{"line":35,"column":8},"end":{"line":35,"column":33}},"11":{"start":{"line":37,"column":6},"end":{"line":37,"column":31}},"12":{"start":{"line":38,"column":28},"end":{"line":38,"column":53}},"13":{"start":{"line":41,"column":4},"end":{"line":41,"column":41}},"14":{"start":{"line":8,"column":0},"end":{"line":8,"column":13}},"15":{"start":{"line":54,"column":20},"end":{"line":54,"column":39}},"16":{"start":{"line":55,"column":4},"end":{"line":58,"column":6}},"17":{"start":{"line":68,"column":20},"end":{"line":70,"column":25}},"18":{"start":{"line":72,"column":4},"end":{"line":72,"column":50}},"19":{"start":{"line":87,"column":20},"end":{"line":89,"column":25}},"20":{"start":{"line":91,"column":4},"end":{"line":91,"column":68}},"21":{"start":{"line":102,"column":17},"end":{"line":102,"column":98}},"22":{"start":{"line":103,"column":20},"end":{"line":103,"column":52}},"23":{"start":{"line":105,"column":20},"end":{"line":107,"column":25}},"24":{"start":{"line":109,"column":4},"end":{"line":109,"column":58}},"25":{"start":{"line":48,"column":0},"end":{"line":48,"column":13}}},"fnMap":{"0":{"name":"(anonymous_9)","decl":{"start":{"line":14,"column":2},"end":{"line":14,"column":8}},"loc":{"start":{"line":14,"column":50},"end":{"line":24,"column":3}}},"1":{"name":"(anonymous_10)","decl":{"start":{"line":31,"column":2},"end":{"line":31,"column":8}},"loc":{"start":{"line":31,"column":67},"end":{"line":42,"column":3}}},"2":{"name":"(anonymous_11)","decl":{"start":{"line":33,"column":34},"end":{"line":33,"column":38}},"loc":{"start":{"line":33,"column":41},"end":{"line":38,"column":5}}},"3":{"name":"(anonymous_12)","decl":{"start":{"line":38,"column":14},"end":{"line":38,"column":15}},"loc":{"start":{"line":38,"column":28},"end":{"line":38,"column":53}}},"4":{"name":"(anonymous_13)","decl":{"start":{"line":53,"column":2},"end":{"line":53,"column":8}},"loc":{"start":{"line":53,"column":24},"end":{"line":59,"column":3}}},"5":{"name":"(anonymous_14)","decl":{"start":{"line":67,"column":2},"end":{"line":67,"column":8}},"loc":{"start":{"line":67,"column":71},"end":{"line":73,"column":3}}},"6":{"name":"(anonymous_15)","decl":{"start":{"line":82,"column":2},"end":{"line":82,"column":8}},"loc":{"start":{"line":85,"column":25},"end":{"line":92,"column":3}}},"7":{"name":"(anonymous_16)","decl":{"start":{"line":100,"column":2},"end":{"line":100,"column":8}},"loc":{"start":{"line":100,"column":61},"end":{"line":110,"column":3}}}},"branchMap":{"0":{"loc":{"start":{"line":17,"column":4},"end":{"line":21,"column":5}},"type":"if","locations":[{"start":{"line":17,"column":4},"end":{"line":21,"column":5}},{"start":{"line":19,"column":11},"end":{"line":21,"column":5}}]},"1":{"loc":{"start":{"line":34,"column":6},"end":{"line":36,"column":7}},"type":"if","locations":[{"start":{"line":34,"column":6},"end":{"line":36,"column":7}}]},"2":{"loc":{"start":{"line":68,"column":20},"end":{"line":70,"column":25}},"type":"cond-expr","locations":[{"start":{"line":69,"column":8},"end":{"line":69,"column":33}},{"start":{"line":70,"column":8},"end":{"line":70,"column":25}}]},"3":{"loc":{"start":{"line":87,"column":20},"end":{"line":89,"column":25}},"type":"cond-expr","locations":[{"start":{"line":88,"column":8},"end":{"line":88,"column":33}},{"start":{"line":89,"column":8},"end":{"line":89,"column":25}}]},"4":{"loc":{"start":{"line":102,"column":33},"end":{"line":102,"column":84}},"type":"cond-expr","locations":[{"start":{"line":102,"column":60},"end":{"line":102,"column":64}},{"start":{"line":102,"column":67},"end":{"line":102,"column":84}}]},"5":{"loc":{"start":{"line":105,"column":20},"end":{"line":107,"column":25}},"type":"cond-expr","locations":[{"start":{"line":106,"column":8},"end":{"line":106,"column":33}},{"start":{"line":107,"column":8},"end":{"line":107,"column":25}}]}},"s":{"0":1,"1":1,"2":1,"3":7,"4":7,"5":2,"6":5,"7":7,"8":4,"9":10,"10":7,"11":3,"12":10,"13":4,"14":1,"15":0,"16":0,"17":0,"18":0,"19":0,"20":0,"21":2,"22":2,"23":2,"24":2,"25":1},"f":{"0":7,"1":4,"2":10,"3":10,"4":0,"5":0,"6":0,"7":2},"b":{"0":[2,5],"1":[7],"2":[0,0],"3":[0,0],"4":[2,0],"5":[2,0]}}
}
