TN:
SF:TokenCreationAdapter.ts
FN:27,(anonymous_0)
FN:39,(anonymous_1)
FN:94,(anonymous_2)
FN:147,(anonymous_3)
FN:225,(anonymous_4)
FN:298,(anonymous_5)
FN:355,(anonymous_6)
FN:420,(anonymous_7)
FN:430,(anonymous_8)
FN:447,(anonymous_9)
FNF:10
FNH:8
FNDA:1,(anonymous_0)
FNDA:1,(anonymous_1)
FNDA:0,(anonymous_2)
FNDA:1,(anonymous_3)
FNDA:4,(anonymous_4)
FNDA:0,(anonymous_5)
FNDA:1,(anonymous_6)
FNDA:3,(anonymous_7)
FNDA:1,(anonymous_8)
FNDA:1,(anonymous_9)
DA:2,1
DA:3,1
DA:4,1
DA:27,1
DA:28,1
DA:29,1
DA:30,1
DA:31,1
DA:32,1
DA:41,1
DA:42,1
DA:43,0
DA:49,1
DA:50,1
DA:53,1
DA:56,1
DA:57,3
DA:60,3
DA:70,3
DA:80,3
DA:83,1
DA:95,0
DA:98,0
DA:99,0
DA:106,0
DA:107,0
DA:115,0
DA:116,0
DA:123,0
DA:124,0
DA:131,0
DA:136,0
DA:151,1
DA:154,1
DA:155,0
DA:161,0
DA:168,1
DA:169,0
DA:175,0
DA:182,1
DA:192,1
DA:203,1
DA:213,1
DA:230,4
DA:231,0
DA:241,4
DA:246,4
DA:248,1
DA:249,1
DA:250,1
DA:253,1
DA:254,1
DA:255,1
DA:258,1
DA:259,1
DA:260,1
DA:263,1
DA:264,1
DA:265,1
DA:268,0
DA:279,4
DA:287,4
DA:299,0
DA:302,0
DA:303,0
DA:311,0
DA:312,0
DA:320,0
DA:322,0
DA:329,0
DA:330,0
DA:337,0
DA:342,0
DA:356,1
DA:359,1
DA:360,0
DA:368,1
DA:369,0
DA:377,1
DA:378,0
DA:386,1
DA:387,0
DA:394,1
DA:395,0
DA:403,1
DA:404,0
DA:411,1
DA:422,3
DA:432,1
DA:433,1
DA:436,1
DA:452,1
LF:92
LH:57
BRDA:42,0,0,0
BRDA:98,1,0,0
BRDA:98,2,0,0
BRDA:98,2,1,0
BRDA:106,3,0,0
BRDA:115,4,0,0
BRDA:115,5,0,0
BRDA:115,5,1,0
BRDA:123,6,0,0
BRDA:154,7,0,0
BRDA:168,8,0,0
BRDA:230,9,0,0
BRDA:246,10,0,1
BRDA:246,10,1,1
BRDA:246,10,2,1
BRDA:246,10,3,1
BRDA:246,10,4,0
BRDA:302,11,0,0
BRDA:311,12,0,0
BRDA:320,13,0,0
BRDA:320,14,0,0
BRDA:320,14,1,0
BRDA:320,14,2,0
BRDA:329,15,0,0
BRDA:359,16,0,0
BRDA:368,17,0,0
BRDA:377,18,0,0
BRDA:386,19,0,0
BRDA:386,20,0,1
BRDA:386,20,1,1
BRDA:394,21,0,0
BRDA:394,22,0,1
BRDA:394,22,1,1
BRDA:403,23,0,0
BRDA:403,24,0,1
BRDA:403,24,1,1
BRF:36
BRH:10
end_of_record
TN:
SF:TokenRenewalAdapter.ts
FN:19,(anonymous_0)
FN:38,(anonymous_1)
FN:91,(anonymous_2)
FN:116,(anonymous_3)
FN:166,(anonymous_4)
FN:309,(anonymous_6)
FN:375,(anonymous_7)
FN:390,(anonymous_8)
FN:409,(anonymous_9)
FN:420,(anonymous_10)
FN:426,(anonymous_11)
FN:450,(anonymous_12)
FNF:12
FNH:12
FNDA:1,(anonymous_0)
FNDA:1,(anonymous_1)
FNDA:1,(anonymous_2)
FNDA:1,(anonymous_3)
FNDA:1,(anonymous_4)
FNDA:1,(anonymous_6)
FNDA:1,(anonymous_7)
FNDA:2,(anonymous_8)
FNDA:1,(anonymous_9)
FNDA:7,(anonymous_10)
FNDA:7,(anonymous_11)
FNDA:1,(anonymous_12)
DA:2,1
DA:3,1
DA:4,1
DA:19,1
DA:20,1
DA:21,1
DA:22,1
DA:42,1
DA:43,1
DA:45,1
DA:46,0
DA:52,0
DA:58,1
DA:59,1
DA:66,1
DA:68,1
DA:69,1
DA:72,1
DA:75,1
DA:76,1
DA:77,1
DA:79,1
DA:80,1
DA:83,1
DA:84,1
DA:90,1
DA:91,1
DA:96,1
DA:105,1
DA:117,1
DA:120,1
DA:121,0
DA:129,1
DA:130,0
DA:138,1
DA:139,0
DA:146,1
DA:147,0
DA:153,1
DA:171,1
DA:174,1
DA:175,0
DA:181,0
DA:188,1
DA:189,1
DA:191,1
DA:192,1
DA:193,0
DA:195,1
DA:199,1
DA:200,0
DA:206,0
DA:213,1
DA:216,1
DA:225,1
DA:243,1
DA:246,1
DA:247,0
DA:254,1
DA:255,0
DA:262,1
DA:263,0
DA:270,1
DA:271,0
DA:277,1
DA:280,1
DA:283,1
DA:298,1
DA:312,1
DA:315,1
DA:316,0
DA:324,1
DA:325,1
DA:326,0
DA:333,1
DA:334,0
DA:341,1
DA:342,1
DA:345,1
DA:350,1
DA:351,0
DA:357,0
DA:363,1
DA:380,1
DA:381,1
DA:384,1
DA:387,1
DA:390,2
DA:395,1
DA:419,1
DA:421,7
DA:422,7
DA:426,7
DA:427,1
DA:430,1
DA:432,1
DA:457,1
DA:458,1
LF:98
LH:78
BRDA:45,0,0,0
BRDA:45,1,0,1
BRDA:45,1,1,1
BRDA:72,2,0,0
BRDA:76,3,0,1
BRDA:79,4,0,1
BRDA:120,5,0,0
BRDA:120,6,0,1
BRDA:120,6,1,1
BRDA:129,7,0,0
BRDA:138,8,0,0
BRDA:146,9,0,0
BRDA:174,10,0,0
BRDA:192,11,0,0
BRDA:192,11,1,1
BRDA:199,12,0,0
BRDA:241,13,0,1
BRDA:246,14,0,0
BRDA:254,15,0,0
BRDA:262,16,0,0
BRDA:270,17,0,0
BRDA:315,18,0,0
BRDA:315,19,0,1
BRDA:315,19,1,1
BRDA:325,20,0,0
BRDA:333,21,0,0
BRDA:350,22,0,0
BRDA:377,23,0,1
BRF:28
BRH:11
end_of_record
TN:
SF:index.ts
FN:9,(anonymous_9)
FN:10,(anonymous_10)
FNF:2
FNH:2
FNDA:1,(anonymous_9)
FNDA:1,(anonymous_10)
DA:4,1
DA:5,1
DA:6,1
DA:9,2
DA:10,2
DA:11,1
LF:6
LH:6
BRF:0
BRH:0
end_of_record
TN:
SF:types.ts
FN:11,(anonymous_0)
FN:25,(anonymous_1)
FN:46,(anonymous_2)
FN:60,(anonymous_3)
FN:82,(anonymous_4)
FN:203,(anonymous_5)
FNF:6
FNH:6
FNDA:1,(anonymous_0)
FNDA:1,(anonymous_1)
FNDA:1,(anonymous_2)
FNDA:1,(anonymous_3)
FNDA:1,(anonymous_4)
FNDA:1,(anonymous_5)
DA:11,1
DA:12,1
DA:13,1
DA:14,1
DA:15,1
DA:16,1
DA:17,1
DA:18,1
DA:19,1
DA:20,1
DA:21,1
DA:25,1
DA:26,1
DA:27,1
DA:28,1
DA:29,1
DA:30,1
DA:31,1
DA:32,1
DA:46,1
DA:47,1
DA:48,1
DA:49,1
DA:50,1
DA:60,1
DA:61,1
DA:62,1
DA:63,1
DA:64,1
DA:82,1
DA:83,1
DA:84,1
DA:85,1
DA:86,1
DA:87,1
DA:203,1
DA:204,1
DA:205,1
DA:206,1
DA:207,1
DA:208,1
DA:209,1
DA:210,1
LF:43
LH:43
BRDA:11,0,0,1
BRDA:11,0,1,1
BRDA:25,1,0,1
BRDA:25,1,1,1
BRDA:46,2,0,1
BRDA:46,2,1,1
BRDA:60,3,0,1
BRDA:60,3,1,1
BRDA:82,4,0,1
BRDA:82,4,1,1
BRDA:203,5,0,1
BRDA:203,5,1,1
BRF:12
BRH:12
end_of_record
TN:
SF:utils/crypto.ts
FN:14,(anonymous_9)
FN:31,(anonymous_10)
FN:33,(anonymous_11)
FN:38,(anonymous_12)
FN:53,(anonymous_13)
FN:67,(anonymous_14)
FN:82,(anonymous_15)
FN:100,(anonymous_16)
FNF:8
FNH:5
FNDA:7,(anonymous_9)
FNDA:4,(anonymous_10)
FNDA:10,(anonymous_11)
FNDA:10,(anonymous_12)
FNDA:0,(anonymous_13)
FNDA:0,(anonymous_14)
FNDA:0,(anonymous_15)
FNDA:2,(anonymous_16)
DA:1,1
DA:2,1
DA:3,1
DA:8,1
DA:15,7
DA:17,7
DA:18,2
DA:20,5
DA:23,7
DA:33,4
DA:34,10
DA:35,7
DA:37,3
DA:38,10
DA:41,4
DA:48,1
DA:54,0
DA:55,0
DA:68,0
DA:72,0
DA:87,0
DA:91,0
DA:102,2
DA:103,2
DA:105,2
DA:109,2
LF:26
LH:20
BRDA:17,0,0,2
BRDA:17,0,1,5
BRDA:34,1,0,7
BRDA:68,2,0,0
BRDA:68,2,1,0
BRDA:87,3,0,0
BRDA:87,3,1,0
BRDA:102,4,0,2
BRDA:102,4,1,0
BRDA:105,5,0,2
BRDA:105,5,1,0
BRF:11
BRH:5
end_of_record
