{"/Users/jurriaanhartog/Development/juicetokens/packages/app/src/index.ts": {"path":"/Users/jurriaanhartog/Development/juicetokens/packages/app/src/index.ts","statementMap":{"0":{"start":{"line":1,"column":0},"end":{"line":1,"column":66}},"1":{"start":{"line":4,"column":23},"end":{"line":9,"column":2}},"2":{"start":{"line":5,"column":46},"end":{"line":5,"column":90}},"3":{"start":{"line":6,"column":45},"end":{"line":6,"column":87}},"4":{"start":{"line":7,"column":45},"end":{"line":7,"column":87}},"5":{"start":{"line":8,"column":46},"end":{"line":8,"column":90}},"6":{"start":{"line":12,"column":0},"end":{"line":12,"column":51}},"7":{"start":{"line":13,"column":0},"end":{"line":13,"column":68}},"8":{"start":{"line":14,"column":0},"end":{"line":14,"column":68}},"9":{"start":{"line":17,"column":13},"end":{"line":17,"column":37}},"10":{"start":{"line":18,"column":0},"end":{"line":18,"column":64}}},"fnMap":{"0":{"name":"(anonymous_0)","decl":{"start":{"line":5,"column":9},"end":{"line":5,"column":10}},"loc":{"start":{"line":5,"column":46},"end":{"line":5,"column":90}}},"1":{"name":"(anonymous_1)","decl":{"start":{"line":6,"column":8},"end":{"line":6,"column":9}},"loc":{"start":{"line":6,"column":45},"end":{"line":6,"column":87}}},"2":{"name":"(anonymous_2)","decl":{"start":{"line":7,"column":8},"end":{"line":7,"column":9}},"loc":{"start":{"line":7,"column":45},"end":{"line":7,"column":87}}},"3":{"name":"(anonymous_3)","decl":{"start":{"line":8,"column":9},"end":{"line":8,"column":10}},"loc":{"start":{"line":8,"column":46},"end":{"line":8,"column":90}}}},"branchMap":{"0":{"loc":{"start":{"line":17,"column":13},"end":{"line":17,"column":37}},"type":"binary-expr","locations":[{"start":{"line":17,"column":13},"end":{"line":17,"column":29}},{"start":{"line":17,"column":33},"end":{"line":17,"column":37}}]}},"s":{"0":0,"1":0,"2":0,"3":0,"4":0,"5":0,"6":0,"7":0,"8":0,"9":0,"10":0},"f":{"0":0,"1":0,"2":0,"3":0},"b":{"0":[0,0]}}
,"/Users/jurriaanhartog/Development/juicetokens/packages/common/src/index.ts": {"path":"/Users/jurriaanhartog/Development/juicetokens/packages/common/src/index.ts","statementMap":{"0":{"start":{"line":4,"column":0},"end":{"line":4,"column":16}},"1":{"start":{"line":5,"column":29},"end":{"line":5,"column":65}},"2":{"start":{"line":6,"column":2},"end":{"line":6,"column":44}},"3":{"start":{"line":18,"column":13},"end":{"line":18,"column":37}}},"fnMap":{"0":{"name":"isValidDenomination","decl":{"start":{"line":4,"column":16},"end":{"line":4,"column":35}},"loc":{"start":{"line":4,"column":49},"end":{"line":7,"column":1}}}},"branchMap":{},"s":{"0":0,"1":0,"2":0,"3":0},"f":{"0":0},"b":{}}
,"/Users/jurriaanhartog/Development/juicetokens/packages/core-adapters/src/index.ts": {"path":"/Users/jurriaanhartog/Development/juicetokens/packages/core-adapters/src/index.ts","statementMap":{"0":{"start":{"line":34,"column":0},"end":{"line":34,"column":16}},"1":{"start":{"line":68,"column":0},"end":{"line":68,"column":16}},"2":{"start":{"line":75,"column":0},"end":{"line":75,"column":16}},"3":{"start":{"line":2,"column":0},"end":{"line":2,"column":29}},"4":{"start":{"line":5,"column":0},"end":{"line":5,"column":28}},"5":{"start":{"line":8,"column":0},"end":{"line":8,"column":30}},"6":{"start":{"line":11,"column":0},"end":{"line":11,"column":25}},"7":{"start":{"line":14,"column":0},"end":{"line":14,"column":null}},"8":{"start":{"line":20,"column":0},"end":{"line":20,"column":null}},"9":{"start":{"line":26,"column":0},"end":{"line":26,"column":null}},"10":{"start":{"line":36,"column":2},"end":{"line":38,"column":3}},"11":{"start":{"line":37,"column":4},"end":{"line":37,"column":57}},"12":{"start":{"line":41,"column":23},"end":{"line":41,"column":75}},"13":{"start":{"line":42,"column":2},"end":{"line":62,"column":3}},"14":{"start":{"line":43,"column":21},"end":{"line":43,"column":54}},"15":{"start":{"line":46,"column":29},"end":{"line":46,"column":64}},"16":{"start":{"line":47,"column":4},"end":{"line":49,"column":5}},"17":{"start":{"line":48,"column":6},"end":{"line":48,"column":78}},"18":{"start":{"line":52,"column":29},"end":{"line":52,"column":64}},"19":{"start":{"line":53,"column":4},"end":{"line":55,"column":5}},"20":{"start":{"line":54,"column":6},"end":{"line":54,"column":78}},"21":{"start":{"line":58,"column":30},"end":{"line":58,"column":66}},"22":{"start":{"line":59,"column":4},"end":{"line":61,"column":5}},"23":{"start":{"line":60,"column":6},"end":{"line":60,"column":80}},"24":{"start":{"line":69,"column":2},"end":{"line":69,"column":27}},"25":{"start":{"line":77,"column":2},"end":{"line":77,"column":51}},"26":{"start":{"line":80,"column":25},"end":{"line":80,"column":60}},"27":{"start":{"line":81,"column":25},"end":{"line":81,"column":60}},"28":{"start":{"line":82,"column":26},"end":{"line":82,"column":62}},"29":{"start":{"line":85,"column":2},"end":{"line":87,"column":3}},"30":{"start":{"line":86,"column":4},"end":{"line":86,"column":42}},"31":{"start":{"line":89,"column":2},"end":{"line":91,"column":3}},"32":{"start":{"line":90,"column":4},"end":{"line":90,"column":42}},"33":{"start":{"line":93,"column":2},"end":{"line":95,"column":3}},"34":{"start":{"line":94,"column":4},"end":{"line":94,"column":43}}},"fnMap":{"0":{"name":"initAdapters","decl":{"start":{"line":34,"column":16},"end":{"line":34,"column":28}},"loc":{"start":{"line":34,"column":52},"end":{"line":63,"column":1}}},"1":{"name":"getCurrentPlatform","decl":{"start":{"line":68,"column":16},"end":{"line":68,"column":34}},"loc":{"start":{"line":68,"column":34},"end":{"line":70,"column":1}}},"2":{"name":"resetAdapters","decl":{"start":{"line":75,"column":16},"end":{"line":75,"column":29}},"loc":{"start":{"line":75,"column":29},"end":{"line":96,"column":1}}}},"branchMap":{"0":{"loc":{"start":{"line":36,"column":2},"end":{"line":38,"column":3}},"type":"if","locations":[{"start":{"line":36,"column":2},"end":{"line":38,"column":3}}]},"1":{"loc":{"start":{"line":42,"column":2},"end":{"line":62,"column":3}},"type":"if","locations":[{"start":{"line":42,"column":2},"end":{"line":62,"column":3}}]},"2":{"loc":{"start":{"line":42,"column":6},"end":{"line":42,"column":53}},"type":"binary-expr","locations":[{"start":{"line":42,"column":6},"end":{"line":42,"column":18}},{"start":{"line":42,"column":22},"end":{"line":42,"column":53}}]},"3":{"loc":{"start":{"line":47,"column":4},"end":{"line":49,"column":5}},"type":"if","locations":[{"start":{"line":47,"column":4},"end":{"line":49,"column":5}}]},"4":{"loc":{"start":{"line":53,"column":4},"end":{"line":55,"column":5}},"type":"if","locations":[{"start":{"line":53,"column":4},"end":{"line":55,"column":5}}]},"5":{"loc":{"start":{"line":59,"column":4},"end":{"line":61,"column":5}},"type":"if","locations":[{"start":{"line":59,"column":4},"end":{"line":61,"column":5}}]}},"s":{"0":1,"1":1,"2":1,"3":1,"4":1,"5":1,"6":1,"7":1,"8":1,"9":1,"10":1,"11":1,"12":1,"13":1,"14":1,"15":1,"16":1,"17":1,"18":1,"19":1,"20":1,"21":1,"22":1,"23":1,"24":0,"25":6,"26":6,"27":6,"28":6,"29":6,"30":1,"31":6,"32":1,"33":6,"34":1},"f":{"0":1,"1":0,"2":6},"b":{"0":[1],"1":[1],"2":[1,1],"3":[1],"4":[1],"5":[1]}}
,"/Users/jurriaanhartog/Development/juicetokens/packages/core-adapters/src/config/index.ts": {"path":"/Users/jurriaanhartog/Development/juicetokens/packages/core-adapters/src/config/index.ts","statementMap":{"0":{"start":{"line":1,"column":0},"end":{"line":1,"column":24}},"1":{"start":{"line":2,"column":0},"end":{"line":2,"column":26}}},"fnMap":{},"branchMap":{},"s":{"0":1,"1":1},"f":{},"b":{}}
,"/Users/jurriaanhartog/Development/juicetokens/packages/core-adapters/src/config/manager.ts": {"path":"/Users/jurriaanhartog/Development/juicetokens/packages/core-adapters/src/config/manager.ts","statementMap":{"0":{"start":{"line":11,"column":39},"end":{"line":18,"column":2}},"1":{"start":{"line":28,"column":4},"end":{"line":28,"column":40}},"2":{"start":{"line":35,"column":4},"end":{"line":37,"column":5}},"3":{"start":{"line":36,"column":6},"end":{"line":36,"column":65}},"4":{"start":{"line":38,"column":4},"end":{"line":38,"column":41}},"5":{"start":{"line":46,"column":4},"end":{"line":51,"column":6}},"6":{"start":{"line":58,"column":4},"end":{"line":58,"column":23}},"7":{"start":{"line":65,"column":4},"end":{"line":65,"column":55}},"8":{"start":{"line":72,"column":4},"end":{"line":72,"column":37}},"9":{"start":{"line":79,"column":4},"end":{"line":79,"column":37}},"10":{"start":{"line":86,"column":4},"end":{"line":86,"column":38}},"11":{"start":{"line":93,"column":4},"end":{"line":93,"column":65}},"12":{"start":{"line":93,"column":45},"end":{"line":93,"column":63}},"13":{"start":{"line":100,"column":4},"end":{"line":100,"column":65}},"14":{"start":{"line":100,"column":45},"end":{"line":100,"column":63}},"15":{"start":{"line":107,"column":4},"end":{"line":107,"column":66}},"16":{"start":{"line":107,"column":46},"end":{"line":107,"column":64}},"17":{"start":{"line":114,"column":4},"end":{"line":114,"column":52}},"18":{"start":{"line":115,"column":18},"end":{"line":115,"column":72}},"19":{"start":{"line":115,"column":53},"end":{"line":115,"column":71}},"20":{"start":{"line":117,"column":4},"end":{"line":121,"column":5}},"21":{"start":{"line":118,"column":6},"end":{"line":118,"column":80}},"22":{"start":{"line":120,"column":6},"end":{"line":120,"column":39}},"23":{"start":{"line":128,"column":4},"end":{"line":128,"column":52}},"24":{"start":{"line":129,"column":18},"end":{"line":129,"column":72}},"25":{"start":{"line":129,"column":53},"end":{"line":129,"column":71}},"26":{"start":{"line":131,"column":4},"end":{"line":135,"column":5}},"27":{"start":{"line":132,"column":6},"end":{"line":132,"column":80}},"28":{"start":{"line":134,"column":6},"end":{"line":134,"column":39}},"29":{"start":{"line":142,"column":4},"end":{"line":142,"column":54}},"30":{"start":{"line":143,"column":18},"end":{"line":143,"column":73}},"31":{"start":{"line":143,"column":54},"end":{"line":143,"column":72}},"32":{"start":{"line":145,"column":4},"end":{"line":149,"column":5}},"33":{"start":{"line":146,"column":6},"end":{"line":146,"column":82}},"34":{"start":{"line":148,"column":6},"end":{"line":148,"column":40}},"35":{"start":{"line":156,"column":4},"end":{"line":156,"column":43}},"36":{"start":{"line":156,"column":30},"end":{"line":156,"column":43}},"37":{"start":{"line":158,"column":18},"end":{"line":158,"column":72}},"38":{"start":{"line":158,"column":53},"end":{"line":158,"column":71}},"39":{"start":{"line":159,"column":4},"end":{"line":162,"column":5}},"40":{"start":{"line":160,"column":6},"end":{"line":160,"column":43}},"41":{"start":{"line":161,"column":6},"end":{"line":161,"column":18}},"42":{"start":{"line":163,"column":4},"end":{"line":163,"column":17}},"43":{"start":{"line":170,"column":4},"end":{"line":170,"column":43}},"44":{"start":{"line":170,"column":30},"end":{"line":170,"column":43}},"45":{"start":{"line":172,"column":18},"end":{"line":172,"column":72}},"46":{"start":{"line":172,"column":53},"end":{"line":172,"column":71}},"47":{"start":{"line":173,"column":4},"end":{"line":176,"column":5}},"48":{"start":{"line":174,"column":6},"end":{"line":174,"column":43}},"49":{"start":{"line":175,"column":6},"end":{"line":175,"column":18}},"50":{"start":{"line":177,"column":4},"end":{"line":177,"column":17}},"51":{"start":{"line":184,"column":4},"end":{"line":184,"column":44}},"52":{"start":{"line":184,"column":31},"end":{"line":184,"column":44}},"53":{"start":{"line":186,"column":18},"end":{"line":186,"column":73}},"54":{"start":{"line":186,"column":54},"end":{"line":186,"column":72}},"55":{"start":{"line":187,"column":4},"end":{"line":190,"column":5}},"56":{"start":{"line":188,"column":6},"end":{"line":188,"column":44}},"57":{"start":{"line":189,"column":6},"end":{"line":189,"column":18}},"58":{"start":{"line":191,"column":4},"end":{"line":191,"column":17}},"59":{"start":{"line":198,"column":4},"end":{"line":198,"column":40}},"60":{"start":{"line":23,"column":0},"end":{"line":23,"column":13}}},"fnMap":{"0":{"name":"(anonymous_0)","decl":{"start":{"line":27,"column":2},"end":{"line":27,"column":null}},"loc":{"start":{"line":27,"column":2},"end":{"line":29,"column":3}}},"1":{"name":"(anonymous_1)","decl":{"start":{"line":34,"column":9},"end":{"line":34,"column":15}},"loc":{"start":{"line":34,"column":27},"end":{"line":39,"column":3}}},"2":{"name":"(anonymous_2)","decl":{"start":{"line":44,"column":9},"end":{"line":44,"column":18}},"loc":{"start":{"line":44,"column":41},"end":{"line":52,"column":3}}},"3":{"name":"(anonymous_3)","decl":{"start":{"line":57,"column":9},"end":{"line":57,"column":18}},"loc":{"start":{"line":57,"column":18},"end":{"line":59,"column":3}}},"4":{"name":"(anonymous_4)","decl":{"start":{"line":64,"column":9},"end":{"line":64,"column":24}},"loc":{"start":{"line":64,"column":24},"end":{"line":66,"column":3}}},"5":{"name":"(anonymous_5)","decl":{"start":{"line":71,"column":9},"end":{"line":71,"column":25}},"loc":{"start":{"line":71,"column":25},"end":{"line":73,"column":3}}},"6":{"name":"(anonymous_6)","decl":{"start":{"line":78,"column":9},"end":{"line":78,"column":25}},"loc":{"start":{"line":78,"column":25},"end":{"line":80,"column":3}}},"7":{"name":"(anonymous_7)","decl":{"start":{"line":85,"column":9},"end":{"line":85,"column":26}},"loc":{"start":{"line":85,"column":26},"end":{"line":87,"column":3}}},"8":{"name":"(anonymous_8)","decl":{"start":{"line":92,"column":9},"end":{"line":92,"column":32}},"loc":{"start":{"line":92,"column":50},"end":{"line":94,"column":3}}},"9":{"name":"(anonymous_9)","decl":{"start":{"line":93,"column":40},"end":{"line":93,"column":41}},"loc":{"start":{"line":93,"column":45},"end":{"line":93,"column":63}}},"10":{"name":"(anonymous_10)","decl":{"start":{"line":99,"column":9},"end":{"line":99,"column":32}},"loc":{"start":{"line":99,"column":50},"end":{"line":101,"column":3}}},"11":{"name":"(anonymous_11)","decl":{"start":{"line":100,"column":40},"end":{"line":100,"column":41}},"loc":{"start":{"line":100,"column":45},"end":{"line":100,"column":63}}},"12":{"name":"(anonymous_12)","decl":{"start":{"line":106,"column":9},"end":{"line":106,"column":33}},"loc":{"start":{"line":106,"column":51},"end":{"line":108,"column":3}}},"13":{"name":"(anonymous_13)","decl":{"start":{"line":107,"column":41},"end":{"line":107,"column":42}},"loc":{"start":{"line":107,"column":46},"end":{"line":107,"column":64}}},"14":{"name":"(anonymous_14)","decl":{"start":{"line":113,"column":9},"end":{"line":113,"column":35}},"loc":{"start":{"line":113,"column":64},"end":{"line":122,"column":3}}},"15":{"name":"(anonymous_15)","decl":{"start":{"line":115,"column":48},"end":{"line":115,"column":49}},"loc":{"start":{"line":115,"column":53},"end":{"line":115,"column":71}}},"16":{"name":"(anonymous_16)","decl":{"start":{"line":127,"column":9},"end":{"line":127,"column":35}},"loc":{"start":{"line":127,"column":64},"end":{"line":136,"column":3}}},"17":{"name":"(anonymous_17)","decl":{"start":{"line":129,"column":48},"end":{"line":129,"column":49}},"loc":{"start":{"line":129,"column":53},"end":{"line":129,"column":71}}},"18":{"name":"(anonymous_18)","decl":{"start":{"line":141,"column":9},"end":{"line":141,"column":36}},"loc":{"start":{"line":141,"column":66},"end":{"line":150,"column":3}}},"19":{"name":"(anonymous_19)","decl":{"start":{"line":143,"column":49},"end":{"line":143,"column":50}},"loc":{"start":{"line":143,"column":54},"end":{"line":143,"column":72}}},"20":{"name":"(anonymous_20)","decl":{"start":{"line":155,"column":9},"end":{"line":155,"column":35}},"loc":{"start":{"line":155,"column":53},"end":{"line":164,"column":3}}},"21":{"name":"(anonymous_21)","decl":{"start":{"line":158,"column":48},"end":{"line":158,"column":49}},"loc":{"start":{"line":158,"column":53},"end":{"line":158,"column":71}}},"22":{"name":"(anonymous_22)","decl":{"start":{"line":169,"column":9},"end":{"line":169,"column":35}},"loc":{"start":{"line":169,"column":53},"end":{"line":178,"column":3}}},"23":{"name":"(anonymous_23)","decl":{"start":{"line":172,"column":48},"end":{"line":172,"column":49}},"loc":{"start":{"line":172,"column":53},"end":{"line":172,"column":71}}},"24":{"name":"(anonymous_24)","decl":{"start":{"line":183,"column":9},"end":{"line":183,"column":36}},"loc":{"start":{"line":183,"column":54},"end":{"line":192,"column":3}}},"25":{"name":"(anonymous_25)","decl":{"start":{"line":186,"column":49},"end":{"line":186,"column":50}},"loc":{"start":{"line":186,"column":54},"end":{"line":186,"column":72}}},"26":{"name":"(anonymous_26)","decl":{"start":{"line":197,"column":9},"end":{"line":197,"column":20}},"loc":{"start":{"line":197,"column":20},"end":{"line":199,"column":3}}}},"branchMap":{"0":{"loc":{"start":{"line":35,"column":4},"end":{"line":37,"column":5}},"type":"if","locations":[{"start":{"line":35,"column":4},"end":{"line":37,"column":5}}]},"1":{"loc":{"start":{"line":47,"column":15},"end":{"line":47,"column":52}},"type":"binary-expr","locations":[{"start":{"line":47,"column":15},"end":{"line":47,"column":29}},{"start":{"line":47,"column":33},"end":{"line":47,"column":52}}]},"2":{"loc":{"start":{"line":48,"column":15},"end":{"line":48,"column":52}},"type":"binary-expr","locations":[{"start":{"line":48,"column":15},"end":{"line":48,"column":29}},{"start":{"line":48,"column":33},"end":{"line":48,"column":52}}]},"3":{"loc":{"start":{"line":49,"column":16},"end":{"line":49,"column":55}},"type":"binary-expr","locations":[{"start":{"line":49,"column":16},"end":{"line":49,"column":31}},{"start":{"line":49,"column":35},"end":{"line":49,"column":55}}]},"4":{"loc":{"start":{"line":65,"column":11},"end":{"line":65,"column":54}},"type":"binary-expr","locations":[{"start":{"line":65,"column":11},"end":{"line":65,"column":29}},{"start":{"line":65,"column":33},"end":{"line":65,"column":54}}]},"5":{"loc":{"start":{"line":72,"column":11},"end":{"line":72,"column":36}},"type":"binary-expr","locations":[{"start":{"line":72,"column":11},"end":{"line":72,"column":30}},{"start":{"line":72,"column":34},"end":{"line":72,"column":36}}]},"6":{"loc":{"start":{"line":79,"column":11},"end":{"line":79,"column":36}},"type":"binary-expr","locations":[{"start":{"line":79,"column":11},"end":{"line":79,"column":30}},{"start":{"line":79,"column":34},"end":{"line":79,"column":36}}]},"7":{"loc":{"start":{"line":86,"column":11},"end":{"line":86,"column":37}},"type":"binary-expr","locations":[{"start":{"line":86,"column":11},"end":{"line":86,"column":31}},{"start":{"line":86,"column":35},"end":{"line":86,"column":37}}]},"8":{"loc":{"start":{"line":114,"column":26},"end":{"line":114,"column":51}},"type":"binary-expr","locations":[{"start":{"line":114,"column":26},"end":{"line":114,"column":45}},{"start":{"line":114,"column":49},"end":{"line":114,"column":51}}]},"9":{"loc":{"start":{"line":117,"column":4},"end":{"line":121,"column":5}},"type":"if","locations":[{"start":{"line":117,"column":4},"end":{"line":121,"column":5}},{"start":{"line":119,"column":11},"end":{"line":121,"column":5}}]},"10":{"loc":{"start":{"line":128,"column":26},"end":{"line":128,"column":51}},"type":"binary-expr","locations":[{"start":{"line":128,"column":26},"end":{"line":128,"column":45}},{"start":{"line":128,"column":49},"end":{"line":128,"column":51}}]},"11":{"loc":{"start":{"line":131,"column":4},"end":{"line":135,"column":5}},"type":"if","locations":[{"start":{"line":131,"column":4},"end":{"line":135,"column":5}},{"start":{"line":133,"column":11},"end":{"line":135,"column":5}}]},"12":{"loc":{"start":{"line":142,"column":27},"end":{"line":142,"column":53}},"type":"binary-expr","locations":[{"start":{"line":142,"column":27},"end":{"line":142,"column":47}},{"start":{"line":142,"column":51},"end":{"line":142,"column":53}}]},"13":{"loc":{"start":{"line":145,"column":4},"end":{"line":149,"column":5}},"type":"if","locations":[{"start":{"line":145,"column":4},"end":{"line":149,"column":5}},{"start":{"line":147,"column":11},"end":{"line":149,"column":5}}]},"14":{"loc":{"start":{"line":156,"column":4},"end":{"line":156,"column":43}},"type":"if","locations":[{"start":{"line":156,"column":4},"end":{"line":156,"column":43}}]},"15":{"loc":{"start":{"line":159,"column":4},"end":{"line":162,"column":5}},"type":"if","locations":[{"start":{"line":159,"column":4},"end":{"line":162,"column":5}}]},"16":{"loc":{"start":{"line":170,"column":4},"end":{"line":170,"column":43}},"type":"if","locations":[{"start":{"line":170,"column":4},"end":{"line":170,"column":43}}]},"17":{"loc":{"start":{"line":173,"column":4},"end":{"line":176,"column":5}},"type":"if","locations":[{"start":{"line":173,"column":4},"end":{"line":176,"column":5}}]},"18":{"loc":{"start":{"line":184,"column":4},"end":{"line":184,"column":44}},"type":"if","locations":[{"start":{"line":184,"column":4},"end":{"line":184,"column":44}}]},"19":{"loc":{"start":{"line":187,"column":4},"end":{"line":190,"column":5}},"type":"if","locations":[{"start":{"line":187,"column":4},"end":{"line":190,"column":5}}]}},"s":{"0":1,"1":1,"2":11,"3":1,"4":11,"5":2,"6":0,"7":1,"8":1,"9":1,"10":0,"11":1,"12":1,"13":1,"14":1,"15":0,"16":0,"17":0,"18":0,"19":0,"20":0,"21":0,"22":0,"23":0,"24":0,"25":0,"26":0,"27":0,"28":0,"29":0,"30":0,"31":0,"32":0,"33":0,"34":0,"35":0,"36":0,"37":0,"38":0,"39":0,"40":0,"41":0,"42":0,"43":0,"44":0,"45":0,"46":0,"47":0,"48":0,"49":0,"50":0,"51":0,"52":0,"53":0,"54":0,"55":0,"56":0,"57":0,"58":0,"59":6,"60":1},"f":{"0":1,"1":11,"2":2,"3":0,"4":1,"5":1,"6":1,"7":0,"8":1,"9":1,"10":1,"11":1,"12":0,"13":0,"14":0,"15":0,"16":0,"17":0,"18":0,"19":0,"20":0,"21":0,"22":0,"23":0,"24":0,"25":0,"26":6},"b":{"0":[1],"1":[2,0],"2":[2,0],"3":[2,1],"4":[1,0],"5":[1,0],"6":[1,0],"7":[0,0],"8":[0,0],"9":[0,0],"10":[0,0],"11":[0,0],"12":[0,0],"13":[0,0],"14":[0],"15":[0],"16":[0],"17":[0],"18":[0],"19":[0]}}
,"/Users/jurriaanhartog/Development/juicetokens/packages/core-adapters/src/environment/detector.ts": {"path":"/Users/jurriaanhartog/Development/juicetokens/packages/core-adapters/src/environment/detector.ts","statementMap":{"0":{"start":{"line":1,"column":0},"end":{"line":1,"column":59}},"1":{"start":{"line":2,"column":0},"end":{"line":2,"column":100}},"2":{"start":{"line":15,"column":10},"end":{"line":15,"column":73}},"3":{"start":{"line":16,"column":10},"end":{"line":16,"column":73}},"4":{"start":{"line":17,"column":10},"end":{"line":17,"column":75}},"5":{"start":{"line":25,"column":4},"end":{"line":27,"column":5}},"6":{"start":{"line":26,"column":6},"end":{"line":26,"column":63}},"7":{"start":{"line":28,"column":4},"end":{"line":28,"column":40}},"8":{"start":{"line":35,"column":4},"end":{"line":35,"column":36}},"9":{"start":{"line":42,"column":4},"end":{"line":42,"column":36}},"10":{"start":{"line":49,"column":4},"end":{"line":49,"column":37}},"11":{"start":{"line":57,"column":4},"end":{"line":59,"column":5}},"12":{"start":{"line":58,"column":6},"end":{"line":58,"column":43}},"13":{"start":{"line":61,"column":25},"end":{"line":61,"column":42}},"14":{"start":{"line":62,"column":30},"end":{"line":62,"column":82}},"15":{"start":{"line":64,"column":4},"end":{"line":64,"column":93}},"16":{"start":{"line":72,"column":4},"end":{"line":74,"column":5}},"17":{"start":{"line":73,"column":6},"end":{"line":73,"column":43}},"18":{"start":{"line":76,"column":25},"end":{"line":76,"column":42}},"19":{"start":{"line":77,"column":30},"end":{"line":77,"column":82}},"20":{"start":{"line":79,"column":4},"end":{"line":79,"column":93}},"21":{"start":{"line":87,"column":4},"end":{"line":89,"column":5}},"22":{"start":{"line":88,"column":6},"end":{"line":88,"column":44}},"23":{"start":{"line":91,"column":25},"end":{"line":91,"column":42}},"24":{"start":{"line":92,"column":30},"end":{"line":92,"column":83}},"25":{"start":{"line":94,"column":4},"end":{"line":94,"column":94}},"26":{"start":{"line":101,"column":25},"end":{"line":101,"column":42}},"27":{"start":{"line":102,"column":20},"end":{"line":102,"column":55}},"28":{"start":{"line":103,"column":21},"end":{"line":103,"column":45}},"29":{"start":{"line":105,"column":4},"end":{"line":107,"column":5}},"30":{"start":{"line":106,"column":6},"end":{"line":106,"column":18}},"31":{"start":{"line":110,"column":4},"end":{"line":139,"column":5}},"32":{"start":{"line":113,"column":8},"end":{"line":118,"column":9}},"33":{"start":{"line":114,"column":10},"end":{"line":117,"column":11}},"34":{"start":{"line":116,"column":12},"end":{"line":116,"column":30}},"35":{"start":{"line":119,"column":8},"end":{"line":119,"column":14}},"36":{"start":{"line":123,"column":8},"end":{"line":128,"column":9}},"37":{"start":{"line":124,"column":10},"end":{"line":127,"column":11}},"38":{"start":{"line":126,"column":12},"end":{"line":126,"column":30}},"39":{"start":{"line":129,"column":8},"end":{"line":129,"column":14}},"40":{"start":{"line":133,"column":8},"end":{"line":137,"column":9}},"41":{"start":{"line":134,"column":10},"end":{"line":136,"column":11}},"42":{"start":{"line":135,"column":12},"end":{"line":135,"column":30}},"43":{"start":{"line":138,"column":8},"end":{"line":138,"column":14}},"44":{"start":{"line":142,"column":4},"end":{"line":142,"column":26}},"45":{"start":{"line":149,"column":25},"end":{"line":149,"column":42}},"46":{"start":{"line":150,"column":20},"end":{"line":150,"column":55}},"47":{"start":{"line":151,"column":21},"end":{"line":151,"column":45}},"48":{"start":{"line":153,"column":4},"end":{"line":155,"column":5}},"49":{"start":{"line":154,"column":6},"end":{"line":154,"column":18}},"50":{"start":{"line":158,"column":4},"end":{"line":177,"column":5}},"51":{"start":{"line":161,"column":8},"end":{"line":165,"column":9}},"52":{"start":{"line":162,"column":10},"end":{"line":164,"column":11}},"53":{"start":{"line":163,"column":12},"end":{"line":163,"column":30}},"54":{"start":{"line":166,"column":8},"end":{"line":166,"column":14}},"55":{"start":{"line":170,"column":8},"end":{"line":175,"column":9}},"56":{"start":{"line":171,"column":10},"end":{"line":174,"column":11}},"57":{"start":{"line":173,"column":12},"end":{"line":173,"column":30}},"58":{"start":{"line":176,"column":8},"end":{"line":176,"column":14}},"59":{"start":{"line":180,"column":4},"end":{"line":180,"column":26}},"60":{"start":{"line":187,"column":25},"end":{"line":187,"column":42}},"61":{"start":{"line":188,"column":20},"end":{"line":188,"column":56}},"62":{"start":{"line":189,"column":21},"end":{"line":189,"column":45}},"63":{"start":{"line":191,"column":4},"end":{"line":193,"column":5}},"64":{"start":{"line":192,"column":6},"end":{"line":192,"column":18}},"65":{"start":{"line":196,"column":4},"end":{"line":210,"column":5}},"66":{"start":{"line":198,"column":6},"end":{"line":202,"column":7}},"67":{"start":{"line":199,"column":8},"end":{"line":201,"column":9}},"68":{"start":{"line":200,"column":10},"end":{"line":200,"column":28}},"69":{"start":{"line":203,"column":11},"end":{"line":210,"column":5}},"70":{"start":{"line":205,"column":6},"end":{"line":209,"column":7}},"71":{"start":{"line":206,"column":8},"end":{"line":208,"column":9}},"72":{"start":{"line":207,"column":10},"end":{"line":207,"column":28}},"73":{"start":{"line":213,"column":4},"end":{"line":221,"column":5}},"74":{"start":{"line":215,"column":8},"end":{"line":219,"column":9}},"75":{"start":{"line":216,"column":10},"end":{"line":218,"column":11}},"76":{"start":{"line":217,"column":12},"end":{"line":217,"column":30}},"77":{"start":{"line":220,"column":8},"end":{"line":220,"column":14}},"78":{"start":{"line":224,"column":4},"end":{"line":224,"column":26}},"79":{"start":{"line":13,"column":0},"end":{"line":13,"column":13}}},"fnMap":{"0":{"name":"(anonymous_0)","decl":{"start":{"line":19,"column":2},"end":{"line":19,"column":25}},"loc":{"start":{"line":19,"column":2},"end":{"line":19,"column":26}}},"1":{"name":"(anonymous_1)","decl":{"start":{"line":24,"column":9},"end":{"line":24,"column":15}},"loc":{"start":{"line":24,"column":27},"end":{"line":29,"column":3}}},"2":{"name":"(anonymous_2)","decl":{"start":{"line":34,"column":9},"end":{"line":34,"column":34}},"loc":{"start":{"line":34,"column":76},"end":{"line":36,"column":3}}},"3":{"name":"(anonymous_3)","decl":{"start":{"line":41,"column":9},"end":{"line":41,"column":34}},"loc":{"start":{"line":41,"column":76},"end":{"line":43,"column":3}}},"4":{"name":"(anonymous_4)","decl":{"start":{"line":48,"column":9},"end":{"line":48,"column":35}},"loc":{"start":{"line":48,"column":78},"end":{"line":50,"column":3}}},"5":{"name":"(anonymous_5)","decl":{"start":{"line":56,"column":9},"end":{"line":56,"column":33}},"loc":{"start":{"line":56,"column":33},"end":{"line":65,"column":3}}},"6":{"name":"(anonymous_6)","decl":{"start":{"line":71,"column":9},"end":{"line":71,"column":33}},"loc":{"start":{"line":71,"column":33},"end":{"line":80,"column":3}}},"7":{"name":"(anonymous_7)","decl":{"start":{"line":86,"column":9},"end":{"line":86,"column":34}},"loc":{"start":{"line":86,"column":34},"end":{"line":95,"column":3}}},"8":{"name":"(anonymous_8)","decl":{"start":{"line":100,"column":10},"end":{"line":100,"column":32}},"loc":{"start":{"line":100,"column":32},"end":{"line":143,"column":3}}},"9":{"name":"(anonymous_9)","decl":{"start":{"line":148,"column":10},"end":{"line":148,"column":32}},"loc":{"start":{"line":148,"column":32},"end":{"line":181,"column":3}}},"10":{"name":"(anonymous_10)","decl":{"start":{"line":186,"column":10},"end":{"line":186,"column":33}},"loc":{"start":{"line":186,"column":33},"end":{"line":225,"column":3}}}},"branchMap":{"0":{"loc":{"start":{"line":25,"column":4},"end":{"line":27,"column":5}},"type":"if","locations":[{"start":{"line":25,"column":4},"end":{"line":27,"column":5}}]},"1":{"loc":{"start":{"line":57,"column":4},"end":{"line":59,"column":5}},"type":"if","locations":[{"start":{"line":57,"column":4},"end":{"line":59,"column":5}}]},"2":{"loc":{"start":{"line":72,"column":4},"end":{"line":74,"column":5}},"type":"if","locations":[{"start":{"line":72,"column":4},"end":{"line":74,"column":5}}]},"3":{"loc":{"start":{"line":87,"column":4},"end":{"line":89,"column":5}},"type":"if","locations":[{"start":{"line":87,"column":4},"end":{"line":89,"column":5}}]},"4":{"loc":{"start":{"line":105,"column":4},"end":{"line":107,"column":5}},"type":"if","locations":[{"start":{"line":105,"column":4},"end":{"line":107,"column":5}}]},"5":{"loc":{"start":{"line":110,"column":4},"end":{"line":139,"column":5}},"type":"switch","locations":[{"start":{"line":111,"column":6},"end":{"line":119,"column":14}},{"start":{"line":121,"column":6},"end":{"line":129,"column":14}},{"start":{"line":131,"column":6},"end":{"line":138,"column":14}}]},"6":{"loc":{"start":{"line":114,"column":10},"end":{"line":117,"column":11}},"type":"if","locations":[{"start":{"line":114,"column":10},"end":{"line":117,"column":11}}]},"7":{"loc":{"start":{"line":114,"column":14},"end":{"line":115,"column":60}},"type":"binary-expr","locations":[{"start":{"line":114,"column":14},"end":{"line":114,"column":56}},{"start":{"line":115,"column":14},"end":{"line":115,"column":60}}]},"8":{"loc":{"start":{"line":124,"column":10},"end":{"line":127,"column":11}},"type":"if","locations":[{"start":{"line":124,"column":10},"end":{"line":127,"column":11}}]},"9":{"loc":{"start":{"line":124,"column":14},"end":{"line":125,"column":53}},"type":"binary-expr","locations":[{"start":{"line":124,"column":14},"end":{"line":124,"column":55}},{"start":{"line":125,"column":14},"end":{"line":125,"column":53}}]},"10":{"loc":{"start":{"line":134,"column":10},"end":{"line":136,"column":11}},"type":"if","locations":[{"start":{"line":134,"column":10},"end":{"line":136,"column":11}}]},"11":{"loc":{"start":{"line":153,"column":4},"end":{"line":155,"column":5}},"type":"if","locations":[{"start":{"line":153,"column":4},"end":{"line":155,"column":5}}]},"12":{"loc":{"start":{"line":158,"column":4},"end":{"line":177,"column":5}},"type":"switch","locations":[{"start":{"line":159,"column":6},"end":{"line":166,"column":14}},{"start":{"line":168,"column":6},"end":{"line":176,"column":14}}]},"13":{"loc":{"start":{"line":162,"column":10},"end":{"line":164,"column":11}},"type":"if","locations":[{"start":{"line":162,"column":10},"end":{"line":164,"column":11}}]},"14":{"loc":{"start":{"line":171,"column":10},"end":{"line":174,"column":11}},"type":"if","locations":[{"start":{"line":171,"column":10},"end":{"line":174,"column":11}}]},"15":{"loc":{"start":{"line":171,"column":14},"end":{"line":172,"column":56}},"type":"binary-expr","locations":[{"start":{"line":171,"column":14},"end":{"line":171,"column":55}},{"start":{"line":172,"column":14},"end":{"line":172,"column":56}}]},"16":{"loc":{"start":{"line":191,"column":4},"end":{"line":193,"column":5}},"type":"if","locations":[{"start":{"line":191,"column":4},"end":{"line":193,"column":5}}]},"17":{"loc":{"start":{"line":196,"column":4},"end":{"line":210,"column":5}},"type":"if","locations":[{"start":{"line":196,"column":4},"end":{"line":210,"column":5}},{"start":{"line":203,"column":11},"end":{"line":210,"column":5}}]},"18":{"loc":{"start":{"line":199,"column":8},"end":{"line":201,"column":9}},"type":"if","locations":[{"start":{"line":199,"column":8},"end":{"line":201,"column":9}}]},"19":{"loc":{"start":{"line":203,"column":11},"end":{"line":210,"column":5}},"type":"if","locations":[{"start":{"line":203,"column":11},"end":{"line":210,"column":5}}]},"20":{"loc":{"start":{"line":206,"column":8},"end":{"line":208,"column":9}},"type":"if","locations":[{"start":{"line":206,"column":8},"end":{"line":208,"column":9}}]},"21":{"loc":{"start":{"line":213,"column":4},"end":{"line":221,"column":5}},"type":"switch","locations":[{"start":{"line":214,"column":6},"end":{"line":220,"column":14}}]},"22":{"loc":{"start":{"line":216,"column":10},"end":{"line":218,"column":11}},"type":"if","locations":[{"start":{"line":216,"column":10},"end":{"line":218,"column":11}}]}},"s":{"0":1,"1":1,"2":1,"3":1,"4":1,"5":1,"6":1,"7":1,"8":0,"9":0,"10":0,"11":1,"12":1,"13":0,"14":0,"15":0,"16":1,"17":1,"18":0,"19":0,"20":0,"21":1,"22":1,"23":0,"24":0,"25":0,"26":1,"27":1,"28":1,"29":1,"30":0,"31":1,"32":0,"33":0,"34":0,"35":0,"36":1,"37":1,"38":0,"39":1,"40":0,"41":0,"42":0,"43":0,"44":1,"45":1,"46":1,"47":1,"48":1,"49":0,"50":1,"51":0,"52":0,"53":0,"54":0,"55":1,"56":1,"57":1,"58":0,"59":0,"60":1,"61":1,"62":1,"63":1,"64":0,"65":1,"66":0,"67":0,"68":0,"69":1,"70":0,"71":0,"72":0,"73":1,"74":0,"75":0,"76":0,"77":0,"78":1,"79":1},"f":{"0":1,"1":1,"2":0,"3":0,"4":0,"5":1,"6":1,"7":1,"8":1,"9":1,"10":1},"b":{"0":[1],"1":[1],"2":[1],"3":[1],"4":[0],"5":[0,1,0],"6":[0],"7":[0,0],"8":[0],"9":[1,1],"10":[0],"11":[0],"12":[0,1],"13":[0],"14":[1],"15":[1,0],"16":[0],"17":[0,1],"18":[0],"19":[0],"20":[0],"21":[0],"22":[0]}}
,"/Users/jurriaanhartog/Development/juicetokens/packages/core-adapters/src/environment/index.ts": {"path":"/Users/jurriaanhartog/Development/juicetokens/packages/core-adapters/src/environment/index.ts","statementMap":{"0":{"start":{"line":1,"column":0},"end":{"line":1,"column":27}},"1":{"start":{"line":2,"column":0},"end":{"line":2,"column":27}}},"fnMap":{},"branchMap":{},"s":{"0":1,"1":1},"f":{},"b":{}}
,"/Users/jurriaanhartog/Development/juicetokens/packages/core-adapters/src/environment/platform.ts": {"path":"/Users/jurriaanhartog/Development/juicetokens/packages/core-adapters/src/environment/platform.ts","statementMap":{"0":{"start":{"line":28,"column":0},"end":{"line":28,"column":16}},"1":{"start":{"line":54,"column":0},"end":{"line":54,"column":16}},"2":{"start":{"line":4,"column":0},"end":{"line":4,"column":null}},"3":{"start":{"line":5,"column":2},"end":{"line":5,"column":null}},"4":{"start":{"line":6,"column":2},"end":{"line":6,"column":null}},"5":{"start":{"line":7,"column":2},"end":{"line":7,"column":null}},"6":{"start":{"line":8,"column":2},"end":{"line":8,"column":null}},"7":{"start":{"line":9,"column":2},"end":{"line":9,"column":null}},"8":{"start":{"line":29,"column":2},"end":{"line":41,"column":3}},"9":{"start":{"line":31,"column":4},"end":{"line":33,"column":5}},"10":{"start":{"line":32,"column":6},"end":{"line":32,"column":35}},"11":{"start":{"line":36,"column":4},"end":{"line":38,"column":5}},"12":{"start":{"line":37,"column":6},"end":{"line":37,"column":39}},"13":{"start":{"line":40,"column":4},"end":{"line":40,"column":32}},"14":{"start":{"line":44,"column":2},"end":{"line":46,"column":3}},"15":{"start":{"line":45,"column":4},"end":{"line":45,"column":29}},"16":{"start":{"line":48,"column":2},"end":{"line":48,"column":30}},"17":{"start":{"line":55,"column":23},"end":{"line":55,"column":43}},"18":{"start":{"line":57,"column":16},"end":{"line":57,"column":18}},"19":{"start":{"line":58,"column":17},"end":{"line":58,"column":22}},"20":{"start":{"line":59,"column":18},"end":{"line":59,"column":23}},"21":{"start":{"line":60,"column":17},"end":{"line":60,"column":22}},"22":{"start":{"line":64,"column":2},"end":{"line":128,"column":3}},"23":{"start":{"line":66,"column":6},"end":{"line":66,"column":76}},"24":{"start":{"line":67,"column":6},"end":{"line":67,"column":144}},"25":{"start":{"line":68,"column":6},"end":{"line":68,"column":28}},"26":{"start":{"line":69,"column":6},"end":{"line":69,"column":23}},"27":{"start":{"line":72,"column":6},"end":{"line":93,"column":7}},"28":{"start":{"line":73,"column":19},"end":{"line":73,"column":38}},"29":{"start":{"line":74,"column":8},"end":{"line":92,"column":9}},"30":{"start":{"line":75,"column":10},"end":{"line":75,"column":29}},"31":{"start":{"line":76,"column":24},"end":{"line":76,"column":57}},"32":{"start":{"line":77,"column":10},"end":{"line":77,"column":51}},"33":{"start":{"line":78,"column":15},"end":{"line":92,"column":9}},"34":{"start":{"line":79,"column":10},"end":{"line":79,"column":27}},"35":{"start":{"line":80,"column":24},"end":{"line":80,"column":64}},"36":{"start":{"line":81,"column":10},"end":{"line":81,"column":70}},"37":{"start":{"line":82,"column":15},"end":{"line":92,"column":9}},"38":{"start":{"line":83,"column":10},"end":{"line":83,"column":27}},"39":{"start":{"line":84,"column":15},"end":{"line":92,"column":9}},"40":{"start":{"line":85,"column":10},"end":{"line":85,"column":29}},"41":{"start":{"line":86,"column":24},"end":{"line":86,"column":54}},"42":{"start":{"line":87,"column":10},"end":{"line":87,"column":51}},"43":{"start":{"line":88,"column":15},"end":{"line":92,"column":9}},"44":{"start":{"line":89,"column":10},"end":{"line":89,"column":25}},"45":{"start":{"line":90,"column":24},"end":{"line":90,"column":51}},"46":{"start":{"line":91,"column":10},"end":{"line":91,"column":70}},"47":{"start":{"line":94,"column":6},"end":{"line":94,"column":12}},"48":{"start":{"line":97,"column":6},"end":{"line":97,"column":32}},"49":{"start":{"line":98,"column":6},"end":{"line":98,"column":23}},"50":{"start":{"line":99,"column":6},"end":{"line":99,"column":24}},"51":{"start":{"line":100,"column":6},"end":{"line":100,"column":22}},"52":{"start":{"line":102,"column":6},"end":{"line":105,"column":7}},"53":{"start":{"line":103,"column":8},"end":{"line":103,"column":34}},"54":{"start":{"line":104,"column":8},"end":{"line":104,"column":42}},"55":{"start":{"line":106,"column":6},"end":{"line":106,"column":12}},"56":{"start":{"line":109,"column":6},"end":{"line":109,"column":19}},"57":{"start":{"line":110,"column":6},"end":{"line":110,"column":22}},"58":{"start":{"line":111,"column":6},"end":{"line":111,"column":24}},"59":{"start":{"line":112,"column":6},"end":{"line":112,"column":23}},"60":{"start":{"line":113,"column":6},"end":{"line":113,"column":12}},"61":{"start":{"line":116,"column":6},"end":{"line":116,"column":48}},"62":{"start":{"line":117,"column":6},"end":{"line":117,"column":23}},"63":{"start":{"line":118,"column":6},"end":{"line":118,"column":23}},"64":{"start":{"line":119,"column":6},"end":{"line":119,"column":23}},"65":{"start":{"line":121,"column":6},"end":{"line":123,"column":7}},"66":{"start":{"line":122,"column":8},"end":{"line":122,"column":34}},"67":{"start":{"line":124,"column":6},"end":{"line":124,"column":12}},"68":{"start":{"line":127,"column":6},"end":{"line":127,"column":12}},"69":{"start":{"line":130,"column":2},"end":{"line":138,"column":4}}},"fnMap":{"0":{"name":"(anonymous_0)","decl":{"start":{"line":4,"column":0},"end":{"line":4,"column":12}},"loc":{"start":{"line":4,"column":24},"end":{"line":10,"column":1}}},"1":{"name":"detectPlatformType","decl":{"start":{"line":28,"column":16},"end":{"line":28,"column":34}},"loc":{"start":{"line":28,"column":34},"end":{"line":49,"column":1}}},"2":{"name":"getPlatformInfo","decl":{"start":{"line":54,"column":16},"end":{"line":54,"column":31}},"loc":{"start":{"line":54,"column":31},"end":{"line":139,"column":1}}}},"branchMap":{"0":{"loc":{"start":{"line":4,"column":12},"end":{"line":4,"column":null}},"type":"binary-expr","locations":[{"start":{"line":4,"column":12},"end":{"line":4,"column":24}},{"start":{"line":4,"column":24},"end":{"line":4,"column":null}}]},"1":{"loc":{"start":{"line":29,"column":2},"end":{"line":41,"column":3}},"type":"if","locations":[{"start":{"line":29,"column":2},"end":{"line":41,"column":3}}]},"2":{"loc":{"start":{"line":29,"column":6},"end":{"line":29,"column":70}},"type":"binary-expr","locations":[{"start":{"line":29,"column":6},"end":{"line":29,"column":35}},{"start":{"line":29,"column":39},"end":{"line":29,"column":70}}]},"3":{"loc":{"start":{"line":31,"column":4},"end":{"line":33,"column":5}},"type":"if","locations":[{"start":{"line":31,"column":4},"end":{"line":33,"column":5}}]},"4":{"loc":{"start":{"line":31,"column":8},"end":{"line":31,"column":87}},"type":"binary-expr","locations":[{"start":{"line":31,"column":8},"end":{"line":31,"column":38}},{"start":{"line":31,"column":42},"end":{"line":31,"column":58}},{"start":{"line":31,"column":62},"end":{"line":31,"column":87}}]},"5":{"loc":{"start":{"line":36,"column":4},"end":{"line":38,"column":5}},"type":"if","locations":[{"start":{"line":36,"column":4},"end":{"line":38,"column":5}}]},"6":{"loc":{"start":{"line":36,"column":8},"end":{"line":36,"column":79}},"type":"binary-expr","locations":[{"start":{"line":36,"column":8},"end":{"line":36,"column":40}},{"start":{"line":36,"column":44},"end":{"line":36,"column":79}}]},"7":{"loc":{"start":{"line":44,"column":2},"end":{"line":46,"column":3}},"type":"if","locations":[{"start":{"line":44,"column":2},"end":{"line":46,"column":3}}]},"8":{"loc":{"start":{"line":44,"column":6},"end":{"line":44,"column":81}},"type":"binary-expr","locations":[{"start":{"line":44,"column":6},"end":{"line":44,"column":36}},{"start":{"line":44,"column":40},"end":{"line":44,"column":56}},{"start":{"line":44,"column":60},"end":{"line":44,"column":81}}]},"9":{"loc":{"start":{"line":64,"column":2},"end":{"line":128,"column":3}},"type":"switch","locations":[{"start":{"line":65,"column":4},"end":{"line":94,"column":12}},{"start":{"line":96,"column":4},"end":{"line":106,"column":12}},{"start":{"line":108,"column":4},"end":{"line":113,"column":12}},{"start":{"line":115,"column":4},"end":{"line":124,"column":12}},{"start":{"line":126,"column":4},"end":{"line":127,"column":12}}]},"10":{"loc":{"start":{"line":66,"column":16},"end":{"line":66,"column":75}},"type":"cond-expr","locations":[{"start":{"line":66,"column":51},"end":{"line":66,"column":70}},{"start":{"line":66,"column":73},"end":{"line":66,"column":75}}]},"11":{"loc":{"start":{"line":67,"column":17},"end":{"line":67,"column":143}},"type":"binary-expr","locations":[{"start":{"line":67,"column":17},"end":{"line":67,"column":49}},{"start":{"line":67,"column":53},"end":{"line":67,"column":143}}]},"12":{"loc":{"start":{"line":72,"column":6},"end":{"line":93,"column":7}},"type":"if","locations":[{"start":{"line":72,"column":6},"end":{"line":93,"column":7}}]},"13":{"loc":{"start":{"line":74,"column":8},"end":{"line":92,"column":9}},"type":"if","locations":[{"start":{"line":74,"column":8},"end":{"line":92,"column":9}},{"start":{"line":78,"column":15},"end":{"line":92,"column":9}}]},"14":{"loc":{"start":{"line":77,"column":22},"end":{"line":77,"column":50}},"type":"cond-expr","locations":[{"start":{"line":77,"column":30},"end":{"line":77,"column":38}},{"start":{"line":77,"column":41},"end":{"line":77,"column":50}}]},"15":{"loc":{"start":{"line":78,"column":15},"end":{"line":92,"column":9}},"type":"if","locations":[{"start":{"line":78,"column":15},"end":{"line":92,"column":9}},{"start":{"line":82,"column":15},"end":{"line":92,"column":9}}]},"16":{"loc":{"start":{"line":81,"column":22},"end":{"line":81,"column":69}},"type":"cond-expr","locations":[{"start":{"line":81,"column":30},"end":{"line":81,"column":57}},{"start":{"line":81,"column":60},"end":{"line":81,"column":69}}]},"17":{"loc":{"start":{"line":82,"column":15},"end":{"line":92,"column":9}},"type":"if","locations":[{"start":{"line":82,"column":15},"end":{"line":92,"column":9}},{"start":{"line":84,"column":15},"end":{"line":92,"column":9}}]},"18":{"loc":{"start":{"line":84,"column":15},"end":{"line":92,"column":9}},"type":"if","locations":[{"start":{"line":84,"column":15},"end":{"line":92,"column":9}},{"start":{"line":88,"column":15},"end":{"line":92,"column":9}}]},"19":{"loc":{"start":{"line":87,"column":22},"end":{"line":87,"column":50}},"type":"cond-expr","locations":[{"start":{"line":87,"column":30},"end":{"line":87,"column":38}},{"start":{"line":87,"column":41},"end":{"line":87,"column":50}}]},"20":{"loc":{"start":{"line":88,"column":15},"end":{"line":92,"column":9}},"type":"if","locations":[{"start":{"line":88,"column":15},"end":{"line":92,"column":9}}]},"21":{"loc":{"start":{"line":91,"column":22},"end":{"line":91,"column":69}},"type":"cond-expr","locations":[{"start":{"line":91,"column":30},"end":{"line":91,"column":57}},{"start":{"line":91,"column":60},"end":{"line":91,"column":69}}]},"22":{"loc":{"start":{"line":102,"column":6},"end":{"line":105,"column":7}},"type":"if","locations":[{"start":{"line":102,"column":6},"end":{"line":105,"column":7}}]},"23":{"loc":{"start":{"line":102,"column":10},"end":{"line":102,"column":60}},"type":"binary-expr","locations":[{"start":{"line":102,"column":10},"end":{"line":102,"column":40}},{"start":{"line":102,"column":44},"end":{"line":102,"column":60}}]},"24":{"loc":{"start":{"line":116,"column":16},"end":{"line":116,"column":47}},"type":"binary-expr","locations":[{"start":{"line":116,"column":16},"end":{"line":116,"column":41}},{"start":{"line":116,"column":45},"end":{"line":116,"column":47}}]},"25":{"loc":{"start":{"line":121,"column":6},"end":{"line":123,"column":7}},"type":"if","locations":[{"start":{"line":121,"column":6},"end":{"line":123,"column":7}}]},"26":{"loc":{"start":{"line":121,"column":10},"end":{"line":121,"column":60}},"type":"binary-expr","locations":[{"start":{"line":121,"column":10},"end":{"line":121,"column":40}},{"start":{"line":121,"column":44},"end":{"line":121,"column":60}}]}},"s":{"0":1,"1":1,"2":1,"3":1,"4":1,"5":1,"6":1,"7":1,"8":4,"9":0,"10":0,"11":0,"12":0,"13":0,"14":4,"15":4,"16":0,"17":4,"18":4,"19":4,"20":4,"21":4,"22":4,"23":0,"24":0,"25":0,"26":0,"27":0,"28":0,"29":0,"30":0,"31":0,"32":0,"33":0,"34":0,"35":0,"36":0,"37":0,"38":0,"39":0,"40":0,"41":0,"42":0,"43":0,"44":0,"45":0,"46":0,"47":0,"48":4,"49":4,"50":4,"51":4,"52":4,"53":4,"54":4,"55":4,"56":0,"57":0,"58":0,"59":0,"60":0,"61":0,"62":0,"63":0,"64":0,"65":0,"66":0,"67":0,"68":0,"69":4},"f":{"0":1,"1":4,"2":4},"b":{"0":[1,1],"1":[0],"2":[4,0],"3":[0],"4":[0,0,0],"5":[0],"6":[0,0],"7":[4],"8":[4,4,4],"9":[0,4,0,0,0],"10":[0,0],"11":[0,0],"12":[0],"13":[0,0],"14":[0,0],"15":[0,0],"16":[0,0],"17":[0,0],"18":[0,0],"19":[0,0],"20":[0],"21":[0,0],"22":[4],"23":[4,4],"24":[0,0],"25":[0],"26":[0,0]}}
,"/Users/jurriaanhartog/Development/juicetokens/packages/core-adapters/src/factories/hardware-factory.ts": {"path":"/Users/jurriaanhartog/Development/juicetokens/packages/core-adapters/src/factories/hardware-factory.ts","statementMap":{"0":{"start":{"line":9,"column":10},"end":{"line":9,"column":47}},"1":{"start":{"line":12,"column":4},"end":{"line":12,"column":55}},"2":{"start":{"line":19,"column":4},"end":{"line":21,"column":5}},"3":{"start":{"line":20,"column":6},"end":{"line":20,"column":69}},"4":{"start":{"line":22,"column":4},"end":{"line":22,"column":43}},"5":{"start":{"line":29,"column":4},"end":{"line":29,"column":43}},"6":{"start":{"line":32,"column":4},"end":{"line":34,"column":5}},"7":{"start":{"line":33,"column":6},"end":{"line":33,"column":39}},"8":{"start":{"line":41,"column":4},"end":{"line":43,"column":5}},"9":{"start":{"line":42,"column":6},"end":{"line":42,"column":72}},"10":{"start":{"line":44,"column":4},"end":{"line":44,"column":36}},"11":{"start":{"line":51,"column":20},"end":{"line":51,"column":48}},"12":{"start":{"line":52,"column":4},"end":{"line":54,"column":5}},"13":{"start":{"line":53,"column":6},"end":{"line":53,"column":67}},"14":{"start":{"line":55,"column":4},"end":{"line":55,"column":19}},"15":{"start":{"line":62,"column":4},"end":{"line":64,"column":5}},"16":{"start":{"line":63,"column":6},"end":{"line":63,"column":57}},"17":{"start":{"line":65,"column":4},"end":{"line":65,"column":51}},"18":{"start":{"line":72,"column":4},"end":{"line":72,"column":46}},"19":{"start":{"line":79,"column":4},"end":{"line":79,"column":40}},"20":{"start":{"line":86,"column":4},"end":{"line":88,"column":5}},"21":{"start":{"line":87,"column":6},"end":{"line":87,"column":33}},"22":{"start":{"line":89,"column":4},"end":{"line":89,"column":43}},"23":{"start":{"line":6,"column":0},"end":{"line":6,"column":13}}},"fnMap":{"0":{"name":"(anonymous_0)","decl":{"start":{"line":11,"column":2},"end":{"line":11,"column":null}},"loc":{"start":{"line":11,"column":2},"end":{"line":13,"column":3}}},"1":{"name":"(anonymous_1)","decl":{"start":{"line":18,"column":9},"end":{"line":18,"column":15}},"loc":{"start":{"line":18,"column":27},"end":{"line":23,"column":3}}},"2":{"name":"(anonymous_2)","decl":{"start":{"line":28,"column":9},"end":{"line":28,"column":17}},"loc":{"start":{"line":28,"column":42},"end":{"line":35,"column":3}}},"3":{"name":"(anonymous_3)","decl":{"start":{"line":40,"column":9},"end":{"line":40,"column":26}},"loc":{"start":{"line":40,"column":44},"end":{"line":45,"column":3}}},"4":{"name":"(anonymous_4)","decl":{"start":{"line":50,"column":9},"end":{"line":50,"column":19}},"loc":{"start":{"line":50,"column":37},"end":{"line":56,"column":3}}},"5":{"name":"(anonymous_5)","decl":{"start":{"line":61,"column":9},"end":{"line":61,"column":26}},"loc":{"start":{"line":61,"column":26},"end":{"line":66,"column":3}}},"6":{"name":"(anonymous_6)","decl":{"start":{"line":71,"column":9},"end":{"line":71,"column":23}},"loc":{"start":{"line":71,"column":23},"end":{"line":73,"column":3}}},"7":{"name":"(anonymous_7)","decl":{"start":{"line":78,"column":9},"end":{"line":78,"column":19}},"loc":{"start":{"line":78,"column":37},"end":{"line":80,"column":3}}},"8":{"name":"(anonymous_8)","decl":{"start":{"line":85,"column":9},"end":{"line":85,"column":19}},"loc":{"start":{"line":85,"column":37},"end":{"line":90,"column":3}}}},"branchMap":{"0":{"loc":{"start":{"line":19,"column":4},"end":{"line":21,"column":5}},"type":"if","locations":[{"start":{"line":19,"column":4},"end":{"line":21,"column":5}}]},"1":{"loc":{"start":{"line":32,"column":4},"end":{"line":34,"column":5}},"type":"if","locations":[{"start":{"line":32,"column":4},"end":{"line":34,"column":5}}]},"2":{"loc":{"start":{"line":41,"column":4},"end":{"line":43,"column":5}},"type":"if","locations":[{"start":{"line":41,"column":4},"end":{"line":43,"column":5}}]},"3":{"loc":{"start":{"line":52,"column":4},"end":{"line":54,"column":5}},"type":"if","locations":[{"start":{"line":52,"column":4},"end":{"line":54,"column":5}}]},"4":{"loc":{"start":{"line":62,"column":4},"end":{"line":64,"column":5}},"type":"if","locations":[{"start":{"line":62,"column":4},"end":{"line":64,"column":5}}]},"5":{"loc":{"start":{"line":62,"column":8},"end":{"line":62,"column":71}},"type":"binary-expr","locations":[{"start":{"line":62,"column":8},"end":{"line":62,"column":28}},{"start":{"line":62,"column":32},"end":{"line":62,"column":71}}]},"6":{"loc":{"start":{"line":86,"column":4},"end":{"line":88,"column":5}},"type":"if","locations":[{"start":{"line":86,"column":4},"end":{"line":88,"column":5}}]}},"s":{"0":1,"1":1,"2":12,"3":1,"4":12,"5":2,"6":2,"7":2,"8":1,"9":0,"10":1,"11":0,"12":0,"13":0,"14":0,"15":2,"16":0,"17":2,"18":7,"19":0,"20":1,"21":1,"22":1,"23":1},"f":{"0":1,"1":12,"2":2,"3":1,"4":0,"5":2,"6":7,"7":0,"8":1},"b":{"0":[1],"1":[2],"2":[0],"3":[0],"4":[0],"5":[2,2],"6":[1]}}
,"/Users/jurriaanhartog/Development/juicetokens/packages/core-adapters/src/factories/index.ts": {"path":"/Users/jurriaanhartog/Development/juicetokens/packages/core-adapters/src/factories/index.ts","statementMap":{"0":{"start":{"line":1,"column":0},"end":{"line":1,"column":34}},"1":{"start":{"line":2,"column":0},"end":{"line":2,"column":34}},"2":{"start":{"line":3,"column":0},"end":{"line":3,"column":35}}},"fnMap":{},"branchMap":{},"s":{"0":1,"1":1,"2":1},"f":{},"b":{}}
,"/Users/jurriaanhartog/Development/juicetokens/packages/core-adapters/src/factories/network-factory.ts": {"path":"/Users/jurriaanhartog/Development/juicetokens/packages/core-adapters/src/factories/network-factory.ts","statementMap":{"0":{"start":{"line":9,"column":10},"end":{"line":9,"column":47}},"1":{"start":{"line":12,"column":4},"end":{"line":12,"column":54}},"2":{"start":{"line":19,"column":4},"end":{"line":21,"column":5}},"3":{"start":{"line":20,"column":6},"end":{"line":20,"column":67}},"4":{"start":{"line":22,"column":4},"end":{"line":22,"column":42}},"5":{"start":{"line":29,"column":4},"end":{"line":29,"column":43}},"6":{"start":{"line":32,"column":4},"end":{"line":34,"column":5}},"7":{"start":{"line":33,"column":6},"end":{"line":33,"column":39}},"8":{"start":{"line":41,"column":4},"end":{"line":43,"column":5}},"9":{"start":{"line":42,"column":6},"end":{"line":42,"column":71}},"10":{"start":{"line":44,"column":4},"end":{"line":44,"column":36}},"11":{"start":{"line":51,"column":20},"end":{"line":51,"column":48}},"12":{"start":{"line":52,"column":4},"end":{"line":54,"column":5}},"13":{"start":{"line":53,"column":6},"end":{"line":53,"column":66}},"14":{"start":{"line":55,"column":4},"end":{"line":55,"column":19}},"15":{"start":{"line":62,"column":4},"end":{"line":64,"column":5}},"16":{"start":{"line":63,"column":6},"end":{"line":63,"column":56}},"17":{"start":{"line":65,"column":4},"end":{"line":65,"column":51}},"18":{"start":{"line":72,"column":4},"end":{"line":72,"column":46}},"19":{"start":{"line":79,"column":4},"end":{"line":79,"column":40}},"20":{"start":{"line":86,"column":4},"end":{"line":88,"column":5}},"21":{"start":{"line":87,"column":6},"end":{"line":87,"column":33}},"22":{"start":{"line":89,"column":4},"end":{"line":89,"column":43}},"23":{"start":{"line":6,"column":0},"end":{"line":6,"column":13}}},"fnMap":{"0":{"name":"(anonymous_0)","decl":{"start":{"line":11,"column":2},"end":{"line":11,"column":null}},"loc":{"start":{"line":11,"column":2},"end":{"line":13,"column":3}}},"1":{"name":"(anonymous_1)","decl":{"start":{"line":18,"column":9},"end":{"line":18,"column":15}},"loc":{"start":{"line":18,"column":27},"end":{"line":23,"column":3}}},"2":{"name":"(anonymous_2)","decl":{"start":{"line":28,"column":9},"end":{"line":28,"column":17}},"loc":{"start":{"line":28,"column":41},"end":{"line":35,"column":3}}},"3":{"name":"(anonymous_3)","decl":{"start":{"line":40,"column":9},"end":{"line":40,"column":26}},"loc":{"start":{"line":40,"column":44},"end":{"line":45,"column":3}}},"4":{"name":"(anonymous_4)","decl":{"start":{"line":50,"column":9},"end":{"line":50,"column":19}},"loc":{"start":{"line":50,"column":37},"end":{"line":56,"column":3}}},"5":{"name":"(anonymous_5)","decl":{"start":{"line":61,"column":9},"end":{"line":61,"column":26}},"loc":{"start":{"line":61,"column":26},"end":{"line":66,"column":3}}},"6":{"name":"(anonymous_6)","decl":{"start":{"line":71,"column":9},"end":{"line":71,"column":23}},"loc":{"start":{"line":71,"column":23},"end":{"line":73,"column":3}}},"7":{"name":"(anonymous_7)","decl":{"start":{"line":78,"column":9},"end":{"line":78,"column":19}},"loc":{"start":{"line":78,"column":37},"end":{"line":80,"column":3}}},"8":{"name":"(anonymous_8)","decl":{"start":{"line":85,"column":9},"end":{"line":85,"column":19}},"loc":{"start":{"line":85,"column":37},"end":{"line":90,"column":3}}}},"branchMap":{"0":{"loc":{"start":{"line":19,"column":4},"end":{"line":21,"column":5}},"type":"if","locations":[{"start":{"line":19,"column":4},"end":{"line":21,"column":5}}]},"1":{"loc":{"start":{"line":32,"column":4},"end":{"line":34,"column":5}},"type":"if","locations":[{"start":{"line":32,"column":4},"end":{"line":34,"column":5}}]},"2":{"loc":{"start":{"line":41,"column":4},"end":{"line":43,"column":5}},"type":"if","locations":[{"start":{"line":41,"column":4},"end":{"line":43,"column":5}}]},"3":{"loc":{"start":{"line":52,"column":4},"end":{"line":54,"column":5}},"type":"if","locations":[{"start":{"line":52,"column":4},"end":{"line":54,"column":5}}]},"4":{"loc":{"start":{"line":62,"column":4},"end":{"line":64,"column":5}},"type":"if","locations":[{"start":{"line":62,"column":4},"end":{"line":64,"column":5}}]},"5":{"loc":{"start":{"line":62,"column":8},"end":{"line":62,"column":71}},"type":"binary-expr","locations":[{"start":{"line":62,"column":8},"end":{"line":62,"column":28}},{"start":{"line":62,"column":32},"end":{"line":62,"column":71}}]},"6":{"loc":{"start":{"line":86,"column":4},"end":{"line":88,"column":5}},"type":"if","locations":[{"start":{"line":86,"column":4},"end":{"line":88,"column":5}}]}},"s":{"0":1,"1":1,"2":12,"3":1,"4":12,"5":2,"6":2,"7":2,"8":1,"9":0,"10":1,"11":0,"12":0,"13":0,"14":0,"15":2,"16":0,"17":2,"18":7,"19":0,"20":1,"21":1,"22":1,"23":1},"f":{"0":1,"1":12,"2":2,"3":1,"4":0,"5":2,"6":7,"7":0,"8":1},"b":{"0":[1],"1":[2],"2":[0],"3":[0],"4":[0],"5":[2,2],"6":[1]}}
,"/Users/jurriaanhartog/Development/juicetokens/packages/core-adapters/src/factories/storage-factory.ts": {"path":"/Users/jurriaanhartog/Development/juicetokens/packages/core-adapters/src/factories/storage-factory.ts","statementMap":{"0":{"start":{"line":9,"column":10},"end":{"line":9,"column":47}},"1":{"start":{"line":12,"column":4},"end":{"line":12,"column":54}},"2":{"start":{"line":19,"column":4},"end":{"line":21,"column":5}},"3":{"start":{"line":20,"column":6},"end":{"line":20,"column":67}},"4":{"start":{"line":22,"column":4},"end":{"line":22,"column":42}},"5":{"start":{"line":29,"column":4},"end":{"line":29,"column":43}},"6":{"start":{"line":32,"column":4},"end":{"line":34,"column":5}},"7":{"start":{"line":33,"column":6},"end":{"line":33,"column":39}},"8":{"start":{"line":41,"column":4},"end":{"line":43,"column":5}},"9":{"start":{"line":42,"column":6},"end":{"line":42,"column":71}},"10":{"start":{"line":44,"column":4},"end":{"line":44,"column":36}},"11":{"start":{"line":51,"column":20},"end":{"line":51,"column":48}},"12":{"start":{"line":52,"column":4},"end":{"line":54,"column":5}},"13":{"start":{"line":53,"column":6},"end":{"line":53,"column":66}},"14":{"start":{"line":55,"column":4},"end":{"line":55,"column":19}},"15":{"start":{"line":62,"column":4},"end":{"line":64,"column":5}},"16":{"start":{"line":63,"column":6},"end":{"line":63,"column":56}},"17":{"start":{"line":65,"column":4},"end":{"line":65,"column":51}},"18":{"start":{"line":72,"column":4},"end":{"line":72,"column":46}},"19":{"start":{"line":79,"column":4},"end":{"line":79,"column":40}},"20":{"start":{"line":86,"column":4},"end":{"line":88,"column":5}},"21":{"start":{"line":87,"column":6},"end":{"line":87,"column":33}},"22":{"start":{"line":89,"column":4},"end":{"line":89,"column":43}},"23":{"start":{"line":6,"column":0},"end":{"line":6,"column":13}}},"fnMap":{"0":{"name":"(anonymous_0)","decl":{"start":{"line":11,"column":2},"end":{"line":11,"column":null}},"loc":{"start":{"line":11,"column":2},"end":{"line":13,"column":3}}},"1":{"name":"(anonymous_1)","decl":{"start":{"line":18,"column":9},"end":{"line":18,"column":15}},"loc":{"start":{"line":18,"column":27},"end":{"line":23,"column":3}}},"2":{"name":"(anonymous_2)","decl":{"start":{"line":28,"column":9},"end":{"line":28,"column":17}},"loc":{"start":{"line":28,"column":41},"end":{"line":35,"column":3}}},"3":{"name":"(anonymous_3)","decl":{"start":{"line":40,"column":9},"end":{"line":40,"column":26}},"loc":{"start":{"line":40,"column":44},"end":{"line":45,"column":3}}},"4":{"name":"(anonymous_4)","decl":{"start":{"line":50,"column":9},"end":{"line":50,"column":19}},"loc":{"start":{"line":50,"column":37},"end":{"line":56,"column":3}}},"5":{"name":"(anonymous_5)","decl":{"start":{"line":61,"column":9},"end":{"line":61,"column":26}},"loc":{"start":{"line":61,"column":26},"end":{"line":66,"column":3}}},"6":{"name":"(anonymous_6)","decl":{"start":{"line":71,"column":9},"end":{"line":71,"column":23}},"loc":{"start":{"line":71,"column":23},"end":{"line":73,"column":3}}},"7":{"name":"(anonymous_7)","decl":{"start":{"line":78,"column":9},"end":{"line":78,"column":19}},"loc":{"start":{"line":78,"column":37},"end":{"line":80,"column":3}}},"8":{"name":"(anonymous_8)","decl":{"start":{"line":85,"column":9},"end":{"line":85,"column":19}},"loc":{"start":{"line":85,"column":37},"end":{"line":90,"column":3}}}},"branchMap":{"0":{"loc":{"start":{"line":19,"column":4},"end":{"line":21,"column":5}},"type":"if","locations":[{"start":{"line":19,"column":4},"end":{"line":21,"column":5}}]},"1":{"loc":{"start":{"line":32,"column":4},"end":{"line":34,"column":5}},"type":"if","locations":[{"start":{"line":32,"column":4},"end":{"line":34,"column":5}}]},"2":{"loc":{"start":{"line":41,"column":4},"end":{"line":43,"column":5}},"type":"if","locations":[{"start":{"line":41,"column":4},"end":{"line":43,"column":5}}]},"3":{"loc":{"start":{"line":52,"column":4},"end":{"line":54,"column":5}},"type":"if","locations":[{"start":{"line":52,"column":4},"end":{"line":54,"column":5}}]},"4":{"loc":{"start":{"line":62,"column":4},"end":{"line":64,"column":5}},"type":"if","locations":[{"start":{"line":62,"column":4},"end":{"line":64,"column":5}}]},"5":{"loc":{"start":{"line":62,"column":8},"end":{"line":62,"column":71}},"type":"binary-expr","locations":[{"start":{"line":62,"column":8},"end":{"line":62,"column":28}},{"start":{"line":62,"column":32},"end":{"line":62,"column":71}}]},"6":{"loc":{"start":{"line":86,"column":4},"end":{"line":88,"column":5}},"type":"if","locations":[{"start":{"line":86,"column":4},"end":{"line":88,"column":5}}]}},"s":{"0":1,"1":1,"2":12,"3":1,"4":12,"5":2,"6":2,"7":2,"8":1,"9":0,"10":1,"11":0,"12":0,"13":0,"14":0,"15":2,"16":0,"17":2,"18":7,"19":0,"20":1,"21":1,"22":1,"23":1},"f":{"0":1,"1":12,"2":2,"3":1,"4":0,"5":2,"6":7,"7":0,"8":1},"b":{"0":[1],"1":[2],"2":[0],"3":[0],"4":[0],"5":[2,2],"6":[1]}}
,"/Users/jurriaanhartog/Development/juicetokens/packages/core-adapters/src/interfaces/index.ts": {"path":"/Users/jurriaanhartog/Development/juicetokens/packages/core-adapters/src/interfaces/index.ts","statementMap":{"0":{"start":{"line":1,"column":0},"end":{"line":1,"column":26}},"1":{"start":{"line":2,"column":0},"end":{"line":2,"column":26}},"2":{"start":{"line":3,"column":0},"end":{"line":3,"column":27}}},"fnMap":{},"branchMap":{},"s":{"0":1,"1":1,"2":1},"f":{},"b":{}}
,"/Users/jurriaanhartog/Development/juicetokens/packages/foundation/src/index.ts": {"path":"/Users/jurriaanhartog/Development/juicetokens/packages/foundation/src/index.ts","statementMap":{"0":{"start":{"line":12,"column":0},"end":{"line":12,"column":23}},"1":{"start":{"line":15,"column":0},"end":{"line":15,"column":27}},"2":{"start":{"line":18,"column":0},"end":{"line":18,"column":22}}},"fnMap":{},"branchMap":{},"s":{"0":0,"1":0,"2":0},"f":{},"b":{}}
,"/Users/jurriaanhartog/Development/juicetokens/packages/foundation/src/hardware/hardware-capability-detector.ts": {"path":"/Users/jurriaanhartog/Development/juicetokens/packages/foundation/src/hardware/hardware-capability-detector.ts","statementMap":{"0":{"start":{"line":2,"column":0},"end":{"line":2,"column":null}},"1":{"start":{"line":35,"column":19},"end":{"line":35,"column":103}},"2":{"start":{"line":48,"column":4},"end":{"line":48,"column":25}},"3":{"start":{"line":49,"column":4},"end":{"line":49,"column":27}},"4":{"start":{"line":52,"column":4},"end":{"line":64,"column":6}},"5":{"start":{"line":67,"column":4},"end":{"line":69,"column":7}},"6":{"start":{"line":68,"column":6},"end":{"line":68,"column":86}},"7":{"start":{"line":76,"column":34},"end":{"line":76,"column":73}},"8":{"start":{"line":78,"column":4},"end":{"line":91,"column":5}},"9":{"start":{"line":79,"column":6},"end":{"line":90,"column":7}},"10":{"start":{"line":80,"column":25},"end":{"line":83,"column":null}},"11":{"start":{"line":86,"column":8},"end":{"line":86,"column":49}},"12":{"start":{"line":87,"column":8},"end":{"line":87,"column":88}},"13":{"start":{"line":89,"column":8},"end":{"line":89,"column":98}},"14":{"start":{"line":98,"column":21},"end":{"line":98,"column":51}},"15":{"start":{"line":100,"column":4},"end":{"line":107,"column":5}},"16":{"start":{"line":101,"column":6},"end":{"line":101,"column":87}},"17":{"start":{"line":102,"column":6},"end":{"line":106,"column":8}},"18":{"start":{"line":109,"column":4},"end":{"line":120,"column":5}},"19":{"start":{"line":110,"column":21},"end":{"line":110,"column":44}},"20":{"start":{"line":111,"column":6},"end":{"line":111,"column":122}},"21":{"start":{"line":112,"column":6},"end":{"line":112,"column":20}},"22":{"start":{"line":114,"column":6},"end":{"line":114,"column":87}},"23":{"start":{"line":115,"column":6},"end":{"line":119,"column":8}},"24":{"start":{"line":127,"column":49},"end":{"line":127,"column":51}},"25":{"start":{"line":129,"column":4},"end":{"line":141,"column":5}},"26":{"start":{"line":130,"column":6},"end":{"line":140,"column":7}},"27":{"start":{"line":131,"column":23},"end":{"line":131,"column":62}},"28":{"start":{"line":132,"column":8},"end":{"line":132,"column":30}},"29":{"start":{"line":134,"column":8},"end":{"line":134,"column":80}},"30":{"start":{"line":135,"column":8},"end":{"line":139,"column":11}},"31":{"start":{"line":143,"column":4},"end":{"line":143,"column":20}},"32":{"start":{"line":150,"column":21},"end":{"line":150,"column":55}},"33":{"start":{"line":153,"column":22},"end":{"line":153,"column":23}},"34":{"start":{"line":154,"column":22},"end":{"line":154,"column":23}},"35":{"start":{"line":156,"column":4},"end":{"line":166,"column":5}},"36":{"start":{"line":157,"column":21},"end":{"line":157,"column":79}},"37":{"start":{"line":159,"column":6},"end":{"line":165,"column":7}},"38":{"start":{"line":160,"column":8},"end":{"line":160,"column":30}},"39":{"start":{"line":162,"column":8},"end":{"line":164,"column":9}},"40":{"start":{"line":163,"column":10},"end":{"line":163,"column":32}},"41":{"start":{"line":169,"column":26},"end":{"line":171,"column":9}},"42":{"start":{"line":173,"column":4},"end":{"line":173,"column":75}},"43":{"start":{"line":175,"column":4},"end":{"line":175,"column":25}},"44":{"start":{"line":31,"column":0},"end":{"line":31,"column":13}}},"fnMap":{"0":{"name":"(anonymous_0)","decl":{"start":{"line":43,"column":2},"end":{"line":43,"column":null}},"loc":{"start":{"line":46,"column":49},"end":{"line":70,"column":3}}},"1":{"name":"(anonymous_1)","decl":{"start":{"line":67,"column":37},"end":{"line":67,"column":42}},"loc":{"start":{"line":67,"column":45},"end":{"line":69,"column":5}}},"2":{"name":"(anonymous_2)","decl":{"start":{"line":75,"column":10},"end":{"line":75,"column":15}},"loc":{"start":{"line":75,"column":35},"end":{"line":92,"column":3}}},"3":{"name":"(anonymous_3)","decl":{"start":{"line":97,"column":9},"end":{"line":97,"column":14}},"loc":{"start":{"line":97,"column":70},"end":{"line":121,"column":3}}},"4":{"name":"(anonymous_4)","decl":{"start":{"line":126,"column":9},"end":{"line":126,"column":14}},"loc":{"start":{"line":126,"column":36},"end":{"line":144,"column":3}}},"5":{"name":"(anonymous_5)","decl":{"start":{"line":149,"column":9},"end":{"line":149,"column":14}},"loc":{"start":{"line":149,"column":31},"end":{"line":176,"column":3}}}},"branchMap":{"0":{"loc":{"start":{"line":46,"column":4},"end":{"line":46,"column":49}},"type":"default-arg","locations":[{"start":{"line":46,"column":47},"end":{"line":46,"column":49}}]},"1":{"loc":{"start":{"line":100,"column":4},"end":{"line":107,"column":5}},"type":"if","locations":[{"start":{"line":100,"column":4},"end":{"line":107,"column":5}}]},"2":{"loc":{"start":{"line":111,"column":70},"end":{"line":111,"column":118}},"type":"cond-expr","locations":[{"start":{"line":111,"column":89},"end":{"line":111,"column":100}},{"start":{"line":111,"column":103},"end":{"line":111,"column":118}}]},"3":{"loc":{"start":{"line":157,"column":21},"end":{"line":157,"column":79}},"type":"binary-expr","locations":[{"start":{"line":157,"column":21},"end":{"line":157,"column":74}},{"start":{"line":157,"column":78},"end":{"line":157,"column":79}}]},"4":{"loc":{"start":{"line":159,"column":6},"end":{"line":165,"column":7}},"type":"if","locations":[{"start":{"line":159,"column":6},"end":{"line":165,"column":7}}]},"5":{"loc":{"start":{"line":162,"column":8},"end":{"line":164,"column":9}},"type":"if","locations":[{"start":{"line":162,"column":8},"end":{"line":164,"column":9}}]},"6":{"loc":{"start":{"line":169,"column":26},"end":{"line":171,"column":9}},"type":"cond-expr","locations":[{"start":{"line":170,"column":8},"end":{"line":170,"column":53}},{"start":{"line":171,"column":8},"end":{"line":171,"column":9}}]}},"s":{"0":0,"1":0,"2":0,"3":0,"4":0,"5":0,"6":0,"7":0,"8":0,"9":0,"10":0,"11":0,"12":0,"13":0,"14":0,"15":0,"16":0,"17":0,"18":0,"19":0,"20":0,"21":0,"22":0,"23":0,"24":0,"25":0,"26":0,"27":0,"28":0,"29":0,"30":0,"31":0,"32":0,"33":0,"34":0,"35":0,"36":0,"37":0,"38":0,"39":0,"40":0,"41":0,"42":0,"43":0,"44":0},"f":{"0":0,"1":0,"2":0,"3":0,"4":0,"5":0},"b":{"0":[0],"1":[0],"2":[0,0],"3":[0,0],"4":[0],"5":[0],"6":[0,0]}}
,"/Users/jurriaanhartog/Development/juicetokens/packages/foundation/src/hardware/index.ts": {"path":"/Users/jurriaanhartog/Development/juicetokens/packages/foundation/src/hardware/index.ts","statementMap":{"0":{"start":{"line":6,"column":0},"end":{"line":6,"column":29}},"1":{"start":{"line":9,"column":0},"end":{"line":9,"column":47}},"2":{"start":{"line":10,"column":0},"end":{"line":10,"column":51}},"3":{"start":{"line":13,"column":0},"end":{"line":13,"column":9}},"4":{"start":{"line":13,"column":9},"end":{"line":13,"column":58}}},"fnMap":{"0":{"name":"(anonymous_4)","decl":{"start":{"line":13,"column":9},"end":{"line":13,"column":35}},"loc":{"start":{"line":13,"column":9},"end":{"line":13,"column":58}}}},"branchMap":{},"s":{"0":0,"1":0,"2":0,"3":0,"4":0},"f":{"0":0},"b":{}}
,"/Users/jurriaanhartog/Development/juicetokens/packages/foundation/src/hardware/interfaces.ts": {"path":"/Users/jurriaanhartog/Development/juicetokens/packages/foundation/src/hardware/interfaces.ts","statementMap":{"0":{"start":{"line":6,"column":0},"end":{"line":6,"column":null}},"1":{"start":{"line":7,"column":2},"end":{"line":7,"column":null}},"2":{"start":{"line":8,"column":2},"end":{"line":8,"column":null}},"3":{"start":{"line":9,"column":2},"end":{"line":9,"column":null}},"4":{"start":{"line":10,"column":2},"end":{"line":10,"column":null}},"5":{"start":{"line":11,"column":2},"end":{"line":11,"column":null}},"6":{"start":{"line":12,"column":2},"end":{"line":12,"column":null}},"7":{"start":{"line":13,"column":2},"end":{"line":13,"column":15}}},"fnMap":{"0":{"name":"(anonymous_0)","decl":{"start":{"line":6,"column":0},"end":{"line":6,"column":12}},"loc":{"start":{"line":6,"column":38},"end":{"line":14,"column":1}}}},"branchMap":{"0":{"loc":{"start":{"line":6,"column":12},"end":{"line":6,"column":null}},"type":"binary-expr","locations":[{"start":{"line":6,"column":12},"end":{"line":6,"column":38}},{"start":{"line":6,"column":38},"end":{"line":6,"column":null}}]}},"s":{"0":0,"1":0,"2":0,"3":0,"4":0,"5":0,"6":0,"7":0},"f":{"0":0},"b":{"0":[0,0]}}
,"/Users/jurriaanhartog/Development/juicetokens/packages/foundation/src/hardware/mock-capability-provider-factory.ts": {"path":"/Users/jurriaanhartog/Development/juicetokens/packages/foundation/src/hardware/mock-capability-provider-factory.ts","statementMap":{"0":{"start":{"line":2,"column":0},"end":{"line":2,"column":null}},"1":{"start":{"line":29,"column":4},"end":{"line":29,"column":33}},"2":{"start":{"line":30,"column":4},"end":{"line":30,"column":25}},"3":{"start":{"line":31,"column":4},"end":{"line":40,"column":6}},"4":{"start":{"line":48,"column":18},"end":{"line":48,"column":54}},"5":{"start":{"line":49,"column":4},"end":{"line":49,"column":61}},"6":{"start":{"line":49,"column":33},"end":{"line":49,"column":59}},"7":{"start":{"line":51,"column":4},"end":{"line":51,"column":72}},"8":{"start":{"line":53,"column":4},"end":{"line":58,"column":6}},"9":{"start":{"line":72,"column":31},"end":{"line":72,"column":81}},"10":{"start":{"line":66,"column":19},"end":{"line":66,"column":116}},"11":{"start":{"line":83,"column":4},"end":{"line":83,"column":51}},"12":{"start":{"line":98,"column":25},"end":{"line":102,"column":6}},"13":{"start":{"line":104,"column":4},"end":{"line":104,"column":72}},"14":{"start":{"line":112,"column":4},"end":{"line":112,"column":53}},"15":{"start":{"line":65,"column":0},"end":{"line":65,"column":13}}},"fnMap":{"0":{"name":"(anonymous_0)","decl":{"start":{"line":24,"column":2},"end":{"line":24,"column":null}},"loc":{"start":{"line":27,"column":49},"end":{"line":41,"column":3}}},"1":{"name":"(anonymous_1)","decl":{"start":{"line":46,"column":9},"end":{"line":46,"column":14}},"loc":{"start":{"line":46,"column":21},"end":{"line":59,"column":3}}},"2":{"name":"(anonymous_2)","decl":{"start":{"line":49,"column":22},"end":{"line":49,"column":29}},"loc":{"start":{"line":49,"column":33},"end":{"line":49,"column":59}}},"3":{"name":"(anonymous_3)","decl":{"start":{"line":72,"column":2},"end":{"line":72,"column":31}},"loc":{"start":{"line":72,"column":83},"end":{"line":72,"column":87}}},"4":{"name":"(anonymous_4)","decl":{"start":{"line":79,"column":9},"end":{"line":79,"column":28}},"loc":{"start":{"line":81,"column":44},"end":{"line":84,"column":3}}},"5":{"name":"(anonymous_5)","decl":{"start":{"line":89,"column":9},"end":{"line":89,"column":14}},"loc":{"start":{"line":92,"column":45},"end":{"line":105,"column":3}}},"6":{"name":"(anonymous_6)","decl":{"start":{"line":110,"column":9},"end":{"line":110,"column":33}},"loc":{"start":{"line":110,"column":33},"end":{"line":113,"column":3}}}},"branchMap":{"0":{"loc":{"start":{"line":27,"column":4},"end":{"line":27,"column":49}},"type":"default-arg","locations":[{"start":{"line":27,"column":47},"end":{"line":27,"column":49}}]},"1":{"loc":{"start":{"line":72,"column":31},"end":{"line":72,"column":83}},"type":"default-arg","locations":[{"start":{"line":72,"column":81},"end":{"line":72,"column":83}}]}},"s":{"0":0,"1":0,"2":0,"3":0,"4":0,"5":0,"6":0,"7":0,"8":0,"9":0,"10":0,"11":0,"12":0,"13":0,"14":0,"15":0},"f":{"0":0,"1":0,"2":0,"3":0,"4":0,"5":0,"6":0},"b":{"0":[0],"1":[0]}}
,"/Users/jurriaanhartog/Development/juicetokens/packages/foundation/src/tee/index.ts": {"path":"/Users/jurriaanhartog/Development/juicetokens/packages/foundation/src/tee/index.ts","statementMap":{"0":{"start":{"line":6,"column":0},"end":{"line":6,"column":29}},"1":{"start":{"line":9,"column":0},"end":{"line":9,"column":32}}},"fnMap":{},"branchMap":{},"s":{"0":0,"1":0},"f":{},"b":{}}
,"/Users/jurriaanhartog/Development/juicetokens/packages/foundation/src/tee/tee-simulator.ts": {"path":"/Users/jurriaanhartog/Development/juicetokens/packages/foundation/src/tee/tee-simulator.ts","statementMap":{"0":{"start":{"line":10,"column":19},"end":{"line":10,"column":70}},"1":{"start":{"line":18,"column":4},"end":{"line":18,"column":25}},"2":{"start":{"line":19,"column":4},"end":{"line":27,"column":6}},"3":{"start":{"line":29,"column":4},"end":{"line":29,"column":50}},"4":{"start":{"line":36,"column":4},"end":{"line":36,"column":33}},"5":{"start":{"line":37,"column":4},"end":{"line":37,"column":16}},"6":{"start":{"line":44,"column":4},"end":{"line":44,"column":34}},"7":{"start":{"line":46,"column":4},"end":{"line":52,"column":5}},"8":{"start":{"line":47,"column":6},"end":{"line":47,"column":69}},"9":{"start":{"line":48,"column":6},"end":{"line":51,"column":8}},"10":{"start":{"line":55,"column":28},"end":{"line":55,"column":46}},"11":{"start":{"line":57,"column":4},"end":{"line":57,"column":44}},"12":{"start":{"line":60,"column":4},"end":{"line":66,"column":5}},"13":{"start":{"line":62,"column":25},"end":{"line":62,"column":75}},"14":{"start":{"line":63,"column":6},"end":{"line":65,"column":7}},"15":{"start":{"line":63,"column":19},"end":{"line":63,"column":20}},"16":{"start":{"line":64,"column":8},"end":{"line":64,"column":43}},"17":{"start":{"line":68,"column":4},"end":{"line":68,"column":63}},"18":{"start":{"line":70,"column":4},"end":{"line":78,"column":6}},"19":{"start":{"line":85,"column":4},"end":{"line":85,"column":34}},"20":{"start":{"line":87,"column":4},"end":{"line":87,"column":67}},"21":{"start":{"line":90,"column":4},"end":{"line":99,"column":5}},"22":{"start":{"line":91,"column":21},"end":{"line":91,"column":66}},"23":{"start":{"line":94,"column":6},"end":{"line":96,"column":7}},"24":{"start":{"line":95,"column":8},"end":{"line":95,"column":31}},"25":{"start":{"line":98,"column":6},"end":{"line":98,"column":20}},"26":{"start":{"line":102,"column":4},"end":{"line":125,"column":5}},"27":{"start":{"line":104,"column":23},"end":{"line":104,"column":36}},"28":{"start":{"line":105,"column":22},"end":{"line":105,"column":44}},"29":{"start":{"line":106,"column":8},"end":{"line":106,"column":38}},"30":{"start":{"line":107,"column":8},"end":{"line":107,"column":21}},"31":{"start":{"line":112,"column":27},"end":{"line":112,"column":45}},"32":{"start":{"line":113,"column":8},"end":{"line":113,"column":43}},"33":{"start":{"line":114,"column":8},"end":{"line":114,"column":26}},"34":{"start":{"line":119,"column":26},"end":{"line":119,"column":44}},"35":{"start":{"line":120,"column":8},"end":{"line":120,"column":42}},"36":{"start":{"line":121,"column":8},"end":{"line":121,"column":25}},"37":{"start":{"line":124,"column":8},"end":{"line":124,"column":97}},"38":{"start":{"line":132,"column":4},"end":{"line":132,"column":34}},"39":{"start":{"line":134,"column":4},"end":{"line":141,"column":5}},"40":{"start":{"line":135,"column":6},"end":{"line":135,"column":40}},"41":{"start":{"line":136,"column":6},"end":{"line":136,"column":62}},"42":{"start":{"line":137,"column":6},"end":{"line":137,"column":18}},"43":{"start":{"line":139,"column":6},"end":{"line":139,"column":65}},"44":{"start":{"line":140,"column":6},"end":{"line":140,"column":19}},"45":{"start":{"line":148,"column":4},"end":{"line":148,"column":34}},"46":{"start":{"line":150,"column":17},"end":{"line":150,"column":44}},"47":{"start":{"line":152,"column":4},"end":{"line":158,"column":5}},"48":{"start":{"line":153,"column":6},"end":{"line":153,"column":64}},"49":{"start":{"line":154,"column":6},"end":{"line":154,"column":18}},"50":{"start":{"line":156,"column":6},"end":{"line":156,"column":63}},"51":{"start":{"line":157,"column":6},"end":{"line":157,"column":18}},"52":{"start":{"line":166,"column":4},"end":{"line":166,"column":44}},"53":{"start":{"line":166,"column":37},"end":{"line":166,"column":44}},"54":{"start":{"line":169,"column":22},"end":{"line":169,"column":34}},"55":{"start":{"line":170,"column":18},"end":{"line":170,"column":70}},"56":{"start":{"line":172,"column":4},"end":{"line":172,"column":61}},"57":{"start":{"line":172,"column":33},"end":{"line":172,"column":59}},"58":{"start":{"line":179,"column":4},"end":{"line":179,"column":31}},"59":{"start":{"line":180,"column":4},"end":{"line":180,"column":44}},"60":{"start":{"line":189,"column":4},"end":{"line":191,"column":5}},"61":{"start":{"line":190,"column":6},"end":{"line":190,"column":46}},"62":{"start":{"line":193,"column":4},"end":{"line":193,"column":58}},"63":{"start":{"line":194,"column":4},"end":{"line":194,"column":72}},"64":{"start":{"line":7,"column":0},"end":{"line":7,"column
[...]
":0,"492":0,"493":0,"494":0,"495":0,"496":0,"497":0,"498":0,"499":0,"500":0,"501":0,"502":0,"503":0,"504":0,"505":0,"506":0,"507":0,"508":0,"509":0,"510":0,"511":0,"512":0,"513":0,"514":0,"515":0,"516":0,"517":0,"518":0,"519":0,"520":0,"521":0,"522":0,"523":0,"524":0,"525":0,"526":0,"527":0,"528":0,"529":0,"530":0,"531":0,"532":0,"533":0,"534":0,"535":0,"536":0,"537":0,"538":0,"539":0,"540":0,"541":0,"542":0,"543":0,"544":0,"545":0,"546":0,"547":0,"548":0,"549":0,"550":0,"551":0,"552":0,"553":0,"554":0,"555":0,"556":0,"557":0,"558":0,"559":0,"560":0,"561":0,"562":0,"563":0,"564":0,"565":0,"566":0,"567":0,"568":0,"569":0,"570":0,"571":0,"572":0,"573":0,"574":0,"575":0,"576":0,"577":0,"578":0,"579":0,"580":0,"581":0,"582":0,"583":0,"584":0,"585":0,"586":0,"587":0,"588":0,"589":0,"590":0,"591":0,"592":0,"593":0,"594":0,"595":0,"596":0,"597":0,"598":0,"599":0,"600":0,"601":0,"602":0,"603":0,"604":0,"605":0,"606":0,"607":0,"608":0,"609":0,"610":0,"611":0,"612":0,"613":0,"614":0,"615":0,"616":0,"617":0,"618":0,"619":0,"620":0,"621":0,"622":0,"623":0,"624":0,"625":0,"626":0,"627":0,"628":0,"629":0,"630":0,"631":0,"632":0,"633":0,"634":0,"635":0,"636":0,"637":0,"638":0,"639":0,"640":0,"641":0,"642":0,"643":0,"644":0,"645":0,"646":0,"647":0,"648":0,"649":0,"650":0,"651":0,"652":0,"653":0,"654":0,"655":0,"656":0,"657":0,"658":0,"659":0,"660":0,"661":0,"662":0,"663":0,"664":0,"665":0,"666":0,"667":0,"668":0,"669":0,"670":0,"671":0,"672":0,"673":0,"674":0,"675":0,"676":0,"677":0,"678":0,"679":0,"680":0,"681":0,"682":0,"683":0,"684":0,"685":0,"686":0,"687":0,"688":0,"689":0,"690":0,"691":0,"692":0,"693":0,"694":0,"695":0,"696":0,"697":0,"698":0,"699":0,"700":0,"701":0,"702":0,"703":0,"704":0,"705":0,"706":0,"707":0,"708":0,"709":0,"710":0,"711":0,"712":0,"713":0,"714":0,"715":0,"716":0,"717":0,"718":0,"719":0,"720":0,"721":0,"722":0,"723":0,"724":0,"725":0,"726":0,"727":0,"728":0,"729":0,"730":0,"731":0,"732":0,"733":0,"734":0,"735":0,"736":0,"737":0,"738":0,"739":0,"740":0,"741":0,"742":0,"743":0,"744":0,"745":0,"746":0,"747":0,"748":0,"749":0,"750":0,"751":0,"752":0,"753":0,"754":0,"755":0,"756":0,"757":0,"758":0,"759":0,"760":0,"761":0,"762":0,"763":0,"764":0,"765":0,"766":0,"767":0,"768":0,"769":0,"770":0,"771":0,"772":0,"773":0,"774":0,"775":0,"776":0,"777":0,"778":0,"779":0,"780":0,"781":0,"782":0,"783":0,"784":0,"785":0,"786":0,"787":0,"788":0,"789":0,"790":0,"791":0,"792":0,"793":0,"794":0,"795":0,"796":0,"797":0,"798":0,"799":0,"800":0,"801":0,"802":0,"803":0,"804":0,"805":0,"806":0,"807":0,"808":0,"809":0,"810":0,"811":0,"812":0,"813":0,"814":0,"815":0,"816":0,"817":0,"818":0,"819":0,"820":0,"821":0,"822":0,"823":0,"824":0,"825":0,"826":0,"827":0,"828":0,"829":0,"830":0,"831":0,"832":0,"833":0,"834":0,"835":0,"836":0,"837":0,"838":0,"839":0,"840":0,"841":0,"842":0,"843":0,"844":0,"845":0,"846":0,"847":0,"848":0,"849":0,"850":0,"851":0,"852":0,"853":0,"854":0,"855":0,"856":0,"857":0,"858":0,"859":0,"860":0,"861":0,"862":0,"863":0,"864":0,"865":0,"866":0,"867":0,"868":0,"869":0,"870":0,"871":0,"872":0,"873":0,"874":0,"875":0,"876":0,"877":0,"878":0,"879":0,"880":0,"881":0,"882":0,"883":0,"884":0,"885":0,"886":0,"887":0,"888":0,"889":0,"890":0,"891":0,"892":0,"893":0,"894":0,"895":0,"896":0,"897":0,"898":0,"899":0,"900":0,"901":0,"902":0,"903":0,"904":0,"905":0,"906":0,"907":0,"908":0,"909":0,"910":0,"911":0,"912":0,"913":0,"914":0,"915":0,"916":0,"917":0,"918":0,"919":0,"920":0,"921":0,"922":0,"923":0,"924":0,"925":0,"926":0,"927":0,"928":0,"929":0,"930":0,"931":0,"932":0,"933":0,"934":0,"935":0,"936":0,"937":0,"938":0,"939":0,"940":0,"941":0,"942":0,"943":0,"944":0,"945":0,"946":0,"947":0,"948":0,"949":0,"950":0,"951":0,"952":0,"953":0,"954":0,"955":0,"956":0,"957":0,"958":0,"959":0,"960":0,"961":0,"962":0,"963":0,"964":0,"965":0,"966":0,"967":0,"968":0,"969":0,"970":0,"971":0,"972":0,"973":0,"974":0,"975":0,"976":0,"977":0,"978":0,"979":0,"980":0,"981":0,"982":0,"983":0,"984":0,"985":0,"986":0,"987":0,"988":0,"989":0,"990":0,"991":0,"992":0,"993":0,"994":0,"995":0,"996":0,"997":0,"998":0,"999":0,"1000":0,"1001":0,"1002":0,"1003":0,"1004":0,"1005":0,"1006":0,"1007":0,"1008":0,"1009":0,"1010":0,"1011":0,"1012":0,"1013":0,"1014":0,"1015":0,"1016":0,"1017":0,"1018":0,"1019":0,"1020":0,"1021":0,"1022":0,"1023":0,"1024":0,"1025":0,"1026":0,"1027":0,"1028":0,"1029":0,"1030":0,"1031":0,"1032":0,"1033":0,"1034":0,"1035":0,"1036":0,"1037":0,"1038":0,"1039":0,"1040":0,"1041":0,"1042":0,"1043":0,"1044":0,"1045":0,"1046":0,"1047":0,"1048":0,"1049":0,"1050":0,"1051":0,"1052":0,"1053":0,"1054":0,"1055":0,"1056":0,"1057":0,"1058":0,"1059":0,"1060":0,"1061":0,"1062":0,"1063":0,"1064":0,"1065":0,"1066":0,"1067":0,"1068":0,"1069":0,"1070":0,"1071":0,"1072":0,"1073":0,"1074":0,"1075":0,"1076":0,"1077":0,"1078":0,"1079":0,"1080":0,"1081":0,"1082":0,"1083":0,"1084":0,"1085":0,"1086":0,"1087":0,"1088":0,"1089":0,"1090":0,"1091":0,"1092":0,"1093":0,"1094":0,"1095":0,"1096":0,"1097":0,"1098":0,"1099":0,"1100":0,"1101":0,"1102":0,"1103":0,"1104":0,"1105":0,"1106":0,"1107":0,"1108":0,"1109":0,"1110":0,"1111":0,"1112":0,"1113":0,"1114":0,"1115":0,"1116":0,"1117":0,"1118":0,"1119":0,"1120":0,"1121":0,"1122":0,"1123":0,"1124":0,"1125":0,"1126":0,"1127":0,"1128":0,"1129":0,"1130":0,"1131":0,"1132":0,"1133":0,"1134":0,"1135":0,"1136":0,"1137":0,"1138":0,"1139":0,"1140":0,"1141":0,"1142":0,"1143":0,"1144":0,"1145":0,"1146":0,"1147":0,"1148":0,"1149":0,"1150":0,"1151":0,"1152":0,"1153":0,"1154":0,"1155":0,"1156":0,"1157":0,"1158":0,"1159":0,"1160":0,"1161":0,"1162":0,"1163":0,"1164":0,"1165":0,"1166":0,"1167":0,"1168":0,"1169":0,"1170":0,"1171":0,"1172":0,"1173":0,"1174":0,"1175":0,"1176":0,"1177":0,"1178":0,"1179":0,"1180":0,"1181":0,"1182":0,"1183":0,"1184":0,"1185":0,"1186":0,"1187":0,"1188":0,"1189":0,"1190":0,"1191":0,"1192":0,"1193":0,"1194":0,"1195":0,"1196":0,"1197":0,"1198":0,"1199":0,"1200":0,"1201":0,"1202":0,"1203":0,"1204":0,"1205":0,"1206":0,"1207":0,"1208":0,"1209":0,"1210":0,"1211":0,"1212":0,"1213":0,"1214":0,"1215":0,"1216":0,"1217":0,"1218":0,"1219":0,"1220":0,"1221":0,"1222":0,"1223":0,"1224":0,"1225":0,"1226":0,"1227":0,"1228":0,"1229":0,"1230":0,"1231":0,"1232":0,"1233":0,"1234":0,"1235":0,"1236":0,"1237":0,"1238":0,"1239":0,"1240":0,"1241":0,"1242":0,"1243":0,"1244":0,"1245":0,"1246":0},"f":{"0":0,"1":0,"2":0,"3":0,"4":0,"5":0,"6":0,"7":0,"8":0,"9":0,"10":0,"11":0,"12":0,"13":0,"14":0,"15":0,"16":0,"17":0,"18":0,"19":0,"20":0,"21":0,"22":0,"23":0,"24":0,"25":0,"26":0,"27":0,"28":0,"29":0,"30":0,"31":0,"32":0,"33":0,"34":0,"35":0,"36":0,"37":0,"38":0,"39":0,"40":0,"41":0,"42":0,"43":0,"44":0,"45":0,"46":0,"47":0,"48":0,"49":0,"50":0,"51":0,"52":0,"53":0,"54":0,"55":0,"56":0,"57":0,"58":0,"59":0,"60":0,"61":0,"62":0,"63":0,"64":0,"65":0,"66":0,"67":0,"68":0,"69":0,"70":0,"71":0,"72":0,"73":0,"74":0,"75":0,"76":0,"77":0,"78":0,"79":0,"80":0,"81":0,"82":0,"83":0,"84":0,"85":0,"86":0,"87":0,"88":0,"89":0,"90":0,"91":0,"92":0,"93":0,"94":0,"95":0,"96":0,"97":0,"98":0,"99":0,"100":0,"101":0,"102":0,"103":0,"104":0,"105":0,"106":0,"107":0,"108":0,"109":0,"110":0,"111":0,"112":0,"113":0,"114":0,"115":0,"116":0,"117":0,"118":0,"119":0,"120":0,"121":0,"122":0,"123":0,"124":0,"125":0,"126":0,"127":0,"128":0,"129":0,"130":0,"131":0,"132":0,"133":0,"134":0,"135":0,"136":0,"137":0,"138":0,"139":0,"140":0,"141":0,"142":0,"143":0,"144":0,"145":0,"146":0,"147":0,"148":0,"149":0,"150":0,"151":0,"152":0,"153":0,"154":0,"155":0,"156":0,"157":0,"158":0,"159":0,"160":0,"161":0,"162":0,"163":0,"164":0,"165":0,"166":0,"167":0,"168":0,"169":0,"170":0,"171":0,"172":0,"173":0,"174":0,"175":0,"176":0,"177":0,"178":0,"179":0,"180":0,"181":0,"182":0,"183":0,"184":0,"185":0,"186":0,"187":0,"188":0,"189":0,"190":0,"191":0,"192":0,"193":0,"194":0,"195":0,"196":0,"197":0,"198":0,"199":0,"200":0,"201":0,"202":0,"203":0,"204":0,"205":0,"206":0,"207":0,"208":0,"209":0,"210":0,"211":0,"212":0,"213":0,"214":0,"215":0,"216":0,"217":0,"218":0,"219":0,"220":0,"221":0,"222":0,"223":0,"224":0,"225":0,"226":0,"227":0,"228":0,"229":0,"230":0,"231":0,"232":0,"233":0,"234":0,"235":0,"236":0,"237":0,"238":0,"239":0,"240":0,"241":0,"242":0,"243":0,"244":0,"245":0,"246":0,"247":0,"248":0,"249":0,"250":0,"251":0,"252":0,"253":0,"254":0,"255":0,"256":0,"257":0,"258":0,"259":0,"260":0,"261":0,"262":0,"263":0,"264":0,"265":0,"266":0,"267":0,"268":0,"269":0,"270":0,"271":0,"272":0,"273":0},"b":{"0":[0,0,0,0,0,0,0,0,0,0],"1":[0,0],"2":[0,0],"3":[0,0],"4":[0,0],"5":[0,0],"6":[0,0],"7":[0,0],"8":[0,0],"9":[0,0],"10":[0,0],"11":[0,0],"12":[0,0],"13":[0,0],"14":[0,0],"15":[0,0],"16":[0,0],"17":[0,0],"18":[0,0],"19":[0,0],"20":[0,0],"21":[0,0],"22":[0,0],"23":[0,0],"24":[0,0],"25":[0,0],"26":[0,0],"27":[0,0],"28":[0,0],"29":[0,0],"30":[0,0],"31":[0,0],"32":[0,0],"33":[0,0],"34":[0,0],"35":[0,0],"36":[0,0],"37":[0,0],"38":[0,0],"39":[0,0],"40":[0,0],"41":[0,0],"42":[0,0],"43":[0,0,0,0,0,0],"44":[0,0],"45":[0,0],"46":[0,0],"47":[0,0],"48":[0,0],"49":[0,0],"50":[0,0],"51":[0,0],"52":[0,0],"53":[0,0,0,0],"54":[0,0],"55":[0,0],"56":[0,0],"57":[0,0],"58":[0,0],"59":[0,0],"60":[0,0],"61":[0,0],"62":[0,0,0,0,0],"63":[0,0],"64":[0,0],"65":[0,0],"66":[0,0],"67":[0,0],"68":[0,0],"69":[0,0],"70":[0,0],"71":[0,0],"72":[0,0,0,0,0,0],"73":[0,0],"74":[0,0],"75":[0,0],"76":[0,0],"77":[0,0],"78":[0,0],"79":[0,0],"80":[0,0],"81":[0,0],"82":[0,0],"83":[0,0,0,0,0,0,0],"84":[0,0],"85":[0,0],"86":[0,0],"87":[0,0],"88":[0,0],"89":[0,0],"90":[0,0],"91":[0,0],"92":[0,0],"93":[0,0],"94":[0,0,0,0,0],"95":[0,0],"96":[0,0],"97":[0,0],"98":[0,0],"99":[0,0],"100":[0,0],"101":[0,0],"102":[0,0,0,0,0],"103":[0,0],"104":[0,0],"105":[0,0],"106":[0,0],"107":[0,0],"108":[0,0],"109":[0,0],"110":[0,0,0,0,0],"111":[0,0],"112":[0,0],"113":[0,0],"114":[0,0],"115":[0,0],"116":[0,0],"117":[0,0],"118":[0,0],"119":[0,0],"120":[0,0],"121":[0,0],"122":[0,0],"123":[0,0],"124":[0,0],"125":[0,0],"126":[0,0],"127":[0,0],"128":[0,0],"129":[0,0],"130":[0,0,0],"131":[0,0],"132":[0,0],"133":[0,0],"134":[0,0],"135":[0,0],"136":[0,0],"137":[0,0],"138":[0,0],"139":[0,0],"140":[0,0],"141":[0,0],"142":[0,0,0],"143":[0,0],"144":[0,0],"145":[0,0],"146":[0,0],"147":[0,0],"148":[0,0],"149":[0,0],"150":[0,0,0],"151":[0,0],"152":[0,0],"153":[0,0],"154":[0,0],"155":[0,0],"156":[0,0],"157":[0,0],"158":[0,0],"159":[0,0],"160":[0,0],"161":[0,0],"162":[0,0],"163":[0,0],"164":[0,0],"165":[0,0],"166":[0,0],"167":[0,0],"168":[0,0],"169":[0,0],"170":[0,0],"171":[0,0],"172":[0,0],"173":[0,0,0,0],"174":[0,0],"175":[0,0],"176":[0,0],"177":[0,0],"178":[0,0],"179":[0,0],"180":[0,0],"181":[0,0,0,0],"182":[0,0],"183":[0,0],"184":[0,0]},"inputSourceMap":null}
,"/Users/jurriaanhartog/Development/juicetokens/src/utils/router.js": {"path":"/Users/jurriaanhartog/Development/juicetokens/src/utils/router.js","statementMap":{"0":{"start":{"line":4,"column":8},"end":{"line":4,"column":29}},"1":{"start":{"line":5,"column":8},"end":{"line":5,"column":33}},"2":{"start":{"line":6,"column":8},"end":{"line":6,"column":20}},"3":{"start":{"line":11,"column":8},"end":{"line":13,"column":11}},"4":{"start":{"line":12,"column":12},"end":{"line":12,"column":59}},"5":{"start":{"line":16,"column":8},"end":{"line":18,"column":11}},"6":{"start":{"line":17,"column":12},"end":{"line":17,"column":41}},"7":{"start":{"line":21,"column":8},"end":{"line":21,"column":55}},"8":{"start":{"line":26,"column":22},"end":{"line":26,"column":101}},"9":{"start":{"line":26,"column":44},"end":{"line":26,"column":59}},"10":{"start":{"line":26,"column":86},"end":{"line":26,"column":100}},"11":{"start":{"line":28,"column":8},"end":{"line":30,"column":9}},"12":{"start":{"line":29,"column":12},"end":{"line":29,"column":51}},"13":{"start":{"line":33,"column":8},"end":{"line":33,"column":34}},"14":{"start":{"line":36,"column":8},"end":{"line":48,"column":9}},"15":{"start":{"line":37,"column":27},"end":{"line":37,"column":50}},"16":{"start":{"line":38,"column":30},"end":{"line":38,"column":44}},"17":{"start":{"line":39,"column":32},"end":{"line":39,"column":71}},"18":{"start":{"line":40,"column":12},"end":{"line":40,"column":39}},"19":{"start":{"line":41,"column":12},"end":{"line":41,"column":39}},"20":{"start":{"line":43,"column":12},"end":{"line":43,"column":57}},"21":{"start":{"line":45,"column":12},"end":{"line":47,"column":13}},"22":{"start":{"line":46,"column":16},"end":{"line":46,"column":81}},"23":{"start":{"line":53,"column":15},"end":{"line":70,"column":1}},"24":{"start":{"line":56,"column":25},"end":{"line":56,"column":56}},"25":{"start":{"line":60,"column":25},"end":{"line":60,"column":58}},"26":{"start":{"line":64,"column":25},"end":{"line":64,"column":64}},"27":{"start":{"line":68,"column":25},"end":{"line":68,"column":60}},"28":{"start":{"line":72,"column":22},"end":{"line":72,"column":40}}},"fnMap":{"0":{"name":"(anonymous_0)","decl":{"start":{"line":3,"column":4},"end":{"line":3,"column":5}},"loc":{"start":{"line":3,"column":24},"end":{"line":7,"column":5}},"line":3},"1":{"name":"(anonymous_1)","decl":{"start":{"line":9,"column":4},"end":{"line":9,"column":5}},"loc":{"start":{"line":9,"column":11},"end":{"line":22,"column":5}},"line":9},"2":{"name":"(anonymous_2)","decl":{"start":{"line":11,"column":44},"end":{"line":11,"column":45}},"loc":{"start":{"line":11,"column":50},"end":{"line":13,"column":9}},"line":11},"3":{"name":"(anonymous_3)","decl":{"start":{"line":16,"column":44},"end":{"line":16,"column":45}},"loc":{"start":{"line":16,"column":51},"end":{"line":18,"column":9}},"line":16},"4":{"name":"(anonymous_4)","decl":{"start":{"line":24,"column":4},"end":{"line":24,"column":5}},"loc":{"start":{"line":24,"column":43},"end":{"line":49,"column":5}},"line":24},"5":{"name":"(anonymous_5)","decl":{"start":{"line":26,"column":39},"end":{"line":26,"column":40}},"loc":{"start":{"line":26,"column":44},"end":{"line":26,"column":59}},"line":26},"6":{"name":"(anonymous_6)","decl":{"start":{"line":26,"column":81},"end":{"line":26,"column":82}},"loc":{"start":{"line":26,"column":86},"end":{"line":26,"column":100}},"line":26},"7":{"name":"(anonymous_7)","decl":{"start":{"line":56,"column":19},"end":{"line":56,"column":20}},"loc":{"start":{"line":56,"column":25},"end":{"line":56,"column":56}},"line":56},"8":{"name":"(anonymous_8)","decl":{"start":{"line":60,"column":19},"end":{"line":60,"column":20}},"loc":{"start":{"line":60,"column":25},"end":{"line":60,"column":58}},"line":60},"9":{"name":"(anonymous_9)","decl":{"start":{"line":64,"column":19},"end":{"line":64,"column":20}},"loc":{"start":{"line":64,"column":25},"end":{"line":64,"column":64}},"line":64},"10":{"name":"(anonymous_10)","decl":{"start":{"line":68,"column":19},"end":{"line":68,"column":20}},"loc":{"start":{"line":68,"column":25},"end":{"line":68,"column":60}},"line":68}},"branchMap":{"0":{"loc":{"start":{"line":24,"column":25},"end":{"line":24,"column":41}},"type":"default-arg","locations":[{"start":{"line":24,"column":37},"end":{"line":24,"column":41}}],"line":24},"1":{"loc":{"start":{"line":26,"column":22},"end":{"line":26,"column":101}},"type":"binary-expr","locations":[{"start":{"line":26,"column":22},"end":{"line":26,"column":60}},{"start":{"line":26,"column":64},"end":{"line":26,"column":101}}],"line":26},"2":{"loc":{"start":{"line":28,"column":8},"end":{"line":30,"column":9}},"type":"if","locations":[{"start":{"line":28,"column":8},"end":{"line":30,"column":9}},{"start":{},"end":{}}],"line":28},"3":{"loc":{"start":{"line":45,"column":12},"end":{"line":47,"column":13}},"type":"if","locations":[{"start":{"line":45,"column":12},"end":{"line":47,"column":13}},{"start":{},"end":{}}],"line":45}},"s":{"0":0,"1":0,"2":0,"3":0,"4":0,"5":0,"6":0,"7":0,"8":0,"9":0,"10":0,"11":0,"12":0,"13":0,"14":0,"15":0,"16":0,"17":0,"18":0,"19":0,"20":0,"21":0,"22":0,"23":0,"24":0,"25":0,"26":0,"27":0,"28":0},"f":{"0":0,"1":0,"2":0,"3":0,"4":0,"5":0,"6":0,"7":0,"8":0,"9":0,"10":0},"b":{"0":[0],"1":[0,0],"2":[0,0],"3":[0,0]},"inputSourceMap":null}
,"/Users/jurriaanhartog/Development/juicetokens/src/utils/store.js": {"path":"/Users/jurriaanhartog/Development/juicetokens/src/utils/store.js","statementMap":{"0":{"start":{"line":4,"column":8},"end":{"line":4,"column":34}},"1":{"start":{"line":5,"column":8},"end":{"line":5,"column":28}},"2":{"start":{"line":9,"column":8},"end":{"line":9,"column":26}},"3":{"start":{"line":13,"column":8},"end":{"line":13,"column":52}},"4":{"start":{"line":14,"column":8},"end":{"line":14,"column":22}},"5":{"start":{"line":18,"column":8},"end":{"line":18,"column":38}},"6":{"start":{"line":19,"column":8},"end":{"line":21,"column":10}},"7":{"start":{"line":20,"column":12},"end":{"line":20,"column":72}},"8":{"start":{"line":20,"column":56},"end":{"line":20,"column":70}},"9":{"start":{"line":25,"column":8},"end":{"line":25,"column":65}},"10":{"start":{"line":25,"column":43},"end":{"line":25,"column":63}},"11":{"start":{"line":30,"column":21},"end":{"line":38,"column":1}},"12":{"start":{"line":40,"column":21},"end":{"line":40,"column":44}},"13":{"start":{"line":43,"column":23},"end":{"line":65,"column":1}},"14":{"start":{"line":45,"column":8},"end":{"line":45,"column":33}},"15":{"start":{"line":49,"column":8},"end":{"line":49,"column":35}},"16":{"start":{"line":53,"column":33},"end":{"line":53,"column":49}},"17":{"start":{"line":54,"column":8},"end":{"line":56,"column":11}},"18":{"start":{"line":60,"column":46},"end":{"line":60,"column":62}},"19":{"start":{"line":61,"column":8},"end":{"line":63,"column":11}}},"fnMap":{"0":{"name":"(anonymous_0)","decl":{"start":{"line":3,"column":4},"end":{"line":3,"column":5}},"loc":{"start":{"line":3,"column":35},"end":{"line":6,"column":5}},"line":3},"1":{"name":"(anonymous_1)","decl":{"start":{"line":8,"column":4},"end":{"line":8,"column":5}},"loc":{"start":{"line":8,"column":15},"end":{"line":10,"column":5}},"line":8},"2":{"name":"(anonymous_2)","decl":{"start":{"line":12,"column":4},"end":{"line":12,"column":5}},"loc":{"start":{"line":12,"column":23},"end":{"line":15,"column":5}},"line":12},"3":{"name":"(anonymous_3)","decl":{"start":{"line":17,"column":4},"end":{"line":17,"column":5}},"loc":{"start":{"line":17,"column":24},"end":{"line":22,"column":5}},"line":17},"4":{"name":"(anonymous_4)","decl":{"start":{"line":19,"column":15},"end":{"line":19,"column":16}},"loc":{"start":{"line":19,"column":21},"end":{"line":21,"column":9}},"line":19},"5":{"name":"(anonymous_5)","decl":{"start":{"line":20,"column":51},"end":{"line":20,"column":52}},"loc":{"start":{"line":20,"column":56},"end":{"line":20,"column":70}},"line":20},"6":{"name":"(anonymous_6)","decl":{"start":{"line":24,"column":4},"end":{"line":24,"column":5}},"loc":{"start":{"line":24,"column":13},"end":{"line":26,"column":5}},"line":24},"7":{"name":"(anonymous_7)","decl":{"start":{"line":25,"column":31},"end":{"line":25,"column":32}},"loc":{"start":{"line":25,"column":43},"end":{"line":25,"column":63}},"line":25},"8":{"name":"(anonymous_8)","decl":{"start":{"line":44,"column":13},"end":{"line":44,"column":14}},"loc":{"start":{"line":44,"column":23},"end":{"line":46,"column":5}},"line":44},"9":{"name":"(anonymous_9)","decl":{"start":{"line":48,"column":15},"end":{"line":48,"column":16}},"loc":{"start":{"line":48,"column":27},"end":{"line":50,"column":5}},"line":48},"10":{"name":"(anonymous_10)","decl":{"start":{"line":52,"column":20},"end":{"line":52,"column":21}},"loc":{"start":{"line":52,"column":37},"end":{"line":57,"column":5}},"line":52},"11":{"name":"(anonymous_11)","decl":{"start":{"line":59,"column":20},"end":{"line":59,"column":21}},"loc":{"start":{"line":59,"column":34},"end":{"line":64,"column":5}},"line":59}},"branchMap":{"0":{"loc":{"start":{"line":3,"column":16},"end":{"line":3,"column":33}},"type":"default-arg","locations":[{"start":{"line":3,"column":31},"end":{"line":3,"column":33}}],"line":3}},"s":{"0":0,"1":0,"2":0,"3":0,"4":0,"5":0,"6":0,"7":0,"8":0,"9":0,"10":0,"11":0,"12":0,"13":0,"14":0,"15":0,"16":0,"17":0,"18":0,"19":0},"f":{"0":0,"1":0,"2":0,"3":0,"4":0,"5":0,"6":0,"7":0,"8":0,"9":0,"10":0,"11":0},"b":{"0":[0]},"inputSourceMap":null}
}
