TN:
SF:packages/app/src/index.ts
FN:5,(anonymous_0)
FN:6,(anonymous_1)
FN:7,(anonymous_2)
FN:8,(anonymous_3)
FNF:4
FNH:0
FNDA:0,(anonymous_0)
FNDA:0,(anonymous_1)
FNDA:0,(anonymous_2)
FNDA:0,(anonymous_3)
DA:1,0
DA:4,0
DA:5,0
DA:6,0
DA:7,0
DA:8,0
DA:12,0
DA:13,0
DA:14,0
DA:17,0
DA:18,0
LF:11
LH:0
BRDA:17,0,0,0
BRDA:17,0,1,0
BRF:2
BRH:0
end_of_record
TN:
SF:packages/common/src/index.ts
FN:4,isValidDenomination
FNF:1
FNH:0
FNDA:0,isValidDenomination
DA:4,0
DA:5,0
DA:6,0
DA:18,0
LF:4
LH:0
BRF:0
BRH:0
end_of_record
TN:
SF:packages/core-adapters/src/index.ts
FN:34,initAdapters
FN:68,getCurrentPlatform
FN:75,resetAdapters
FNF:3
FNH:2
FNDA:1,initAdapters
FNDA:0,getCurrentPlatform
FNDA:6,resetAdapters
DA:2,1
DA:5,1
DA:8,1
DA:11,1
DA:14,1
DA:20,1
DA:26,1
DA:34,1
DA:36,1
DA:37,1
DA:41,1
DA:42,1
DA:43,1
DA:46,1
DA:47,1
DA:48,1
DA:52,1
DA:53,1
DA:54,1
DA:58,1
DA:59,1
DA:60,1
DA:68,1
DA:69,0
DA:75,1
DA:77,6
DA:80,6
DA:81,6
DA:82,6
DA:85,6
DA:86,1
DA:89,6
DA:90,1
DA:93,6
DA:94,1
LF:35
LH:34
BRDA:36,0,0,1
BRDA:42,1,0,1
BRDA:42,2,0,1
BRDA:42,2,1,1
BRDA:47,3,0,1
BRDA:53,4,0,1
BRDA:59,5,0,1
BRF:7
BRH:7
end_of_record
TN:
SF:packages/core-adapters/src/config/index.ts
FNF:0
FNH:0
DA:1,1
DA:2,1
LF:2
LH:2
BRF:0
BRH:0
end_of_record
TN:
SF:packages/core-adapters/src/config/manager.ts
FN:27,(anonymous_0)
FN:34,(anonymous_1)
FN:44,(anonymous_2)
FN:57,(anonymous_3)
FN:64,(anonymous_4)
FN:71,(anonymous_5)
FN:78,(anonymous_6)
FN:85,(anonymous_7)
FN:92,(anonymous_8)
FN:93,(anonymous_9)
FN:99,(anonymous_10)
FN:100,(anonymous_11)
FN:106,(anonymous_12)
FN:107,(anonymous_13)
FN:113,(anonymous_14)
FN:115,(anonymous_15)
FN:127,(anonymous_16)
FN:129,(anonymous_17)
FN:141,(anonymous_18)
FN:143,(anonymous_19)
FN:155,(anonymous_20)
FN:158,(anonymous_21)
FN:169,(anonymous_22)
FN:172,(anonymous_23)
FN:183,(anonymous_24)
FN:186,(anonymous_25)
FN:197,(anonymous_26)
FNF:27
FNH:11
FNDA:1,(anonymous_0)
FNDA:11,(anonymous_1)
FNDA:2,(anonymous_2)
FNDA:0,(anonymous_3)
FNDA:1,(anonymous_4)
FNDA:1,(anonymous_5)
FNDA:1,(anonymous_6)
FNDA:0,(anonymous_7)
FNDA:1,(anonymous_8)
FNDA:1,(anonymous_9)
FNDA:1,(anonymous_10)
FNDA:1,(anonymous_11)
FNDA:0,(anonymous_12)
FNDA:0,(anonymous_13)
FNDA:0,(anonymous_14)
FNDA:0,(anonymous_15)
FNDA:0,(anonymous_16)
FNDA:0,(anonymous_17)
FNDA:0,(anonymous_18)
FNDA:0,(anonymous_19)
FNDA:0,(anonymous_20)
FNDA:0,(anonymous_21)
FNDA:0,(anonymous_22)
FNDA:0,(anonymous_23)
FNDA:0,(anonymous_24)
FNDA:0,(anonymous_25)
FNDA:6,(anonymous_26)
DA:11,1
DA:23,1
DA:28,1
DA:35,11
DA:36,1
DA:38,11
DA:46,2
DA:58,0
DA:65,1
DA:72,1
DA:79,1
DA:86,0
DA:93,1
DA:100,1
DA:107,0
DA:114,0
DA:115,0
DA:117,0
DA:118,0
DA:120,0
DA:128,0
DA:129,0
DA:131,0
DA:132,0
DA:134,0
DA:142,0
DA:143,0
DA:145,0
DA:146,0
DA:148,0
DA:156,0
DA:158,0
DA:159,0
DA:160,0
DA:161,0
DA:163,0
DA:170,0
DA:172,0
DA:173,0
DA:174,0
DA:175,0
DA:177,0
DA:184,0
DA:186,0
DA:187,0
DA:188,0
DA:189,0
DA:191,0
DA:198,6
LF:49
LH:13
BRDA:35,0,0,1
BRDA:47,1,0,2
BRDA:47,1,1,0
BRDA:48,2,0,2
BRDA:48,2,1,0
BRDA:49,3,0,2
BRDA:49,3,1,1
BRDA:65,4,0,1
BRDA:65,4,1,0
BRDA:72,5,0,1
BRDA:72,5,1,0
BRDA:79,6,0,1
BRDA:79,6,1,0
BRDA:86,7,0,0
BRDA:86,7,1,0
BRDA:114,8,0,0
BRDA:114,8,1,0
BRDA:117,9,0,0
BRDA:117,9,1,0
BRDA:128,10,0,0
BRDA:128,10,1,0
BRDA:131,11,0,0
BRDA:131,11,1,0
BRDA:142,12,0,0
BRDA:142,12,1,0
BRDA:145,13,0,0
BRDA:145,13,1,0
BRDA:156,14,0,0
BRDA:159,15,0,0
BRDA:170,16,0,0
BRDA:173,17,0,0
BRDA:184,18,0,0
BRDA:187,19,0,0
BRF:33
BRH:8
end_of_record
TN:
SF:packages/core-adapters/src/environment/detector.ts
FN:19,(anonymous_0)
FN:24,(anonymous_1)
FN:34,(anonymous_2)
FN:41,(anonymous_3)
FN:48,(anonymous_4)
FN:56,(anonymous_5)
FN:71,(anonymous_6)
FN:86,(anonymous_7)
FN:100,(anonymous_8)
FN:148,(anonymous_9)
FN:186,(anonymous_10)
FNF:11
FNH:8
FNDA:1,(anonymous_0)
FNDA:1,(anonymous_1)
FNDA:0,(anonymous_2)
FNDA:0,(anonymous_3)
FNDA:0,(anonymous_4)
FNDA:1,(anonymous_5)
FNDA:1,(anonymous_6)
FNDA:1,(anonymous_7)
FNDA:1,(anonymous_8)
FNDA:1,(anonymous_9)
FNDA:1,(anonymous_10)
DA:1,1
DA:2,1
DA:13,1
DA:15,1
DA:16,1
DA:17,1
DA:25,1
DA:26,1
DA:28,1
DA:35,0
DA:42,0
DA:49,0
DA:57,1
DA:58,1
DA:61,0
DA:62,0
DA:64,0
DA:72,1
DA:73,1
DA:76,0
DA:77,0
DA:79,0
DA:87,1
DA:88,1
DA:91,0
DA:92,0
DA:94,0
DA:101,1
DA:102,1
DA:103,1
DA:105,1
DA:106,0
DA:110,1
DA:113,0
DA:114,0
DA:116,0
DA:119,0
DA:123,1
DA:124,1
DA:126,0
DA:129,1
DA:133,0
DA:134,0
DA:135,0
DA:138,0
DA:142,1
DA:149,1
DA:150,1
DA:151,1
DA:153,1
DA:154,0
DA:158,1
DA:161,0
DA:162,0
DA:163,0
DA:166,0
DA:170,1
DA:171,1
DA:173,1
DA:176,0
DA:180,0
DA:187,1
DA:188,1
DA:189,1
DA:191,1
DA:192,0
DA:196,1
DA:198,0
DA:199,0
DA:200,0
DA:203,1
DA:205,0
DA:206,0
DA:207,0
DA:213,1
DA:215,0
DA:216,0
DA:217,0
DA:220,0
DA:224,1
LF:80
LH:40
BRDA:25,0,0,1
BRDA:57,1,0,1
BRDA:72,2,0,1
BRDA:87,3,0,1
BRDA:105,4,0,0
BRDA:110,5,0,0
BRDA:110,5,1,1
BRDA:110,5,2,0
BRDA:114,6,0,0
BRDA:114,7,0,0
BRDA:114,7,1,0
BRDA:124,8,0,0
BRDA:124,9,0,1
BRDA:124,9,1,1
BRDA:134,10,0,0
BRDA:153,11,0,0
BRDA:158,12,0,0
BRDA:158,12,1,1
BRDA:162,13,0,0
BRDA:171,14,0,1
BRDA:171,15,0,1
BRDA:171,15,1,0
BRDA:191,16,0,0
BRDA:196,17,0,0
BRDA:196,17,1,1
BRDA:199,18,0,0
BRDA:203,19,0,0
BRDA:206,20,0,0
BRDA:213,21,0,0
BRDA:216,22,0,0
BRF:30
BRH:11
end_of_record
TN:
SF:packages/core-adapters/src/environment/index.ts
FNF:0
FNH:0
DA:1,1
DA:2,1
LF:2
LH:2
BRF:0
BRH:0
end_of_record
TN:
SF:packages/core-adapters/src/environment/platform.ts
FN:4,(anonymous_0)
FN:28,detectPlatformType
FN:54,getPlatformInfo
FNF:3
FNH:3
FNDA:1,(anonymous_0)
FNDA:4,detectPlatformType
FNDA:4,getPlatformInfo
DA:4,1
DA:5,1
DA:6,1
DA:7,1
DA:8,1
DA:9,1
DA:28,1
DA:29,4
DA:31,0
DA:32,0
DA:36,0
DA:37,0
DA:40,0
DA:44,4
DA:45,4
DA:48,0
DA:54,1
DA:55,4
DA:57,4
DA:58,4
DA:59,4
DA:60,4
DA:64,4
DA:66,0
DA:67,0
DA:68,0
DA:69,0
DA:72,0
DA:73,0
DA:74,0
DA:75,0
DA:76,0
DA:77,0
DA:78,0
DA:79,0
DA:80,0
DA:81,0
DA:82,0
DA:83,0
DA:84,0
DA:85,0
DA:86,0
DA:87,0
DA:88,0
DA:89,0
DA:90,0
DA:91,0
DA:94,0
DA:97,4
DA:98,4
DA:99,4
DA:100,4
DA:102,4
DA:103,4
DA:104,4
DA:106,4
DA:109,0
DA:110,0
DA:111,0
DA:112,0
DA:113,0
DA:116,0
DA:117,0
DA:118,0
DA:119,0
DA:121,0
DA:122,0
DA:124,0
DA:127,0
DA:130,4
LF:70
LH:26
BRDA:4,0,0,1
BRDA:4,0,1,1
BRDA:29,1,0,0
BRDA:29,2,0,4
BRDA:29,2,1,0
BRDA:31,3,0,0
BRDA:31,4,0,0
BRDA:31,4,1,0
BRDA:31,4,2,0
BRDA:36,5,0,0
BRDA:36,6,0,0
BRDA:36,6,1,0
BRDA:44,7,0,4
BRDA:44,8,0,4
BRDA:44,8,1,4
BRDA:44,8,2,4
BRDA:64,9,0,0
BRDA:64,9,1,4
BRDA:64,9,2,0
BRDA:64,9,3,0
BRDA:64,9,4,0
BRDA:66,10,0,0
BRDA:66,10,1,0
BRDA:67,11,0,0
BRDA:67,11,1,0
BRDA:72,12,0,0
BRDA:74,13,0,0
BRDA:74,13,1,0
BRDA:77,14,0,0
BRDA:77,14,1,0
BRDA:78,15,0,0
BRDA:78,15,1,0
BRDA:81,16,0,0
BRDA:81,16,1,0
BRDA:82,17,0,0
BRDA:82,17,1,0
BRDA:84,18,0,0
BRDA:84,18,1,0
BRDA:87,19,0,0
BRDA:87,19,1,0
BRDA:88,20,0,0
BRDA:91,21,0,0
BRDA:91,21,1,0
BRDA:102,22,0,4
BRDA:102,23,0,4
BRDA:102,23,1,4
BRDA:116,24,0,0
BRDA:116,24,1,0
BRDA:121,25,0,0
BRDA:121,26,0,0
BRDA:121,26,1,0
BRF:51
BRH:11
end_of_record
TN:
SF:packages/core-adapters/src/factories/hardware-factory.ts
FN:11,(anonymous_0)
FN:18,(anonymous_1)
FN:28,(anonymous_2)
FN:40,(anonymous_3)
FN:50,(anonymous_4)
FN:61,(anonymous_5)
FN:71,(anonymous_6)
FN:78,(anonymous_7)
FN:85,(anonymous_8)
FNF:9
FNH:7
FNDA:1,(anonymous_0)
FNDA:12,(anonymous_1)
FNDA:2,(anonymous_2)
FNDA:1,(anonymous_3)
FNDA:0,(anonymous_4)
FNDA:2,(anonymous_5)
FNDA:7,(anonymous_6)
FNDA:0,(anonymous_7)
FNDA:1,(anonymous_8)
DA:6,1
DA:9,1
DA:12,1
DA:19,12
DA:20,1
DA:22,12
DA:29,2
DA:32,2
DA:33,2
DA:41,1
DA:42,0
DA:44,1
DA:51,0
DA:52,0
DA:53,0
DA:55,0
DA:62,2
DA:63,0
DA:65,2
DA:72,7
DA:79,0
DA:86,1
DA:87,1
DA:89,1
LF:24
LH:17
BRDA:19,0,0,1
BRDA:32,1,0,2
BRDA:41,2,0,0
BRDA:52,3,0,0
BRDA:62,4,0,0
BRDA:62,5,0,2
BRDA:62,5,1,2
BRDA:86,6,0,1
BRF:8
BRH:5
end_of_record
TN:
SF:packages/core-adapters/src/factories/index.ts
FNF:0
FNH:0
DA:1,1
DA:2,1
DA:3,1
LF:3
LH:3
BRF:0
BRH:0
end_of_record
TN:
SF:packages/core-adapters/src/factories/network-factory.ts
FN:11,(anonymous_0)
FN:18,(anonymous_1)
FN:28,(anonymous_2)
FN:40,(anonymous_3)
FN:50,(anonymous_4)
FN:61,(anonymous_5)
FN:71,(anonymous_6)
FN:78,(anonymous_7)
FN:85,(anonymous_8)
FNF:9
FNH:7
FNDA:1,(anonymous_0)
FNDA:12,(anonymous_1)
FNDA:2,(anonymous_2)
FNDA:1,(anonymous_3)
FNDA:0,(anonymous_4)
FNDA:2,(anonymous_5)
FNDA:7,(anonymous_6)
FNDA:0,(anonymous_7)
FNDA:1,(anonymous_8)
DA:6,1
DA:9,1
DA:12,1
DA:19,12
DA:20,1
DA:22,12
DA:29,2
DA:32,2
DA:33,2
DA:41,1
DA:42,0
DA:44,1
DA:51,0
DA:52,0
DA:53,0
DA:55,0
DA:62,2
DA:63,0
DA:65,2
DA:72,7
DA:79,0
DA:86,1
DA:87,1
DA:89,1
LF:24
LH:17
BRDA:19,0,0,1
BRDA:32,1,0,2
BRDA:41,2,0,0
BRDA:52,3,0,0
BRDA:62,4,0,0
BRDA:62,5,0,2
BRDA:62,5,1,2
BRDA:86,6,0,1
BRF:8
BRH:5
end_of_record
TN:
SF:packages/core-adapters/src/factories/storage-factory.ts
FN:11,(anonymous_0)
FN:18,(anonymous_1)
FN:28,(anonymous_2)
FN:40,(anonymous_3)
FN:50,(anonymous_4)
FN:61,(anonymous_5)
FN:71,(anonymous_6)
FN:78,(anonymous_7)
FN:85,(anonymous_8)
FNF:9
FNH:7
FNDA:1,(anonymous_0)
FNDA:12,(anonymous_1)
FNDA:2,(anonymous_2)
FNDA:1,(anonymous_3)
FNDA:0,(anonymous_4)
FNDA:2,(anonymous_5)
FNDA:7,(anonymous_6)
FNDA:0,(anonymous_7)
FNDA:1,(anonymous_8)
DA:6,1
DA:9,1
DA:12,1
DA:19,12
DA:20,1
DA:22,12
DA:29,2
DA:32,2
DA:33,2
DA:41,1
DA:42,0
DA:44,1
DA:51,0
DA:52,0
DA:53,0
DA:55,0
DA:62,2
DA:63,0
DA:65,2
DA:72,7
DA:79,0
DA:86,1
DA:87,1
DA:89,1
LF:24
LH:17
BRDA:19,0,0,1
BRDA:32,1,0,2
BRDA:41,2,0,0
BRDA:52,3,0,0
BRDA:62,4,0,0
BRDA:62,5,0,2
BRDA:62,5,1,2
BRDA:86,6,0,1
BRF:8
BRH:5
end_of_record
TN:
SF:packages/core-adapters/src/interfaces/index.ts
FNF:0
FNH:0
DA:1,1
DA:2,1
DA:3,1
LF:3
LH:3
BRF:0
BRH:0
end_of_record
TN:
SF:packages/foundation/src/index.ts
FNF:0
FNH:0
DA:12,0
DA:15,0
DA:18,0
LF:3
LH:0
BRF:0
BRH:0
end_of_record
TN:
SF:packages/foundation/src/hardware/hardware-capability-detector.ts
FN:43,(anonymous_0)
FN:67,(anonymous_1)
FN:75,(anonymous_2)
FN:97,(anonymous_3)
FN:126,(anonymous_4)
FN:149,(anonymous_5)
FNF:6
FNH:0
FNDA:0,(anonymous_0)
FNDA:0,(anonymous_1)
FNDA:0,(anonymous_2)
FNDA:0,(anonymous_3)
FNDA:0,(anonymous_4)
FNDA:0,(anonymous_5)
DA:2,0
DA:31,0
DA:35,0
DA:48,0
DA:49,0
DA:52,0
DA:67,0
DA:68,0
DA:76,0
DA:78,0
DA:79,0
DA:80,0
DA:86,0
DA:87,0
DA:89,0
DA:98,0
DA:100,0
DA:101,0
DA:102,0
DA:109,0
DA:110,0
DA:111,0
DA:112,0
DA:114,0
DA:115,0
DA:127,0
DA:129,0
DA:130,0
DA:131,0
DA:132,0
DA:134,0
DA:135,0
DA:143,0
DA:150,0
DA:153,0
DA:154,0
DA:156,0
DA:157,0
DA:159,0
DA:160,0
DA:162,0
DA:163,0
DA:169,0
DA:173,0
DA:175,0
LF:45
LH:0
BRDA:46,0,0,0
BRDA:100,1,0,0
BRDA:111,2,0,0
BRDA:111,2,1,0
BRDA:157,3,0,0
BRDA:157,3,1,0
BRDA:159,4,0,0
BRDA:162,5,0,0
BRDA:169,6,0,0
BRDA:169,6,1,0
BRF:10
BRH:0
end_of_record
TN:
SF:packages/foundation/src/hardware/index.ts
FN:13,(anonymous_4)
FNF:1
FNH:0
FNDA:0,(anonymous_4)
DA:6,0
DA:9,0
DA:10,0
DA:13,0
LF:4
LH:0
BRF:0
BRH:0
end_of_record
TN:
SF:packages/foundation/src/hardware/interfaces.ts
FN:6,(anonymous_0)
FNF:1
FNH:0
FNDA:0,(anonymous_0)
DA:6,0
DA:7,0
DA:8,0
DA:9,0
DA:10,0
DA:11,0
DA:12,0
DA:13,0
LF:8
LH:0
BRDA:6,0,0,0
BRDA:6,0,1,0
BRF:2
BRH:0
end_of_record
TN:
SF:packages/foundation/src/hardware/mock-capability-provider-factory.ts
FN:24,(anonymous_0)
FN:46,(anonymous_1)
FN:49,(anonymous_2)
FN:72,(anonymous_3)
FN:79,(anonymous_4)
FN:89,(anonymous_5)
FN:110,(anonymous_6)
FNF:7
FNH:0
FNDA:0,(anonymous_0)
FNDA:0,(anonymous_1)
FNDA:0,(anonymous_2)
FNDA:0,(anonymous_3)
FNDA:0,(anonymous_4)
FNDA:0,(anonymous_5)
FNDA:0,(anonymous_6)
DA:2,0
DA:29,0
DA:30,0
DA:31,0
DA:48,0
DA:49,0
DA:51,0
DA:53,0
DA:65,0
DA:66,0
DA:72,0
DA:83,0
DA:98,0
DA:104,0
DA:112,0
LF:15
LH:0
BRDA:27,0,0,0
BRDA:72,1,0,0
BRF:2
BRH:0
end_of_record
TN:
SF:packages/foundation/src/tee/index.ts
FNF:0
FNH:0
DA:6,0
DA:9,0
LF:2
LH:0
BRF:0
BRH:0
end_of_record
TN:
SF:packages/foundation/src/tee/tee-simulator.ts
FN:17,(anonymous_0)
FN:35,(anonymous_1)
FN:43,(anonymous_2)
FN:84,(anonymous_3)
FN:131,(anonymous_4)
FN:147,(anonymous_5)
FN:165,(anonymous_6)
FN:172,(anonymous_7)
FN:178,(anonymous_8)
FN:188,(anonymous_9)
FNF:10
FNH:0
FNDA:0,(anonymous_0)
FNDA:0,(anonymous_1)
FNDA:0,(anonymous_2)
FNDA:0,(anonymous_3)
FNDA:0,(anonymous_4)
FNDA:0,(anonymous_5)
FNDA:0,(anonymous_6)
FNDA:0,(anonymous_7)
FNDA:0,(anonymous_8)
FNDA:0,(anonymous_9)
DA:7,0
DA:10,0
DA:18,0
DA:19,0
DA:29,0
DA:36,0
DA:37,0
DA:44,0
DA:46,0
DA:47,0
DA:48,0
DA:55,0
DA:57,0
DA:60,0
DA:62,0
DA:63,0
DA:64,0
DA:68,0
DA:70,0
DA:85,0
DA:87,0
DA:90,0
DA:91,0
DA:94,0
DA:95,0
DA:98,0
DA:102,0
DA:104,0
DA:105,0
DA:106,0
DA:107,0
DA:112,0
DA:113,0
DA:114,0
DA:119,0
DA:120,0
DA:121,0
DA:124,0
DA:132,0
DA:134,0
DA:135,0
DA:136,0
DA:137,0
DA:139,0
DA:140,0
DA:148,0
DA:150,0
DA:152,0
DA:153,0
DA:154,0
DA:156,0
DA:157,0
DA:166,0
DA:169,0
DA:170,0
DA:172,0
DA:179,0
DA:180,0
DA:189,0
DA:190,0
DA:193,0
DA:194,0
LF:62
LH:0
BRDA:17,0,0,0
BRDA:46,1,0,0
BRDA:60,2,0,0
BRDA:60,3,0,0
BRDA:60,3,1,0
BRDA:90,4,0,0
BRDA:90,5,0,0
BRDA:90,5,1,0
BRDA:94,6,0,0
BRDA:102,7,0,0
BRDA:102,7,1,0
BRDA:102,7,2,0
BRDA:102,7,3,0
BRDA:104,8,0,0
BRDA:104,8,1,0
BRDA:152,9,0,0
BRDA:152,9,1,0
BRDA:166,10,0,0
BRDA:189,11,0,0
BRF:19
BRH:0
end_of_record
TN:
SF:packages/foundation/src/time/base-time-source.ts
FN:39,(anonymous_0)
FN:58,(anonymous_1)
FN:66,(anonymous_2)
FN:74,(anonymous_3)
FN:82,(anonymous_4)
FNF:5
FNH:0
FNDA:0,(anonymous_0)
FNDA:0,(anonymous_1)
FNDA:0,(anonymous_2)
FNDA:0,(anonymous_3)
FNDA:0,(anonymous_4)
DA:7,0
DA:26,0
DA:31,0
DA:40,0
DA:41,0
DA:42,0
DA:60,0
DA:67,0
DA:75,0
DA:84,0
LF:10
LH:0
BRF:0
BRH:0
end_of_record
TN:
SF:packages/foundation/src/time/index.ts
FN:20,(anonymous_4)
FN:21,(anonymous_5)
FNF:2
FNH:0
FNDA:0,(anonymous_4)
FNDA:0,(anonymous_5)
DA:6,0
DA:9,0
DA:10,0
DA:11,0
DA:14,0
DA:15,0
DA:16,0
DA:19,0
DA:20,0
DA:21,0
LF:10
LH:0
BRF:0
BRH:0
end_of_record
TN:
SF:packages/foundation/src/time/interfaces.ts
FN:6,(anonymous_0)
FN:137,(anonymous_1)
FNF:2
FNH:0
FNDA:0,(anonymous_0)
FNDA:0,(anonymous_1)
DA:6,0
DA:7,0
DA:8,0
DA:9,0
DA:10,0
DA:11,0
DA:12,0
DA:13,0
DA:137,0
DA:138,0
DA:139,0
DA:140,0
DA:141,0
DA:142,0
LF:14
LH:0
BRDA:6,0,0,0
BRDA:6,0,1,0
BRDA:137,1,0,0
BRDA:137,1,1,0
BRF:4
BRH:0
end_of_record
TN:
SF:packages/foundation/src/time/ntp-time-source.ts
FN:55,(anonymous_0)
FN:89,(anonymous_1)
FN:107,(anonymous_2)
FN:131,(anonymous_3)
FN:134,(anonymous_4)
FN:137,(anonymous_5)
FN:139,(anonymous_6)
FN:146,(anonymous_7)
FN:185,(anonymous_8)
FN:195,(anonymous_9)
FN:202,(anonymous_10)
FN:212,(anonymous_11)
FNF:12
FNH:0
FNDA:0,(anonymous_0)
FNDA:0,(anonymous_1)
FNDA:0,(anonymous_2)
FNDA:0,(anonymous_3)
FNDA:0,(anonymous_4)
FNDA:0,(anonymous_5)
FNDA:0,(anonymous_6)
FNDA:0,(anonymous_7)
FNDA:0,(anonymous_8)
FNDA:0,(anonymous_9)
FNDA:0,(anonymous_10)
FNDA:0,(anonymous_11)
DA:2,0
DA:3,0
DA:43,0
DA:45,0
DA:46,0
DA:47,0
DA:60,0
DA:62,0
DA:73,0
DA:75,0
DA:76,0
DA:77,0
DA:81,0
DA:82,0
DA:90,0
DA:91,0
DA:94,0
DA:97,0
DA:99,0
DA:100,0
DA:108,0
DA:109,0
DA:112,0
DA:114,0
DA:117,0
DA:121,0
DA:123,0
DA:124,0
DA:133,0
DA:134,0
DA:137,0
DA:138,0
DA:139,0
DA:147,0
DA:149,0
DA:150,0
DA:153,0
DA:161,0
DA:162,0
DA:165,0
DA:167,0
DA:170,0
DA:171,0
DA:174,0
DA:175,0
DA:177,0
DA:178,0
DA:186,0
DA:187,0
DA:188,0
DA:196,0
DA:203,0
DA:204,0
DA:206,0
DA:213,0
DA:214,0
DA:216,0
LF:57
LH:0
BRDA:58,0,0,0
BRDA:75,1,0,0
BRDA:81,2,0,0
BRDA:81,3,0,0
BRDA:81,3,1,0
BRDA:90,4,0,0
BRDA:108,5,0,0
BRDA:112,6,0,0
BRDA:147,7,0,0
BRDA:186,8,0,0
BRDA:203,9,0,0
BRDA:213,10,0,0
BRF:12
BRH:0
end_of_record
TN:
SF:packages/foundation/src/time/system-time-source.ts
FN:35,(anonymous_0)
FN:63,(anonymous_1)
FN:71,(anonymous_2)
FN:79,(anonymous_3)
FN:85,(anonymous_4)
FN:94,(anonymous_5)
FN:130,(anonymous_6)
FN:140,(anonymous_7)
FNF:8
FNH:0
FNDA:0,(anonymous_0)
FNDA:0,(anonymous_1)
FNDA:0,(anonymous_2)
FNDA:0,(anonymous_3)
FNDA:0,(anonymous_4)
FNDA:0,(anonymous_5)
FNDA:0,(anonymous_6)
FNDA:0,(anonymous_7)
DA:2,0
DA:3,0
DA:23,0
DA:25,0
DA:26,0
DA:27,0
DA:40,0
DA:42,0
DA:49,0
DA:52,0
DA:55,0
DA:56,0
DA:65,0
DA:72,0
DA:73,0
DA:81,0
DA:82,0
DA:85,0
DA:86,0
DA:95,0
DA:96,0
DA:98,0
DA:99,0
DA:102,0
DA:106,0
DA:107,0
DA:108,0
DA:109,0
DA:110,0
DA:111,0
DA:112,0
DA:113,0
DA:114,0
DA:115,0
DA:116,0
DA:120,0
DA:121,0
DA:124,0
DA:131,0
DA:132,0
DA:133,0
DA:141,0
LF:42
LH:0
BRDA:38,0,0,0
BRDA:55,1,0,0
BRDA:55,2,0,0
BRDA:55,2,1,0
BRDA:106,3,0,0
BRDA:106,3,1,0
BRDA:110,4,0,0
BRDA:110,4,1,0
BRDA:114,5,0,0
BRDA:131,6,0,0
BRF:10
BRH:0
end_of_record
TN:
SF:packages/foundation/src/time/time-consensus-manager.ts
FN:39,(anonymous_0)
FN:57,(anonymous_1)
FN:67,(anonymous_2)
FN:201,(anonymous_3)
FN:211,(anonymous_4)
FN:219,(anonymous_5)
FN:227,(anonymous_6)
FN:238,(anonymous_7)
FN:239,(anonymous_8)
FN:240,(anonymous_9)
FN:249,(anonymous_10)
FN:259,(anonymous_11)
FN:268,(anonymous_12)
FN:272,(anonymous_13)
FN:285,(anonymous_14)
FN:288,(anonymous_15)
FN:297,(anonymous_16)
FNF:17
FNH:0
FNDA:0,(anonymous_0)
FNDA:0,(anonymous_1)
FNDA:0,(anonymous_2)
FNDA:0,(anonymous_3)
FNDA:0,(anonymous_4)
FNDA:0,(anonymous_5)
FNDA:0,(anonymous_6)
FNDA:0,(anonymous_7)
FNDA:0,(anonymous_8)
FNDA:0,(anonymous_9)
FNDA:0,(anonymous_10)
FNDA:0,(anonymous_11)
FNDA:0,(anonymous_12)
FNDA:0,(anonymous_13)
FNDA:0,(anonymous_14)
FNDA:0,(anonymous_15)
FNDA:0,(anonymous_16)
DA:27,0
DA:30,0
DA:31,0
DA:32,0
DA:40,0
DA:41,0
DA:49,0
DA:50,0
DA:58,0
DA:59,0
DA:61,0
DA:68,0
DA:70,0
DA:72,0
DA:81,0
DA:85,0
DA:86,0
DA:87,0
DA:89,0
DA:90,0
DA:91,0
DA:92,0
DA:93,0
DA:94,0
DA:97,0
DA:101,0
DA:103,0
DA:112,0
DA:118,0
DA:120,0
DA:121,0
DA:123,0
DA:124,0
DA:126,0
DA:127,0
DA:129,0
DA:133,0
DA:134,0
DA:135,0
DA:136,0
DA:138,0
DA:139,0
DA:140,0
DA:142,0
DA:143,0
DA:144,0
DA:145,0
DA:147,0
DA:154,0
DA:156,0
DA:157,0
DA:158,0
DA:159,0
DA:162,0
DA:164,0
DA:165,0
DA:167,0
DA:168,0
DA:170,0
DA:171,0
DA:173,0
DA:178,0
DA:179,0
DA:180,0
DA:183,0
DA:193,0
DA:195,0
DA:202,0
DA:203,0
DA:204,0
DA:207,0
DA:208,0
DA:211,0
DA:212,0
DA:220,0
DA:222,0
DA:223,0
DA:224,0
DA:227,0
DA:228,0
DA:232,0
DA:239,0
DA:240,0
DA:241,0
DA:250,0
DA:251,0
DA:252,0
DA:260,0
DA:261,0
DA:262,0
DA:269,0
DA:270,0
DA:272,0
DA:273,0
DA:275,0
DA:276,0
DA:278,0
DA:286,0
DA:288,0
DA:289,0
DA:298,0
DA:300,0
DA:301,0
DA:303,0
DA:304,0
DA:305,0
DA:308,0
LF:107
LH:0
BRDA:39,0,0,0
BRDA:49,1,0,0
BRDA:49,2,0,0
BRDA:49,2,1,0
BRDA:58,3,0,0
BRDA:70,4,0,0
BRDA:91,5,0,0
BRDA:101,6,0,0
BRDA:118,7,0,0
BRDA:118,7,1,0
BRDA:118,7,2,0
BRDA:118,7,3,0
BRDA:142,8,0,0
BRDA:142,8,1,0
BRDA:154,9,0,0
BRDA:154,9,1,0
BRDA:162,10,0,0
BRDA:162,10,1,0
BRDA:162,10,2,0
BRDA:162,10,3,0
BRDA:202,11,0,0
BRDA:222,12,0,0
BRDA:250,13,0,0
BRDA:269,14,0,0
BRDA:270,15,0,0
BRDA:275,16,0,0
BRDA:275,16,1,0
BRDA:286,17,0,0
BRDA:298,18,0,0
BRDA:298,19,0,0
BRDA:298,19,1,0
BRDA:308,20,0,0
BRDA:308,20,1,0
BRF:33
BRH:0
end_of_record
TN:
SF:packages/foundation/src/time/time-integrity-verifier.ts
FN:62,(anonymous_0)
FN:82,(anonymous_1)
FN:170,(anonymous_2)
FN:234,(anonymous_3)
FN:243,(anonymous_4)
FN:254,(anonymous_5)
FN:296,(anonymous_6)
FN:297,(anonymous_7)
FN:300,(anonymous_8)
FN:314,(anonymous_9)
FN:334,(anonymous_10)
FN:338,(anonymous_11)
FNF:12
FNH:0
FNDA:0,(anonymous_0)
FNDA:0,(anonymous_1)
FNDA:0,(anonymous_2)
FNDA:0,(anonymous_3)
FNDA:0,(anonymous_4)
FNDA:0,(anonymous_5)
FNDA:0,(anonymous_6)
FNDA:0,(anonymous_7)
FNDA:0,(anonymous_8)
FNDA:0,(anonymous_9)
FNDA:0,(anonymous_10)
FNDA:0,(anonymous_11)
DA:2,0
DA:47,0
DA:53,0
DA:54,0
DA:67,0
DA:68,0
DA:69,0
DA:89,0
DA:91,0
DA:92,0
DA:93,0
DA:94,0
DA:95,0
DA:96,0
DA:99,0
DA:105,0
DA:107,0
DA:108,0
DA:112,0
DA:113,0
DA:114,0
DA:116,0
DA:117,0
DA:118,0
DA:119,0
DA:121,0
DA:122,0
DA:125,0
DA:127,0
DA:136,0
DA:138,0
DA:151,0
DA:152,0
DA:154,0
DA:158,0
DA:159,0
DA:160,0
DA:163,0
DA:164,0
DA:170,0
DA:171,0
DA:174,0
DA:175,0
DA:179,0
DA:184,0
DA:185,0
DA:189,0
DA:190,0
DA:193,0
DA:194,0
DA:199,0
DA:202,0
DA:207,0
DA:211,0
DA:214,0
DA:223,0
DA:225,0
DA:238,0
DA:239,0
DA:242,0
DA:243,0
DA:246,0
DA:247,0
DA:254,0
DA:255,0
DA:256,0
DA:262,0
DA:263,0
DA:266,0
DA:267,0
DA:268,0
DA:270,0
DA:272,0
DA:273,0
DA:274,0
DA:275,0
DA:277,0
DA:278,0
DA:284,0
DA:285,0
DA:294,0
DA:296,0
DA:297,0
DA:300,0
DA:301,0
DA:309,0
DA:310,0
DA:312,0
DA:314,0
DA:315,0
DA:318,0
DA:335,0
DA:336,0
DA:338,0
DA:339,0
DA:341,0
DA:342,0
DA:344,0
LF:98
LH:0
BRDA:65,0,0,0
BRDA:95,1,0,0
BRDA:107,2,0,0
BRDA:152,3,0,0
BRDA:159,4,0,0
BRDA:163,5,0,0
BRDA:174,6,0,0
BRDA:179,7,0,0
BRDA:179,7,1,0
BRDA:189,8,0,0
BRDA:193,9,0,0
BRDA:202,10,0,0
BRDA:202,10,1,0
BRDA:202,10,2,0
BRDA:202,10,3,0
BRDA:203,11,0,0
BRDA:203,11,1,0
BRDA:207,12,0,0
BRDA:207,12,1,0
BRDA:208,13,0,0
BRDA:208,13,1,0
BRDA:223,14,0,0
BRDA:223,14,1,0
BRDA:243,15,0,0
BRDA:243,15,1,0
BRDA:246,16,0,0
BRDA:255,17,0,0
BRDA:262,18,0,0
BRDA:266,19,0,0
BRDA:268,20,0,0
BRDA:272,21,0,0
BRDA:277,22,0,0
BRDA:284,23,0,0
BRDA:300,24,0,0
BRDA:312,25,0,0
BRDA:320,26,0,0
BRDA:320,26,1,0
BRDA:325,27,0,0
BRDA:325,27,1,0
BRDA:326,28,0,0
BRDA:326,28,1,0
BRDA:327,29,0,0
BRDA:327,29,1,0
BRDA:335,30,0,0
BRDA:336,31,0,0
BRDA:341,32,0,0
BRDA:341,32,1,0
BRF:47
BRH:0
end_of_record
TN:
SF:packages/foundation/src/time/time-source-manager.ts
FN:33,(anonymous_0)
FN:37,(anonymous_1)
FN:54,(anonymous_2)
FN:79,(anonymous_3)
FN:108,(anonymous_4)
FN:117,(anonymous_5)
FN:125,(anonymous_6)
FN:126,(anonymous_7)
FN:133,(anonymous_8)
FN:154,(anonymous_9)
FN:163,(anonymous_10)
FN:170,(anonymous_11)
FN:196,(anonymous_12)
FN:207,(anonymous_13)
FNF:14
FNH:0
FNDA:0,(anonymous_0)
FNDA:0,(anonymous_1)
FNDA:0,(anonymous_2)
FNDA:0,(anonymous_3)
FNDA:0,(anonymous_4)
FNDA:0,(anonymous_5)
FNDA:0,(anonymous_6)
FNDA:0,(anonymous_7)
FNDA:0,(anonymous_8)
FNDA:0,(anonymous_9)
FNDA:0,(anonymous_10)
FNDA:0,(anonymous_11)
FNDA:0,(anonymous_12)
FNDA:0,(anonymous_13)
DA:2,0
DA:3,0
DA:23,0
DA:25,0
DA:26,0
DA:34,0
DA:37,0
DA:38,0
DA:42,0
DA:43,0
DA:44,0
DA:45,0
DA:55,0
DA:57,0
DA:58,0
DA:59,0
DA:62,0
DA:65,0
DA:66,0
DA:67,0
DA:70,0
DA:71,0
DA:80,0
DA:82,0
DA:83,0
DA:86,0
DA:89,0
DA:90,0
DA:91,0
DA:95,0
DA:96,0
DA:99,0
DA:100,0
DA:109,0
DA:118,0
DA:120,0
DA:121,0
DA:124,0
DA:125,0
DA:126,0
DA:134,0
DA:136,0
DA:137,0
DA:138,0
DA:139,0
DA:142,0
DA:146,0
DA:155,0
DA:157,0
DA:158,0
DA:162,0
DA:163,0
DA:170,0
DA:173,0
DA:174,0
DA:175,0
DA:177,0
DA:180,0
DA:181,0
DA:182,0
DA:183,0
DA:185,0
DA:189,0
DA:198,0
DA:199,0
DA:200,0
DA:204,0
DA:207,0
LF:68
LH:0
BRDA:33,0,0,0
BRDA:42,1,0,0
BRDA:43,2,0,0
BRDA:43,2,1,0
BRDA:57,3,0,0
BRDA:66,4,0,0
BRDA:82,5,0,0
BRDA:90,6,0,0
BRDA:95,7,0,0
BRDA:120,8,0,0
BRDA:120,9,0,0
BRDA:120,9,1,0
BRDA:138,10,0,0
BRDA:157,11,0,0
BRDA:180,12,0,0
BRDA:199,13,0,0
BRF:16
BRH:0
end_of_record
TN:
SF:packages/protocol/src/index.ts
FNF:0
FNH:0
DA:1,0
LF:1
LH:0
BRF:0
BRH:0
end_of_record
TN:
SF:packages/protocol/src/protos.d.ts
FNF:0
FNH:0
LF:0
LH:0
BRF:0
BRH:0
end_of_record
TN:
SF:src/index.js
FNF:0
FNH:0
DA:6,0
DA:7,0
DA:10,0
DA:11,0
DA:14,0
DA:15,0
DA:18,0
DA:19,0
DA:22,0
DA:23,0
DA:27,0
DA:30,0
DA:36,0
DA:37,0
DA:38,0
LF:15
LH:0
BRF:0
BRH:0
end_of_record
TN:
SF:src/components/Home.js
FN:5,(anonymous_0)
FN:16,(anonymous_1)
FN:24,(anonymous_2)
FN:49,(anonymous_3)
FN:68,(anonymous_4)
FN:70,(anonymous_5)
FN:86,(anonymous_6)
FNF:7
FNH:0
FNDA:0,(anonymous_0)
FNDA:0,(anonymous_1)
FNDA:0,(anonymous_2)
FNDA:0,(anonymous_3)
FNDA:0,(anonymous_4)
FNDA:0,(anonymous_5)
FNDA:0,(anonymous_6)
DA:6,0
DA:7,0
DA:13,0
DA:17,0
DA:25,0
DA:28,0
DA:31,0
DA:32,0
DA:33,0
DA:36,0
DA:37,0
DA:40,0
DA:41,0
DA:43,0
DA:49,0
DA:50,0
DA:51,0
DA:52,0
DA:53,0
DA:54,0
DA:55,0
DA:59,0
DA:60,0
DA:62,0
DA:68,0
DA:69,0
DA:70,0
DA:71,0
DA:75,0
DA:79,0
DA:80,0
DA:81,0
DA:82,0
DA:87,0
LF:34
LH:0
BRDA:44,0,0,0
BRDA:44,0,1,0
BRF:2
BRH:0
end_of_record
TN:
SF:src/components/Settings.js
FN:5,(anonymous_0)
FN:18,(anonymous_1)
FN:24,(anonymous_2)
FN:28,(anonymous_3)
FN:42,(anonymous_4)
FN:52,(anonymous_5)
FN:58,(anonymous_6)
FN:72,(anonymous_7)
FNF:8
FNH:0
FNDA:0,(anonymous_0)
FNDA:0,(anonymous_1)
FNDA:0,(anonymous_2)
FNDA:0,(anonymous_3)
FNDA:0,(anonymous_4)
FNDA:0,(anonymous_5)
FNDA:0,(anonymous_6)
FNDA:0,(anonymous_7)
DA:6,0
DA:7,0
DA:15,0
DA:19,0
DA:25,0
DA:29,0
DA:31,0
DA:32,0
DA:34,0
DA:37,0
DA:38,0
DA:39,0
DA:40,0
DA:41,0
DA:42,0
DA:43,0
DA:45,0
DA:46,0
DA:49,0
DA:50,0
DA:51,0
DA:52,0
DA:53,0
DA:54,0
DA:55,0
DA:56,0
DA:58,0
DA:59,0
DA:61,0
DA:62,0
DA:64,0
DA:65,0
DA:67,0
DA:68,0
DA:69,0
DA:73,0
LF:36
LH:0
BRF:0
BRH:0
end_of_record
TN:
SF:src/components/Tokens.js
FN:5,(anonymous_0)
FN:15,(anonymous_1)
FN:21,(anonymous_2)
FN:33,(anonymous_3)
FN:45,(anonymous_4)
FNF:5
FNH:0
FNDA:0,(anonymous_0)
FNDA:0,(anonymous_1)
FNDA:0,(anonymous_2)
FNDA:0,(anonymous_3)
FNDA:0,(anonymous_4)
DA:6,0
DA:7,0
DA:12,0
DA:16,0
DA:22,0
DA:24,0
DA:25,0
DA:27,0
DA:29,0
DA:30,0
DA:31,0
DA:33,0
DA:34,0
DA:35,0
DA:36,0
DA:40,0
DA:41,0
DA:42,0
DA:46,0
LF:19
LH:0
BRDA:29,0,0,0
BRDA:29,0,1,0
BRF:2
BRH:0
end_of_record
TN:
SF:src/components/Transactions.js
FN:5,(anonymous_0)
FN:15,(anonymous_1)
FN:21,(anonymous_2)
FN:33,(anonymous_3)
FN:45,(anonymous_4)
FNF:5
FNH:0
FNDA:0,(anonymous_0)
FNDA:0,(anonymous_1)
FNDA:0,(anonymous_2)
FNDA:0,(anonymous_3)
FNDA:0,(anonymous_4)
DA:6,0
DA:7,0
DA:12,0
DA:16,0
DA:22,0
DA:24,0
DA:25,0
DA:27,0
DA:29,0
DA:30,0
DA:31,0
DA:33,0
DA:34,0
DA:35,0
DA:36,0
DA:40,0
DA:41,0
DA:42,0
DA:46,0
LF:19
LH:0
BRDA:29,0,0,0
BRDA:29,0,1,0
BRF:2
BRH:0
end_of_record
TN:
SF:src/components/base.js
FN:3,(anonymous_0)
FN:9,(anonymous_1)
FN:14,(anonymous_2)
FN:19,(anonymous_3)
FN:24,(anonymous_4)
FN:31,(anonymous_5)
FN:40,(anonymous_6)
FN:53,(anonymous_7)
FN:57,(anonymous_8)
FN:63,(anonymous_9)
FN:78,(anonymous_10)
FN:86,(anonymous_11)
FN:106,(anonymous_12)
FN:113,(anonymous_13)
FN:121,(anonymous_14)
FN:125,(anonymous_15)
FNF:16
FNH:0
FNDA:0,(anonymous_0)
FNDA:0,(anonymous_1)
FNDA:0,(anonymous_2)
FNDA:0,(anonymous_3)
FNDA:0,(anonymous_4)
FNDA:0,(anonymous_5)
FNDA:0,(anonymous_6)
FNDA:0,(anonymous_7)
FNDA:0,(anonymous_8)
FNDA:0,(anonymous_9)
FNDA:0,(anonymous_10)
FNDA:0,(anonymous_11)
FNDA:0,(anonymous_12)
FNDA:0,(anonymous_13)
FNDA:0,(anonymous_14)
FNDA:0,(anonymous_15)
DA:4,0
DA:5,0
DA:6,0
DA:10,0
DA:11,0
DA:15,0
DA:16,0
DA:25,0
DA:26,0
DA:27,0
DA:28,0
DA:32,0
DA:33,0
DA:41,0
DA:42,0
DA:54,0
DA:55,0
DA:57,0
DA:58,0
DA:62,0
DA:63,0
DA:64,0
DA:65,0
DA:69,0
DA:72,0
DA:79,0
DA:80,0
DA:87,0
DA:88,0
DA:93,0
DA:94,0
DA:97,0
DA:100,0
DA:107,0
DA:108,0
DA:114,0
DA:118,0
DA:122,0
DA:123,0
DA:125,0
DA:126,0
DA:129,0
DA:132,0
LF:43
LH:0
BRDA:26,0,0,0
BRDA:26,0,1,0
BRDA:27,1,0,0
BRDA:27,1,1,0
BRDA:59,2,0,0
BRDA:59,2,1,0
BRDA:89,3,0,0
BRDA:89,3,1,0
BRDA:90,4,0,0
BRDA:90,4,1,0
BRDA:93,5,0,0
BRDA:93,5,1,0
BRF:12
BRH:0
end_of_record
TN:
SF:src/generated/protos/tokenengine_pb.js
FN:21,(anonymous_0)
FN:53,(anonymous_1)
FN:74,(anonymous_2)
FN:95,(anonymous_3)
FN:116,(anonymous_4)
FN:137,(anonymous_5)
FN:158,(anonymous_6)
FN:179,(anonymous_7)
FN:200,(anonymous_8)
FN:221,(anonymous_9)
FN:242,(anonymous_10)
FN:263,(anonymous_11)
FN:284,(anonymous_12)
FN:305,(anonymous_13)
FN:326,(anonymous_14)
FN:347,(anonymous_15)
FN:368,(anonymous_16)
FN:389,(anonymous_17)
FN:410,(anonymous_18)
FN:431,(anonymous_19)
FN:458,(anonymous_20)
FN:472,(anonymous_21)
FN:494,(anonymous_22)
FN:508,(anonymous_23)
FN:549,(anonymous_24)
FN:563,(anonymous_25)
FN:608,(anonymous_26)
FN:617,(anonymous_27)
FN:626,(anonymous_28)
FN:636,(anonymous_29)
FN:649,(anonymous_30)
FN:659,(anonymous_31)
FN:668,(anonymous_32)
FN:677,(anonymous_33)
FN:686,(anonymous_34)
FN:695,(anonymous_35)
FN:704,(anonymous_36)
FN:714,(anonymous_37)
FN:723,(anonymous_38)
FN:732,(anonymous_39)
FN:753,(anonymous_40)
FN:767,(anonymous_41)
FN:787,(anonymous_42)
FN:801,(anonymous_43)
FN:818,(anonymous_44)
FN:835,(anonymous_45)
FN:849,(anonymous_46)
FN:876,(anonymous_47)
FN:885,(anonymous_48)
FN:894,(anonymous_49)
FN:903,(anonymous_50)
FN:914,(anonymous_51)
FN:925,(anonymous_52)
FN:947,(anonymous_53)
FN:961,(anonymous_54)
FN:982,(anonymous_55)
FN:996,(anonymous_56)
FN:1033,(anonymous_57)
FN:1047,(anonymous_58)
FN:1085,(anonymous_59)
FN:1095,(anonymous_60)
FN:1104,(anonymous_61)
FN:1113,(anonymous_62)
FN:1122,(anonymous_63)
FN:1131,(anonymous_64)
FN:1140,(anonymous_65)
FN:1149,(anonymous_66)
FN:1158,(anonymous_67)
FN:1167,(anonymous_68)
FN:1195,(anonymous_69)
FN:1209,(anonymous_70)
FN:1231,(anonymous_71)
FN:1245,(anonymous_72)
FN:1286,(anonymous_73)
FN:1300,(anonymous_74)
FN:1345,(anonymous_75)
FN:1355,(anonymous_76)
FN:1364,(anonymous_77)
FN:1373,(anonymous_78)
FN:1382,(anonymous_79)
FN:1391,(anonymous_80)
FN:1400,(anonymous_81)
FN:1410,(anonymous_82)
FN:1423,(anonymous_83)
FN:1433,(anonymous_84)
FN:1442,(anonymous_85)
FN:1451,(anonymous_86)
FN:1460,(anonymous_87)
FN:1469,(anonymous_88)
FN:1479,(anonymous_89)
FN:1488,(anonymous_90)
FN:1516,(anonymous_91)
FN:1530,(anonymous_92)
FN:1554,(anonymous_93)
FN:1568,(anonymous_94)
FN:1598,(anonymous_95)
FN:1615,(anonymous_96)
FN:1629,(anonymous_97)
FN:1678,(anonymous_98)
FN:1687,(anonymous_99)
FN:1696,(anonymous_100)
FN:1705,(anonymous_101)
FN:1714,(anonymous_102)
FN:1723,(anonymous_103)
FN:1732,(anonymous_104)
FN:1742,(anonymous_105)
FN:1752,(anonymous_106)
FN:1761,(anonymous_107)
FN:1770,(anonymous_108)
FN:1779,(anonymous_109)
FN:1790,(anonymous_110)
FN:1801,(anonymous_111)
FN:1823,(anonymous_112)
FN:1837,(anonymous_113)
FN:1858,(anonymous_114)
FN:1872,(anonymous_115)
FN:1908,(anonymous_116)
FN:1922,(anonymous_117)
FN:1959,(anonymous_118)
FN:1968,(anonymous_119)
FN:1977,(anonymous_120)
FN:1986,(anonymous_121)
FN:1995,(anonymous_122)
FN:2004,(anonymous_123)
FN:2013,(anonymous_124)
FN:2022,(anonymous_125)
FN:2043,(anonymous_126)
FN:2057,(anonymous_127)
FN:2078,(anonymous_128)
FN:2092,(anonymous_129)
FN:2128,(anonymous_130)
FN:2142,(anonymous_131)
FN:2179,(anonymous_132)
FN:2188,(anonymous_133)
FN:2197,(anonymous_134)
FN:2206,(anonymous_135)
FN:2215,(anonymous_136)
FN:2225,(anonymous_137)
FN:2238,(anonymous_138)
FN:2248,(anonymous_139)
FN:2257,(anonymous_140)
FN:2266,(anonymous_141)
FN:2287,(anonymous_142)
FN:2301,(anonymous_143)
FN:2322,(anonymous_144)
FN:2336,(anonymous_145)
FN:2372,(anonymous_146)
FN:2386,(anonymous_147)
FN:2423,(anonymous_148)
FN:2432,(anonymous_149)
FN:2441,(anonymous_150)
FN:2450,(anonymous_151)
FN:2459,(anonymous_152)
FN:2468,(anonymous_153)
FN:2477,(anonymous_154)
FN:2486,(anonymous_155)
FN:2514,(anonymous_156)
FN:2528,(anonymous_157)
FN:2547,(anonymous_158)
FN:2561,(anonymous_159)
FN:2586,(anonymous_160)
FN:2600,(anonymous_161)
FN:2617,(anonymous_162)
FN:2627,(anonymous_163)
FN:2637,(anonymous_164)
FN:2646,(anonymous_165)
FN:2674,(anonymous_166)
FN:2688,(anonymous_167)
FN:2706,(anonymous_168)
FN:2720,(anonymous_169)
FN:2744,(anonymous_170)
FN:2758,(anonymous_171)
FN:2774,(anonymous_172)
FN:2783,(anonymous_173)
FN:2793,(anonymous_174)
FN:2802,(anonymous_175)
FN:2823,(anonymous_176)
FN:2837,(anonymous_177)
FN:2856,(anonymous_178)
FN:2870,(anonymous_179)
FN:2898,(anonymous_180)
FN:2912,(anonymous_181)
FN:2935,(anonymous_182)
FN:2944,(anonymous_183)
FN:2953,(anonymous_184)
FN:2962,(anonymous_185)
FN:2990,(anonymous_186)
FN:3004,(anonymous_187)
FN:3023,(anonymous_188)
FN:3037,(anonymous_189)
FN:3062,(anonymous_190)
FN:3076,(anonymous_191)
FN:3093,(anonymous_192)
FN:3103,(anonymous_193)
FN:3113,(anonymous_194)
FN:3122,(anonymous_195)
FN:3150,(anonymous_196)
FN:3164,(anonymous_197)
FN:3183,(anonymous_198)
FN:3197,(anonymous_199)
FN:3225,(anonymous_200)
FN:3239,(anonymous_201)
FN:3262,(anonymous_202)
FN:3271,(anonymous_203)
FN:3281,(anonymous_204)
FN:3290,(anonymous_205)
FN:3299,(anonymous_206)
FN:3308,(anonymous_207)
FN:3336,(anonymous_208)
FN:3350,(anonymous_209)
FN:3369,(anonymous_210)
FN:3383,(anonymous_211)
FN:3411,(anonymous_212)
FN:3425,(anonymous_213)
FN:3448,(anonymous_214)
FN:3457,(anonymous_215)
FN:3467,(anonymous_216)
FN:3476,(anonymous_217)
FN:3485,(anonymous_218)
FN:3494,(anonymous_219)
FN:3515,(anonymous_220)
FN:3529,(anonymous_221)
FN:3547,(anonymous_222)
FN:3561,(anonymous_223)
FN:3585,(anonymous_224)
FN:3599,(anonymous_225)
FN:3615,(anonymous_226)
FN:3624,(anonymous_227)
FN:3652,(anonymous_228)
FN:3666,(anonymous_229)
FN:3685,(anonymous_230)
FN:3699,(anonymous_231)
FN:3724,(anonymous_232)
FN:3738,(anonymous_233)
FN:3755,(anonymous_234)
FN:3765,(anonymous_235)
FN:3775,(anonymous_236)
FN:3784,(anonymous_237)
FN:3805,(anonymous_238)
FN:3819,(anonymous_239)
FN:3837,(anonymous_240)
FN:3851,(anonymous_241)
FN:3875,(anonymous_242)
FN:3889,(anonymous_243)
FN:3905,(anonymous_244)
FN:3914,(anonymous_245)
FN:3942,(anonymous_246)
FN:3956,(anonymous_247)
FN:3977,(anonymous_248)
FN:3991,(anonymous_249)
FN:4024,(anonymous_250)
FN:4038,(anonymous_251)
FN:4069,(anonymous_252)
FN:4079,(anonymous_253)
FN:4089,(anonymous_254)
FN:4098,(anonymous_255)
FN:4107,(anonymous_256)
FN:4116,(anonymous_257)
FN:4126,(anonymous_258)
FN:4135,(anonymous_259)
FN:4144,(anonymous_260)
FN:4153,(anonymous_261)
FN:4174,(anonymous_262)
FN:4188,(anonymous_263)
FN:4208,(anonymous_264)
FN:4222,(anonymous_265)
FN:4254,(anonymous_266)
FN:4268,(anonymous_267)
FN:4298,(anonymous_268)
FN:4307,(anonymous_269)
FN:4316,(anonymous_270)
FN:4325,(anonymous_271)
FN:4334,(anonymous_272)
FN:4343,(anonymous_273)
FNF:274
FNH:0
FNDA:0,(anonymous_0)
FNDA:0,(anonymous_1)
FNDA:0,(anonymous_2)
FNDA:0,(anonymous_3)
FNDA:0,(anonymous_4)
FNDA:0,(anonymous_5)
FNDA:0,(anonymous_6)
FNDA:0,(anonymous_7)
FNDA:0,(anonymous_8)
FNDA:0,(anonymous_9)
FNDA:0,(anonymous_10)
FNDA:0,(anonymous_11)
FNDA:0,(anonymous_12)
FNDA:0,(anonymous_13)
FNDA:0,(anonymous_14)
FNDA:0,(anonymous_15)
FNDA:0,(anonymous_16)
FNDA:0,(anonymous_17)
FNDA:0,(anonymous_18)
FNDA:0,(anonymous_19)
FNDA:0,(anonymous_20)
FNDA:0,(anonymous_21)
FNDA:0,(anonymous_22)
FNDA:0,(anonymous_23)
FNDA:0,(anonymous_24)
FNDA:0,(anonymous_25)
FNDA:0,(anonymous_26)
FNDA:0,(anonymous_27)
FNDA:0,(anonymous_28)
FNDA:0,(anonymous_29)
FNDA:0,(anonymous_30)
FNDA:0,(anonymous_31)
FNDA:0,(anonymous_32)
FNDA:0,(anonymous_33)
FNDA:0,(anonymous_34)
FNDA:0,(anonymous_35)
FNDA:0,(anonymous_36)
FNDA:0,(anonymous_37)
FNDA:0,(anonymous_38)
FNDA:0,(anonymous_39)
FNDA:0,(anonymous_40)
FNDA:0,(anonymous_41)
FNDA:0,(anonymous_42)
FNDA:0,(anonymous_43)
FNDA:0,(anonymous_44)
FNDA:0,(anonymous_45)
FNDA:0,(anonymous_46)
FNDA:0,(anonymous_47)
FNDA:0,(anonymous_48)
FNDA:0,(anonymous_49)
FNDA:0,(anonymous_50)
FNDA:0,(anonymous_51)
FNDA:0,(anonymous_52)
FNDA:0,(anonymous_53)
FNDA:0,(anonymous_54)
FNDA:0,(anonymous_55)
FNDA:0,(anonymous_56)
FNDA:0,(anonymous_57)
FNDA:0,(anonymous_58)
FNDA:0,(anonymous_59)
FNDA:0,(anonymous_60)
FNDA:0,(anonymous_61)
FNDA:0,(anonymous_62)
FNDA:0,(anonymous_63)
FNDA:0,(anonymous_64)
FNDA:0,(anonymous_65)
FNDA:0,(anonymous_66)
FNDA:0,(anonymous_67)
FNDA:0,(anonymous_68)
FNDA:0,(anonymous_69)
FNDA:0,(anonymous_70)
FNDA:0,(anonymous_71)
FNDA:0,(anonymous_72)
FNDA:0,(anonymous_73)
FNDA:0,(anonymous_74)
FNDA:0,(anonymous_75)
FNDA:0,(anonymous_76)
FNDA:0,(anonymous_77)
FNDA:0,(anonymous_78)
FNDA:0,(anonymous_79)
FNDA:0,(anonymous_80)
FNDA:0,(anonymous_81)
FNDA:0,(anonymous_82)
FNDA:0,(anonymous_83)
FNDA:0,(anonymous_84)
FNDA:0,(anonymous_85)
FNDA:0,(anonymous_86)
FNDA:0,(anonymous_87)
FNDA:0,(anonymous_88)
FNDA:0,(anonymous_89)
FNDA:0,(anonymous_90)
FNDA:0,(anonymous_91)
FNDA:0,(anonymous_92)
FNDA:0,(anonymous_93)
FNDA:0,(anonymous_94)
FNDA:0,(anonymous_95)
FNDA:0,(anonymous_96)
FNDA:0,(anonymous_97)
FNDA:0,(anonymous_98)
FNDA:0,(anonymous_99)
FNDA:0,(anonymous_100)
FNDA:0,(anonymous_101)
FNDA:0,(anonymous_102)
FNDA:0,(anonymous_103)
FNDA:0,(anonymous_104)
FNDA:0,(anonymous_105)
FNDA:0,(anonymous_106)
FNDA:0,(anonymous_107)
FNDA:0,(anonymous_108)
FNDA:0,(anonymous_109)
FNDA:0,(anonymous_110)
FNDA:0,(anonymous_111)
FNDA:0,(anonymous_112)
FNDA:0,(anonymous_113)
FNDA:0,(anonymous_114)
FNDA:0,(anonymous_115)
FNDA:0,(anonymous_116)
FNDA:0,(anonymous_117)
FNDA:0,(anonymous_118)
FNDA:0,(anonymous_119)
FNDA:0,(anonymous_120)
FNDA:0,(anonymous_121)
FNDA:0,(anonymous_122)
FNDA:0,(anonymous_123)
FNDA:0,(anonymous_124)
FNDA:0,(anonymous_125)
FNDA:0,(anonymous_126)
FNDA:0,(anonymous_127)
FNDA:0,(anonymous_128)
FNDA:0,(anonymous_129)
FNDA:0,(anonymous_130)
FNDA:0,(anonymous_131)
FNDA:0,(anonymous_132)
FNDA:0,(anonymous_133)
FNDA:0,(anonymous_134)
FNDA:0,(anonymous_135)
FNDA:0,(anonymous_136)
FNDA:0,(anonymous_137)
FNDA:0,(anonymous_138)
FNDA:0,(anonymous_139)
FNDA:0,(anonymous_140)
FNDA:0,(anonymous_141)
FNDA:0,(anonymous_142)
FNDA:0,(anonymous_143)
FNDA:0,(anonymous_144)
FNDA:0,(anonymous_145)
FNDA:0,(anonymous_146)
FNDA:0,(anonymous_147)
FNDA:0,(anonymous_148)
FNDA:0,(anonymous_149)
FNDA:0,(anonymous_150)
FNDA:0,(anonymous_151)
FNDA:0,(anonymous_152)
FNDA:0,(anonymous_153)
FNDA:0,(anonymous_154)
FNDA:0,(anonymous_155)
FNDA:0,(anonymous_156)
FNDA:0,(anonymous_157)
FNDA:0,(anonymous_158)
FNDA:0,(anonymous_159)
FNDA:0,(anonymous_160)
FNDA:0,(anonymous_161)
FNDA:0,(anonymous_162)
FNDA:0,(anonymous_163)
FNDA:0,(anonymous_164)
FNDA:0,(anonymous_165)
FNDA:0,(anonymous_166)
FNDA:0,(anonymous_167)
FNDA:0,(anonymous_168)
FNDA:0,(anonymous_169)
FNDA:0,(anonymous_170)
FNDA:0,(anonymous_171)
FNDA:0,(anonymous_172)
FNDA:0,(anonymous_173)
FNDA:0,(anonymous_174)
FNDA:0,(anonymous_175)
FNDA:0,(anonymous_176)
FNDA:0,(anonymous_177)
FNDA:0,(anonymous_178)
FNDA:0,(anonymous_179)
FNDA:0,(anonymous_180)
FNDA:0,(anonymous_181)
FNDA:0,(anonymous_182)
FNDA:0,(anonymous_183)
FNDA:0,(anonymous_184)
FNDA:0,(anonymous_185)
FNDA:0,(anonymous_186)
FNDA:0,(anonymous_187)
FNDA:0,(anonymous_188)
FNDA:0,(anonymous_189)
FNDA:0,(anonymous_190)
FNDA:0,(anonymous_191)
FNDA:0,(anonymous_192)
FNDA:0,(anonymous_193)
FNDA:0,(anonymous_194)
FNDA:0,(anonymous_195)
FNDA:0,(anonymous_196)
FNDA:0,(anonymous_197)
FNDA:0,(anonymous_198)
FNDA:0,(anonymous_199)
FNDA:0,(anonymous_200)
FNDA:0,(anonymous_201)
FNDA:0,(anonymous_202)
FNDA:0,(anonymous_203)
FNDA:0,(anonymous_204)
FNDA:0,(anonymous_205)
FNDA:0,(anonymous_206)
FNDA:0,(anonymous_207)
FNDA:0,(anonymous_208)
FNDA:0,(anonymous_209)
FNDA:0,(anonymous_210)
FNDA:0,(anonymous_211)
FNDA:0,(anonymous_212)
FNDA:0,(anonymous_213)
FNDA:0,(anonymous_214)
FNDA:0,(anonymous_215)
FNDA:0,(anonymous_216)
FNDA:0,(anonymous_217)
FNDA:0,(anonymous_218)
FNDA:0,(anonymous_219)
FNDA:0,(anonymous_220)
FNDA:0,(anonymous_221)
FNDA:0,(anonymous_222)
FNDA:0,(anonymous_223)
FNDA:0,(anonymous_224)
FNDA:0,(anonymous_225)
FNDA:0,(anonymous_226)
FNDA:0,(anonymous_227)
FNDA:0,(anonymous_228)
FNDA:0,(anonymous_229)
FNDA:0,(anonymous_230)
FNDA:0,(anonymous_231)
FNDA:0,(anonymous_232)
FNDA:0,(anonymous_233)
FNDA:0,(anonymous_234)
FNDA:0,(anonymous_235)
FNDA:0,(anonymous_236)
FNDA:0,(anonymous_237)
FNDA:0,(anonymous_238)
FNDA:0,(anonymous_239)
FNDA:0,(anonymous_240)
FNDA:0,(anonymous_241)
FNDA:0,(anonymous_242)
FNDA:0,(anonymous_243)
FNDA:0,(anonymous_244)
FNDA:0,(anonymous_245)
FNDA:0,(anonymous_246)
FNDA:0,(anonymous_247)
FNDA:0,(anonymous_248)
FNDA:0,(anonymous_249)
FNDA:0,(anonymous_250)
FNDA:0,(anonymous_251)
FNDA:0,(anonymous_252)
FNDA:0,(anonymous_253)
FNDA:0,(anonymous_254)
FNDA:0,(anonymous_255)
FNDA:0,(anonymous_256)
FNDA:0,(anonymous_257)
FNDA:0,(anonymous_258)
FNDA:0,(anonymous_259)
FNDA:0,(anonymous_260)
FNDA:0,(anonymous_261)
FNDA:0,(anonymous_262)
FNDA:0,(anonymous_263)
FNDA:0,(anonymous_264)
FNDA:0,(anonymous_265)
FNDA:0,(anonymous_266)
FNDA:0,(anonymous_267)
FNDA:0,(anonymous_268)
FNDA:0,(anonymous_269)
FNDA:0,(anonymous_270)
FNDA:0,(anonymous_271)
FNDA:0,(anonymous_272)
FNDA:0,(anonymous_273)
DA:14,0
DA:15,0
DA:17,0
DA:21,0
DA:24,0
DA:25,0
DA:26,0
DA:27,0
DA:28,0
DA:29,0
DA:30,0
DA:31,0
DA:32,0
DA:33,0
DA:34,0
DA:35,0
DA:36,0
DA:37,0
DA:38,0
DA:39,0
DA:40,0
DA:41,0
DA:42,0
DA:53,0
DA:54,0
DA:56,0
DA:57,0
DA:62,0
DA:74,0
DA:75,0
DA:77,0
DA:78,0
DA:83,0
DA:95,0
DA:96,0
DA:98,0
DA:99,0
DA:104,0
DA:116,0
DA:117,0
DA:119,0
DA:120,0
DA:125,0
DA:137,0
DA:138,0
DA:140,0
DA:141,0
DA:146,0
DA:158,0
DA:159,0
DA:161,0
DA:162,0
DA:167,0
DA:179,0
DA:180,0
DA:182,0
DA:183,0
DA:188,0
DA:200,0
DA:201,0
DA:203,0
DA:204,0
DA:209,0
DA:221,0
DA:222,0
DA:224,0
DA:225,0
DA:230,0
DA:242,0
DA:243,0
DA:245,0
DA:246,0
DA:251,0
DA:263,0
DA:264,0
DA:266,0
DA:267,0
DA:272,0
DA:284,0
DA:285,0
DA:287,0
DA:288,0
DA:293,0
DA:305,0
DA:306,0
DA:308,0
DA:309,0
DA:314,0
DA:326,0
DA:327,0
DA:329,0
DA:330,0
DA:335,0
DA:347,0
DA:348,0
DA:350,0
DA:351,0
DA:356,0
DA:368,0
DA:369,0
DA:371,0
DA:372,0
DA:377,0
DA:389,0
DA:390,0
DA:392,0
DA:393,0
DA:398,0
DA:410,0
DA:411,0
DA:413,0
DA:414,0
DA:419,0
DA:431,0
DA:432,0
DA:434,0
DA:435,0
DA:440,0
DA:445,0
DA:458,0
DA:459,0
DA:472,0
DA:473,0
DA:481,0
DA:482,0
DA:484,0
DA:494,0
DA:495,0
DA:496,0
DA:497,0
DA:508,0
DA:509,0
DA:510,0
DA:511,0
DA:513,0
DA:514,0
DA:516,0
DA:517,0
DA:518,0
DA:520,0
DA:521,0
DA:522,0
DA:524,0
DA:525,0
DA:526,0
DA:528,0
DA:529,0
DA:530,0
DA:532,0
DA:533,0
DA:534,0
DA:535,0
DA:537,0
DA:538,0
DA:541,0
DA:549,0
DA:550,0
DA:551,0
DA:552,0
DA:563,0
DA:564,0
DA:565,0
DA:566,0
DA:567,0
DA:572,0
DA:573,0
DA:574,0
DA:579,0
DA:580,0
DA:581,0
DA:586,0
DA:587,0
DA:588,0
DA:593,0
DA:594,0
DA:595,0
DA:608,0
DA:609,0
DA:617,0
DA:618,0
DA:626,0
DA:627,0
DA:636,0
DA:637,0
DA:649,0
DA:650,0
DA:659,0
DA:660,0
DA:668,0
DA:669,0
DA:677,0
DA:678,0
DA:686,0
DA:687,0
DA:695,0
DA:696,0
DA:704,0
DA:705,0
DA:714,0
DA:715,0
DA:723,0
DA:724,0
DA:732,0
DA:733,0
DA:740,0
DA:753,0
DA:754,0
DA:767,0
DA:768,0
DA:774,0
DA:775,0
DA:777,0
DA:787,0
DA:788,0
DA:789,0
DA:790,0
DA:801,0
DA:802,0
DA:803,0
DA:804,0
DA:806,0
DA:807,0
DA:809,0
DA:810,0
DA:811,0
DA:813,0
DA:814,0
DA:815,0
DA:817,0
DA:818,0
DA:819,0
DA:821,0
DA:823,0
DA:824,0
DA:827,0
DA:835,0
DA:836,0
DA:837,0
DA:838,0
DA:849,0
DA:850,0
DA:851,0
DA:852,0
DA:853,0
DA:858,0
DA:859,0
DA:860,0
DA:865,0
DA:866,0
DA:867,0
DA:876,0
DA:877,0
DA:885,0
DA:886,0
DA:894,0
DA:895,0
DA:903,0
DA:904,0
DA:914,0
DA:915,0
DA:925,0
DA:926,0
DA:927,0
DA:934,0
DA:947,0
DA:948,0
DA:961,0
DA:962,0
DA:969,0
DA:970,0
DA:972,0
DA:982,0
DA:983,0
DA:984,0
DA:985,0
DA:996,0
DA:997,0
DA:998,0
DA:999,0
DA:1001,0
DA:1002,0
DA:1004,0
DA:1005,0
DA:1006,0
DA:1007,0
DA:1009,0
DA:1010,0
DA:1011,0
DA:1013,0
DA:1014,0
DA:1015,0
DA:1017,0
DA:1018,0
DA:1019,0
DA:1021,0
DA:1022,0
DA:1025,0
DA:1033,0
DA:1034,0
DA:1035,0
DA:1036,0
DA:1047,0
DA:1048,0
DA:1049,0
DA:1050,0
DA:1051,0
DA:1057,0
DA:1058,0
DA:1059,0
DA:1064,0
DA:1065,0
DA:1066,0
DA:1071,0
DA:1072,0
DA:1073,0
DA:1085,0
DA:1086,0
DA:1095,0
DA:1096,0
DA:1104,0
DA:1105,0
DA:1113,0
DA:1114,0
DA:1122,0
DA:1123,0
DA:1131,0
DA:1132,0
DA:1140,0
DA:1141,0
DA:1149,0
DA:1150,0
DA:1158,0
DA:1159,0
DA:1167,0
DA:1168,0
DA:1178,0
DA:1182,0
DA:1195,0
DA:1196,0
DA:1209,0
DA:1210,0
DA:1218,0
DA:1219,0
DA:1221,0
DA:1231,0
DA:1232,0
DA:1233,0
DA:1234,0
DA:1245,0
DA:1246,0
DA:1247,0
DA:1248,0
DA:1250,0
DA:1251,0
DA:1253,0
DA:1254,0
DA:1255,0
DA:1256,0
DA:1258,0
DA:1259,0
DA:1260,0
DA:1262,0
DA:1263,0
DA:1264,0
DA:1266,0
DA:1267,0
DA:1268,0
DA:1270,0
DA:1271,0
DA:1272,0
DA:1274,0
DA:1275,0
DA:1278,0
DA:1286,0
DA:1287,0
DA:1288,0
DA:1289,0
DA:1300,0
DA:1301,0
DA:1302,0
DA:1303,0
DA:1304,0
DA:1310,0
DA:1311,0
DA:1312,0
DA:1317,0
DA:1318,0
DA:1319,0
DA:1324,0
DA:1325,0
DA:1326,0
DA:1331,0
DA:1332,0
DA:1333,0
DA:1345,0
DA:1346,0
DA:1355,0
DA:1356,0
DA:1364,0
DA:1365,0
DA:1373,0
DA:1374,0
DA:1382,0
DA:1383,0
DA:1391,0
DA:1392,0
DA:1400,0
DA:1401,0
DA:1410,0
DA:1411,0
DA:1423,0
DA:1424,0
DA:1433,0
DA:1434,0
DA:1442,0
DA:1443,0
DA:1451,0
DA:1452,0
DA:1460,0
DA:1461,0
DA:1469,0
DA:1470,0
DA:1479,0
DA:1480,0
DA:1488,0
DA:1489,0
DA:1499,0
DA:1503,0
DA:1516,0
DA:1517,0
DA:1530,0
DA:1531,0
DA:1541,0
DA:1542,0
DA:1544,0
DA:1554,0
DA:1555,0
DA:1556,0
DA:1557,0
DA:1568,0
DA:1569,0
DA:1570,0
DA:1571,0
DA:1573,0
DA:1574,0
DA:1576,0
DA:1577,0
DA:1578,0
DA:1580,0
DA:1581,0
DA:1582,0
DA:1584,0
DA:1585,0
DA:1586,0
DA:1588,0
DA:1589,0
DA:1590,0
DA:1591,0
DA:1593,0
DA:1594,0
DA:1595,0
DA:1597,0
DA:1598,0
DA:1599,0
DA:1601,0
DA:1603,0
DA:1604,0
DA:1607,0
DA:1615,0
DA:1616,0
DA:1617,0
DA:1618,0
DA:1629,0
DA:1630,0
DA:1631,0
DA:1632,0
DA:1633,0
DA:1638,0
DA:1639,0
DA:1640,0
DA:1645,0
DA:1646,0
DA:1647,0
DA:1652,0
DA:1653,0
DA:1654,0
DA:1660,0
DA:1661,0
DA:1662,0
DA:1667,0
DA:1668,0
DA:1669,0
DA:1678,0
DA:1679,0
DA:1687,0
DA:1688,0
DA:1696,0
DA:1697,0
DA:1705,0
DA:1706,0
DA:1714,0
DA:1715,0
DA:1723,0
DA:1724,0
DA:1732,0
DA:1733,0
DA:1742,0
DA:1743,0
DA:1752,0
DA:1753,0
DA:1761,0
DA:1762,0
DA:1770,0
DA:1771,0
DA:1779,0
DA:1780,0
DA:1790,0
DA:1791,0
DA:1801,0
DA:1802,0
DA:1803,0
DA:1810,0
DA:1823,0
DA:1824,0
DA:1837,0
DA:1838,0
DA:1845,0
DA:1846,0
DA:1848,0
DA:1858,0
DA:1859,0
DA:1860,0
DA:1861,0
DA:1872,0
DA:1873,0
DA:1874,0
DA:1875,0
DA:1877,0
DA:1878,0
DA:1880,0
DA:1881,0
DA:1882,0
DA:1884,0
DA:1885,0
DA:1886,0
DA:1888,0
DA:1889,0
DA:1890,0
DA:1892,0
DA:1893,0
DA:1894,0
DA:1896,0
DA:1897,0
DA:1900,0
DA:1908,0
DA:1909,0
DA:1910,0
DA:1911,0
DA:1922,0
DA:1923,0
DA:1924,0
DA:1925,0
DA:1926,0
DA:1931,0
DA:1932,0
DA:1933,0
DA:1938,0
DA:1939,0
DA:1940,0
DA:1945,0
DA:1946,0
DA:1947,0
DA:1959,0
DA:1960,0
DA:1968,0
DA:1969,0
DA:1977,0
DA:1978,0
DA:1986,0
DA:1987,0
DA:1995,0
DA:1996,0
DA:2004,0
DA:2005,0
DA:2013,0
DA:2014,0
DA:2022,0
DA:2023,0
DA:2030,0
DA:2043,0
DA:2044,0
DA:2057,0
DA:2058,0
DA:2065,0
DA:2066,0
DA:2068,0
DA:2078,0
DA:2079,0
DA:2080,0
DA:2081,0
DA:2092,0
DA:2093,0
DA:2094,0
DA:2095,0
DA:2097,0
DA:2098,0
DA:2100,0
DA:2101,0
DA:2102,0
DA:2104,0
DA:2105,0
DA:2106,0
DA:2108,0
DA:2109,0
DA:2110,0
DA:2112,0
DA:2113,0
DA:2114,0
DA:2116,0
DA:2117,0
DA:2120,0
DA:2128,0
DA:2129,0
DA:2130,0
DA:2131,0
DA:2142,0
DA:2143,0
DA:2144,0
DA:2145,0
DA:2146,0
DA:2151,0
DA:2152,0
DA:2153,0
DA:2158,0
DA:2159,0
DA:2160,0
DA:2165,0
DA:2166,0
DA:2167,0
DA:2179,0
DA:2180,0
DA:2188,0
DA:2189,0
DA:2197,0
DA:2198,0
DA:2206,0
DA:2207,0
DA:2215,0
DA:2216,0
DA:2225,0
DA:2226,0
DA:2238,0
DA:2239,0
DA:2248,0
DA:2249,0
DA:2257,0
DA:2258,0
DA:2266,0
DA:2267,0
DA:2274,0
DA:2287,0
DA:2288,0
DA:2301,0
DA:2302,0
DA:2309,0
DA:2310,0
DA:2312,0
DA:2322,0
DA:2323,0
DA:2324,0
DA:2325,0
DA:2336,0
DA:2337,0
DA:2338,0
DA:2339,0
DA:2341,0
DA:2342,0
DA:2344,0
DA:2345,0
DA:2346,0
DA:2348,0
DA:2349,0
DA:2350,0
DA:2352,0
DA:2353,0
DA:2354,0
DA:2356,0
DA:2357,0
DA:2358,0
DA:2360,0
DA:2361,0
DA:2364,0
DA:2372,0
DA:2373,0
DA:2374,0
DA:2375,0
DA:2386,0
DA:2387,0
DA:2388,0
DA:2389,0
DA:2390,0
DA:2395,0
DA:2396,0
DA:2397,0
DA:2402,0
DA:2403,0
DA:2404,0
DA:2409,0
DA:2410,0
DA:2411,0
DA:2423,0
DA:2424,0
DA:2432,0
DA:2433,0
DA:2441,0
DA:2442,0
DA:2450,0
DA:2451,0
DA:2459,0
DA:2460,0
DA:2468,0
DA:2469,0
DA:2477,0
DA:2478,0
DA:2486,0
DA:2487,0
DA:2497,0
DA:2501,0
DA:2514,0
DA:2515,0
DA:2528,0
DA:2529,0
DA:2534,0
DA:2535,0
DA:2537,0
DA:2547,0
DA:2548,0
DA:2549,0
DA:2550,0
DA:2561,0
DA:2562,0
DA:2563,0
DA:2564,0
DA:2566,0
DA:2567,0
DA:2569,0
DA:2570,0
DA:2571,0
DA:2572,0
DA:2574,0
DA:2575,0
DA:2578,0
DA:2586,0
DA:2587,0
DA:2588,0
DA:2589,0
DA:2600,0
DA:2601,0
DA:2602,0
DA:2603,0
DA:2604,0
DA:2617,0
DA:2618,0
DA:2627,0
DA:2628,0
DA:2637,0
DA:2638,0
DA:2646,0
DA:2647,0
DA:2657,0
DA:2661,0
DA:2674,0
DA:2675,0
DA:2688,0
DA:2689,0
DA:2693,0
DA:2694,0
DA:2696,0
DA:2706,0
DA:2707,0
DA:2708,0
DA:2709,0
DA:2720,0
DA:2721,0
DA:2722,0
DA:2723,0
DA:2725,0
DA:2726,0
DA:2728,0
DA:2729,0
DA:2730,0
DA:2732,0
DA:2733,0
DA:2736,0
DA:2744,0
DA:2745,0
DA:2746,0
DA:2747,0
DA:2758,0
DA:2759,0
DA:2760,0
DA:2761,0
DA:2762,0
DA:2774,0
DA:2775,0
DA:2783,0
DA:2784,0
DA:2793,0
DA:2794,0
DA:2802,0
DA:2803,0
DA:2810,0
DA:2823,0
DA:2824,0
DA:2837,0
DA:2838,0
DA:2843,0
DA:2844,0
DA:2846,0
DA:2856,0
DA:2857,0
DA:2858,0
DA:2859,0
DA:2870,0
DA:2871,0
DA:2872,0
DA:2873,0
DA:2875,0
DA:2876,0
DA:2878,0
DA:2879,0
DA:2880,0
DA:2882,0
DA:2883,0
DA:2884,0
DA:2886,0
DA:2887,0
DA:2890,0
DA:2898,0
DA:2899,0
DA:2900,0
DA:2901,0
DA:2912,0
DA:2913,0
DA:2914,0
DA:2915,0
DA:2916,0
DA:2921,0
DA:2922,0
DA:2923,0
DA:2935,0
DA:2936,0
DA:2944,0
DA:2945,0
DA:2953,0
DA:2954,0
DA:2962,0
DA:2963,0
DA:2973,0
DA:2977,0
DA:2990,0
DA:2991,0
DA:3004,0
DA:3005,0
DA:3010,0
DA:3011,0
DA:3013,0
DA:3023,0
DA:3024,0
DA:3025,0
DA:3026,0
DA:3037,0
DA:3038,0
DA:3039,0
DA:3040,0
DA:3042,0
DA:3043,0
DA:3045,0
DA:3046,0
DA:3047,0
DA:3048,0
DA:3050,0
DA:3051,0
DA:3054,0
DA:3062,0
DA:3063,0
DA:3064,0
DA:3065,0
DA:3076,0
DA:3077,0
DA:3078,0
DA:3079,0
DA:3080,0
DA:3093,0
DA:3094,0
DA:3103,0
DA:3104,0
DA:3113,0
DA:3114,0
DA:3122,0
DA:3123,0
DA:3133,0
DA:3137,0
DA:3150,0
DA:3151,0
DA:3164,0
DA:3165,0
DA:3170,0
DA:3171,0
DA:3173,0
DA:3183,0
DA:3184,0
DA:3185,0
DA:3186,0
DA:3197,0
DA:3198,0
DA:3199,0
DA:3200,0
DA:3202,0
DA:3203,0
DA:3205,0
DA:3206,0
DA:3207,0
DA:3209,0
DA:3210,0
DA:3211,0
DA:3213,0
DA:3214,0
DA:3217,0
DA:3225,0
DA:3226,0
DA:3227,0
DA:3228,0
DA:3239,0
DA:3240,0
DA:3241,0
DA:3242,0
DA:3243,0
DA:3248,0
DA:3249,0
DA:3250,0
DA:3262,0
DA:3263,0
DA:3271,0
DA:3272,0
DA:3281,0
DA:3282,0
DA:3290,0
DA:3291,0
DA:3299,0
DA:3300,0
DA:3308,0
DA:3309,0
DA:3319,0
DA:3323,0
DA:3336,0
DA:3337,0
DA:3350,0
DA:3351,0
DA:3356,0
DA:3357,0
DA:3359,0
DA:3369,0
DA:3370,0
DA:3371,0
DA:3372,0
DA:3383,0
DA:3384,0
DA:3385,0
DA:3386,0
DA:3388,0
DA:3389,0
DA:3391,0
DA:3392,0
DA:3393,0
DA:3395,0
DA:3396,0
DA:3397,0
DA:3399,0
DA:3400,0
DA:3403,0
DA:3411,0
DA:3412,0
DA:3413,0
DA:3414,0
DA:3425,0
DA:3426,0
DA:3427,0
DA:3428,0
DA:3429,0
DA:3434,0
DA:3435,0
DA:3436,0
DA:3448,0
DA:3449,0
DA:3457,0
DA:3458,0
DA:3467,0
DA:3468,0
DA:3476,0
DA:3477,0
DA:3485,0
DA:3486,0
DA:3494,0
DA:3495,0
DA:3502,0
DA:3515,0
DA:3516,0
DA:3529,0
DA:3530,0
DA:3534,0
DA:3535,0
DA:3537,0
DA:3547,0
DA:3548,0
DA:3549,0
DA:3550,0
DA:3561,0
DA:3562,0
DA:3563,0
DA:3564,0
DA:3566,0
DA:3567,0
DA:3569,0
DA:3570,0
DA:3571,0
DA:3573,0
DA:3574,0
DA:3577,0
DA:3585,0
DA:3586,0
DA:3587,0
DA:3588,0
DA:3599,0
DA:3600,0
DA:3601,0
DA:3602,0
DA:3603,0
DA:3615,0
DA:3616,0
DA:3624,0
DA:3625,0
DA:3635,0
DA:3639,0
DA:3652,0
DA:3653,0
DA:3666,0
DA:3667,0
DA:3672,0
DA:3673,0
DA:3675,0
DA:3685,0
DA:3686,0
DA:3687,0
DA:3688,0
DA:3699,0
DA:3700,0
DA:3701,0
DA:3702,0
DA:3704,0
DA:3705,0
DA:3707,0
DA:3708,0
DA:3709,0
DA:3710,0
DA:3712,0
DA:3713,0
DA:3716,0
DA:3724,0
DA:3725,0
DA:3726,0
DA:3727,0
DA:3738,0
DA:3739,0
DA:3740,0
DA:3741,0
DA:3742,0
DA:3755,0
DA:3756,0
DA:3765,0
DA:3766,0
DA:3775,0
DA:3776,0
DA:3784,0
DA:3785,0
DA:3792,0
DA:3805,0
DA:3806,0
DA:3819,0
DA:3820,0
DA:3824,0
DA:3825,0
DA:3827,0
DA:3837,0
DA:3838,0
DA:3839,0
DA:3840,0
DA:3851,0
DA:3852,0
DA:3853,0
DA:3854,0
DA:3856,0
DA:3857,0
DA:3859,0
DA:3860,0
DA:3861,0
DA:3863,0
DA:3864,0
DA:3867,0
DA:3875,0
DA:3876,0
DA:3877,0
DA:3878,0
DA:3889,0
DA:3890,0
DA:3891,0
DA:3892,0
DA:3893,0
DA:3905,0
DA:3906,0
DA:3914,0
DA:3915,0
DA:3925,0
DA:3929,0
DA:3942,0
DA:3943,0
DA:3956,0
DA:3957,0
DA:3964,0
DA:3965,0
DA:3967,0
DA:3977,0
DA:3978,0
DA:3979,0
DA:3980,0
DA:3991,0
DA:3992,0
DA:3993,0
DA:3994,0
DA:3996,0
DA:3997,0
DA:3999,0
DA:4000,0
DA:4001,0
DA:4002,0
DA:4004,0
DA:4005,0
DA:4006,0
DA:4008,0
DA:4009,0
DA:4010,0
DA:4012,0
DA:4013,0
DA:4016,0
DA:4024,0
DA:4025,0
DA:4026,0
DA:4027,0
DA:4038,0
DA:4039,0
DA:4040,0
DA:4041,0
DA:4042,0
DA:4048,0
DA:4049,0
DA:4050,0
DA:4055,0
DA:4056,0
DA:4057,0
DA:4069,0
DA:4070,0
DA:4079,0
DA:4080,0
DA:4089,0
DA:4090,0
DA:4098,0
DA:4099,0
DA:4107,0
DA:4108,0
DA:4116,0
DA:4117,0
DA:4126,0
DA:4127,0
DA:4135,0
DA:4136,0
DA:4144,0
DA:4145,0
DA:4153,0
DA:4154,0
DA:4161,0
DA:4174,0
DA:4175,0
DA:4188,0
DA:4189,0
DA:4195,0
DA:4196,0
DA:4198,0
DA:4208,0
DA:4209,0
DA:4210,0
DA:4211,0
DA:4222,0
DA:4223,0
DA:4224,0
DA:4225,0
DA:4227,0
DA:4228,0
DA:4230,0
DA:4231,0
DA:4232,0
DA:4234,0
DA:4235,0
DA:4236,0
DA:4238,0
DA:4239,0
DA:4240,0
DA:4242,0
DA:4243,0
DA:4246,0
DA:4254,0
DA:4255,0
DA:4256,0
DA:4257,0
DA:4268,0
DA:4269,0
DA:4270,0
DA:4271,0
DA:4272,0
DA:4277,0
DA:4278,0
DA:4279,0
DA:4284,0
DA:4285,0
DA:4286,0
DA:4298,0
DA:4299,0
DA:4307,0
DA:4308,0
DA:4316,0
DA:4317,0
DA:4325,0
DA:4326,0
DA:4334,0
DA:4335,0
DA:4343,0
DA:4344,0
DA:4348,0
LF:1247
LH:0
BRDA:17,0,0,0
BRDA:17,0,1,0
BRDA:17,0,2,0
BRDA:17,0,3,0
BRDA:17,0,4,0
BRDA:17,0,5,0
BRDA:17,0,6,0
BRDA:17,0,7,0
BRDA:17,0,8,0
BRDA:17,0,9,0
BRDA:57,1,0,0
BRDA:57,1,1,0
BRDA:57,2,0,0
BRDA:57,2,1,0
BRDA:78,3,0,0
BRDA:78,3,1,0
BRDA:78,4,0,0
BRDA:78,4,1,0
BRDA:99,5,0,0
BRDA:99,5,1,0
BRDA:99,6,0,0
BRDA:99,6,1,0
BRDA:120,7,0,0
BRDA:120,7,1,0
BRDA:120,8,0,0
BRDA:120,8,1,0
BRDA:141,9,0,0
BRDA:141,9,1,0
BRDA:141,10,0,0
BRDA:141,10,1,0
BRDA:162,11,0,0
BRDA:162,11,1,0
BRDA:162,12,0,0
BRDA:162,12,1,0
BRDA:183,13,0,0
BRDA:183,13,1,0
BRDA:183,14,0,0
BRDA:183,14,1,0
BRDA:204,15,0,0
BRDA:204,15,1,0
BRDA:204,16,0,0
BRDA:204,16,1,0
BRDA:225,17,0,0
BRDA:225,17,1,0
BRDA:225,18,0,0
BRDA:225,18,1,0
BRDA:246,19,0,0
BRDA:246,19,1,0
BRDA:246,20,0,0
BRDA:246,20,1,0
BRDA:267,21,0,0
BRDA:267,21,1,0
BRDA:267,22,0,0
BRDA:267,22,1,0
BRDA:288,23,0,0
BRDA:288,23,1,0
BRDA:288,24,0,0
BRDA:288,24,1,0
BRDA:309,25,0,0
BRDA:309,25,1,0
BRDA:309,26,0,0
BRDA:309,26,1,0
BRDA:330,27,0,0
BRDA:330,27,1,0
BRDA:330,28,0,0
BRDA:330,28,1,0
BRDA:351,29,0,0
BRDA:351,29,1,0
BRDA:351,30,0,0
BRDA:351,30,1,0
BRDA:372,31,0,0
BRDA:372,31,1,0
BRDA:372,32,0,0
BRDA:372,32,1,0
BRDA:393,33,0,0
BRDA:393,33,1,0
BRDA:393,34,0,0
BRDA:393,34,1,0
BRDA:414,35,0,0
BRDA:414,35,1,0
BRDA:414,36,0,0
BRDA:414,36,1,0
BRDA:435,37,0,0
BRDA:435,37,1,0
BRDA:435,38,0,0
BRDA:435,38,1,0
BRDA:445,39,0,0
BRDA:445,39,1,0
BRDA:478,40,0,0
BRDA:478,40,1,0
BRDA:481,41,0,0
BRDA:481,41,1,0
BRDA:510,42,0,0
BRDA:510,42,1,0
BRDA:514,43,0,0
BRDA:514,43,1,0
BRDA:514,43,2,0
BRDA:514,43,3,0
BRDA:514,43,4,0
BRDA:514,43,5,0
BRDA:566,44,0,0
BRDA:566,44,1,0
BRDA:573,45,0,0
BRDA:573,45,1,0
BRDA:580,46,0,0
BRDA:580,46,1,0
BRDA:587,47,0,0
BRDA:587,47,1,0
BRDA:594,48,0,0
BRDA:594,48,1,0
BRDA:740,49,0,0
BRDA:740,49,1,0
BRDA:771,50,0,0
BRDA:771,50,1,0
BRDA:774,51,0,0
BRDA:774,51,1,0
BRDA:803,52,0,0
BRDA:803,52,1,0
BRDA:807,53,0,0
BRDA:807,53,1,0
BRDA:807,53,2,0
BRDA:807,53,3,0
BRDA:852,54,0,0
BRDA:852,54,1,0
BRDA:859,55,0,0
BRDA:859,55,1,0
BRDA:866,56,0,0
BRDA:866,56,1,0
BRDA:866,57,0,0
BRDA:866,57,1,0
BRDA:934,58,0,0
BRDA:934,58,1,0
BRDA:963,59,0,0
BRDA:963,59,1,0
BRDA:969,60,0,0
BRDA:969,60,1,0
BRDA:998,61,0,0
BRDA:998,61,1,0
BRDA:1002,62,0,0
BRDA:1002,62,1,0
BRDA:1002,62,2,0
BRDA:1002,62,3,0
BRDA:1002,62,4,0
BRDA:1050,63,0,0
BRDA:1050,63,1,0
BRDA:1058,64,0,0
BRDA:1058,64,1,0
BRDA:1065,65,0,0
BRDA:1065,65,1,0
BRDA:1072,66,0,0
BRDA:1072,66,1,0
BRDA:1182,67,0,0
BRDA:1182,67,1,0
BRDA:1211,68,0,0
BRDA:1211,68,1,0
BRDA:1215,69,0,0
BRDA:1215,69,1,0
BRDA:1218,70,0,0
BRDA:1218,70,1,0
BRDA:1247,71,0,0
BRDA:1247,71,1,0
BRDA:1251,72,0,0
BRDA:1251,72,1,0
BRDA:1251,72,2,0
BRDA:1251,72,3,0
BRDA:1251,72,4,0
BRDA:1251,72,5,0
BRDA:1303,73,0,0
BRDA:1303,73,1,0
BRDA:1311,74,0,0
BRDA:1311,74,1,0
BRDA:1318,75,0,0
BRDA:1318,75,1,0
BRDA:1325,76,0,0
BRDA:1325,76,1,0
BRDA:1332,77,0,0
BRDA:1332,77,1,0
BRDA:1470,78,0,0
BRDA:1470,78,1,0
BRDA:1503,79,0,0
BRDA:1503,79,1,0
BRDA:1538,80,0,0
BRDA:1538,80,1,0
BRDA:1541,81,0,0
BRDA:1541,81,1,0
BRDA:1570,82,0,0
BRDA:1570,82,1,0
BRDA:1574,83,0,0
BRDA:1574,83,1,0
BRDA:1574,83,2,0
BRDA:1574,83,3,0
BRDA:1574,83,4,0
BRDA:1574,83,5,0
BRDA:1574,83,6,0
BRDA:1632,84,0,0
BRDA:1632,84,1,0
BRDA:1639,85,0,0
BRDA:1639,85,1,0
BRDA:1646,86,0,0
BRDA:1646,86,1,0
BRDA:1653,87,0,0
BRDA:1653,87,1,0
BRDA:1661,88,0,0
BRDA:1661,88,1,0
BRDA:1668,89,0,0
BRDA:1668,89,1,0
BRDA:1668,90,0,0
BRDA:1668,90,1,0
BRDA:1810,91,0,0
BRDA:1810,91,1,0
BRDA:1845,92,0,0
BRDA:1845,92,1,0
BRDA:1874,93,0,0
BRDA:1874,93,1,0
BRDA:1878,94,0,0
BRDA:1878,94,1,0
BRDA:1878,94,2,0
BRDA:1878,94,3,0
BRDA:1878,94,4,0
BRDA:1925,95,0,0
BRDA:1925,95,1,0
BRDA:1932,96,0,0
BRDA:1932,96,1,0
BRDA:1939,97,0,0
BRDA:1939,97,1,0
BRDA:1946,98,0,0
BRDA:1946,98,1,0
BRDA:2030,99,0,0
BRDA:2030,99,1,0
BRDA:2065,100,0,0
BRDA:2065,100,1,0
BRDA:2094,101,0,0
BRDA:2094,101,1,0
BRDA:2098,102,0,0
BRDA:2098,102,1,0
BRDA:2098,102,2,0
BRDA:2098,102,3,0
BRDA:2098,102,4,0
BRDA:2145,103,0,0
BRDA:2145,103,1,0
BRDA:2152,104,0,0
BRDA:2152,104,1,0
BRDA:2159,105,0,0
BRDA:2159,105,1,0
BRDA:2166,106,0,0
BRDA:2166,106,1,0
BRDA:2274,107,0,0
BRDA:2274,107,1,0
BRDA:2309,108,0,0
BRDA:2309,108,1,0
BRDA:2338,109,0,0
BRDA:2338,109,1,0
BRDA:2342,110,0,0
BRDA:2342,110,1,0
BRDA:2342,110,2,0
BRDA:2342,110,3,0
BRDA:2342,110,4,0
BRDA:2389,111,0,0
BRDA:2389,111,1,0
BRDA:2396,112,0,0
BRDA:2396,112,1,0
BRDA:2403,113,0,0
BRDA:2403,113,1,0
BRDA:2410,114,0,0
BRDA:2410,114,1,0
BRDA:2501,115,0,0
BRDA:2501,115,1,0
BRDA:2534,116,0,0
BRDA:2534,116,1,0
BRDA:2563,117,0,0
BRDA:2563,117,1,0
BRDA:2567,118,0,0
BRDA:2567,118,1,0
BRDA:2603,119,0,0
BRDA:2603,119,1,0
BRDA:2661,120,0,0
BRDA:2661,120,1,0
BRDA:2690,121,0,0
BRDA:2690,121,1,0
BRDA:2693,122,0,0
BRDA:2693,122,1,0
BRDA:2722,123,0,0
BRDA:2722,123,1,0
BRDA:2726,124,0,0
BRDA:2726,124,1,0
BRDA:2761,125,0,0
BRDA:2761,125,1,0
BRDA:2784,126,0,0
BRDA:2784,126,1,0
BRDA:2810,127,0,0
BRDA:2810,127,1,0
BRDA:2843,128,0,0
BRDA:2843,128,1,0
BRDA:2872,129,0,0
BRDA:2872,129,1,0
BRDA:2876,130,0,0
BRDA:2876,130,1,0
BRDA:2876,130,2,0
BRDA:2915,131,0,0
BRDA:2915,131,1,0
BRDA:2922,132,0,0
BRDA:2922,132,1,0
BRDA:2977,133,0,0
BRDA:2977,133,1,0
BRDA:3010,134,0,0
BRDA:3010,134,1,0
BRDA:3039,135,0,0
BRDA:3039,135,1,0
BRDA:3043,136,0,0
BRDA:3043,136,1,0
BRDA:3079,137,0,0
BRDA:3079,137,1,0
BRDA:3137,138,0,0
BRDA:3137,138,1,0
BRDA:3166,139,0,0
BRDA:3166,139,1,0
BRDA:3170,140,0,0
BRDA:3170,140,1,0
BRDA:3199,141,0,0
BRDA:3199,141,1,0
BRDA:3203,142,0,0
BRDA:3203,142,1,0
BRDA:3203,142,2,0
BRDA:3242,143,0,0
BRDA:3242,143,1,0
BRDA:3249,144,0,0
BRDA:3249,144,1,0
BRDA:3272,145,0,0
BRDA:3272,145,1,0
BRDA:3323,146,0,0
BRDA:3323,146,1,0
BRDA:3352,147,0,0
BRDA:3352,147,1,0
BRDA:3356,148,0,0
BRDA:3356,148,1,0
BRDA:3385,149,0,0
BRDA:3385,149,1,0
BRDA:3389,150,0,0
BRDA:3389,150,1,0
BRDA:3389,150,2,0
BRDA:3428,151,0,0
BRDA:3428,151,1,0
BRDA:3435,152,0,0
BRDA:3435,152,1,0
BRDA:3458,153,0,0
BRDA:3458,153,1,0
BRDA:3502,154,0,0
BRDA:3502,154,1,0
BRDA:3534,155,0,0
BRDA:3534,155,1,0
BRDA:3563,156,0,0
BRDA:3563,156,1,0
BRDA:3567,157,0,0
BRDA:3567,157,1,0
BRDA:3602,158,0,0
BRDA:3602,158,1,0
BRDA:3639,159,0,0
BRDA:3639,159,1,0
BRDA:3672,160,0,0
BRDA:3672,160,1,0
BRDA:3701,161,0,0
BRDA:3701,161,1,0
BRDA:3705,162,0,0
BRDA:3705,162,1,0
BRDA:3741,163,0,0
BRDA:3741,163,1,0
BRDA:3792,164,0,0
BRDA:3792,164,1,0
BRDA:3824,165,0,0
BRDA:3824,165,1,0
BRDA:3853,166,0,0
BRDA:3853,166,1,0
BRDA:3857,167,0,0
BRDA:3857,167,1,0
BRDA:3892,168,0,0
BRDA:3892,168,1,0
BRDA:3929,169,0,0
BRDA:3929,169,1,0
BRDA:3960,170,0,0
BRDA:3960,170,1,0
BRDA:3964,171,0,0
BRDA:3964,171,1,0
BRDA:3993,172,0,0
BRDA:3993,172,1,0
BRDA:3997,173,0,0
BRDA:3997,173,1,0
BRDA:3997,173,2,0
BRDA:3997,173,3,0
BRDA:4041,174,0,0
BRDA:4041,174,1,0
BRDA:4049,175,0,0
BRDA:4049,175,1,0
BRDA:4056,176,0,0
BRDA:4056,176,1,0
BRDA:4117,177,0,0
BRDA:4117,177,1,0
BRDA:4161,178,0,0
BRDA:4161,178,1,0
BRDA:4195,179,0,0
BRDA:4195,179,1,0
BRDA:4224,180,0,0
BRDA:4224,180,1,0
BRDA:4228,181,0,0
BRDA:4228,181,1,0
BRDA:4228,181,2,0
BRDA:4228,181,3,0
BRDA:4271,182,0,0
BRDA:4271,182,1,0
BRDA:4278,183,0,0
BRDA:4278,183,1,0
BRDA:4285,184,0,0
BRDA:4285,184,1,0
BRF:412
BRH:0
end_of_record
TN:
SF:src/utils/router.js
FN:3,(anonymous_0)
FN:9,(anonymous_1)
FN:11,(anonymous_2)
FN:16,(anonymous_3)
FN:24,(anonymous_4)
FN:26,(anonymous_5)
FN:26,(anonymous_6)
FN:56,(anonymous_7)
FN:60,(anonymous_8)
FN:64,(anonymous_9)
FN:68,(anonymous_10)
FNF:11
FNH:0
FNDA:0,(anonymous_0)
FNDA:0,(anonymous_1)
FNDA:0,(anonymous_2)
FNDA:0,(anonymous_3)
FNDA:0,(anonymous_4)
FNDA:0,(anonymous_5)
FNDA:0,(anonymous_6)
FNDA:0,(anonymous_7)
FNDA:0,(anonymous_8)
FNDA:0,(anonymous_9)
FNDA:0,(anonymous_10)
DA:4,0
DA:5,0
DA:6,0
DA:11,0
DA:12,0
DA:16,0
DA:17,0
DA:21,0
DA:26,0
DA:28,0
DA:29,0
DA:33,0
DA:36,0
DA:37,0
DA:38,0
DA:39,0
DA:40,0
DA:41,0
DA:43,0
DA:45,0
DA:46,0
DA:53,0
DA:56,0
DA:60,0
DA:64,0
DA:68,0
DA:72,0
LF:27
LH:0
BRDA:24,0,0,0
BRDA:26,1,0,0
BRDA:26,1,1,0
BRDA:28,2,0,0
BRDA:28,2,1,0
BRDA:45,3,0,0
BRDA:45,3,1,0
BRF:7
BRH:0
end_of_record
TN:
SF:src/utils/store.js
FN:3,(anonymous_0)
FN:8,(anonymous_1)
FN:12,(anonymous_2)
FN:17,(anonymous_3)
FN:19,(anonymous_4)
FN:20,(anonymous_5)
FN:24,(anonymous_6)
FN:25,(anonymous_7)
FN:44,(anonymous_8)
FN:48,(anonymous_9)
FN:52,(anonymous_10)
FN:59,(anonymous_11)
FNF:12
FNH:0
FNDA:0,(anonymous_0)
FNDA:0,(anonymous_1)
FNDA:0,(anonymous_2)
FNDA:0,(anonymous_3)
FNDA:0,(anonymous_4)
FNDA:0,(anonymous_5)
FNDA:0,(anonymous_6)
FNDA:0,(anonymous_7)
FNDA:0,(anonymous_8)
FNDA:0,(anonymous_9)
FNDA:0,(anonymous_10)
FNDA:0,(anonymous_11)
DA:4,0
DA:5,0
DA:9,0
DA:13,0
DA:14,0
DA:18,0
DA:19,0
DA:20,0
DA:25,0
DA:30,0
DA:40,0
DA:43,0
DA:45,0
DA:49,0
DA:53,0
DA:54,0
DA:60,0
DA:61,0
LF:18
LH:0
BRDA:3,0,0,0
BRF:1
BRH:0
end_of_record
